# JRE version: OpenJDK Runtime Environment (21.0.7) (build 21.0.7+-13880790-b1038.58)
# Java VM: OpenJDK 64-Bit Server VM (21.0.7+-13880790-b1038.58, mixed mode, tiered, compressed oops, compressed class ptrs, g1 gc, windows-amd64)
GC Precious Log:
 CardTable entry size: 512
 Card Set container configuration: InlinePtr #cards 5 size 8 Array Of Cards #cards 12 size 40 Howl #buckets 4 coarsen threshold 1843 Howl Bitmap #cards 512 size 80 coarsen threshold 460 Card regions per heap region 1 cards per card region 2048
 CPUs: 4 total, 4 available
 Memory: 7975M
 Large Page Support: Disabled
 NUMA Support: Disabled
 Compressed Oops: Enabled (32-bit)
 Heap Region Size: 1M
 Heap Min Capacity: 8M
 Heap Initial Capacity: 126M
 Heap Max Capacity: 2G
 Pre-touch: Disabled
 Parallel Workers: 4
 Concurrent Workers: 1
 Concurrent Refinement Workers: 4
 Periodic GC: Disabled
Heap:
 garbage-first heap   total 406528K, used 286136K [0x0000000080000000, 0x0000000100000000)
  region size 1024K, 41 young (41984K), 16 survivors (16384K)
 Metaspace       used 202157K, committed 205184K, reserved 1245184K
  class space    used 26305K, committed 27840K, reserved 1048576K
GC Heap History (20 events):
Event: 34.643 GC heap before
{Heap before GC invocations=49 (full 0):
 garbage-first heap   total 339968K, used 306608K [0x0000000080000000, 0x0000000100000000)
  region size 1024K, 104 young (106496K), 14 survivors (14336K)
 Metaspace       used 163264K, committed 165888K, reserved 1245184K
  class space    used 21094K, committed 22400K, reserved 1048576K
}
Event: 34.672 GC heap after
{Heap after GC invocations=50 (full 0):
 garbage-first heap   total 339968K, used 223601K [0x0000000080000000, 0x0000000100000000)
  region size 1024K, 9 young (9216K), 9 survivors (9216K)
 Metaspace       used 163264K, committed 165888K, reserved 1245184K
  class space    used 21094K, committed 22400K, reserved 1048576K
}
Event: 36.412 GC heap before
{Heap before GC invocations=51 (full 0):
 garbage-first heap   total 375808K, used 311665K [0x0000000080000000, 0x0000000100000000)
  region size 1024K, 94 young (96256K), 9 survivors (9216K)
 Metaspace       used 169691K, committed 172416K, reserved 1245184K
  class space    used 22167K, committed 23488K, reserved 1048576K
}
Event: 36.430 GC heap after
{Heap after GC invocations=52 (full 0):
 garbage-first heap   total 375808K, used 226747K [0x0000000080000000, 0x0000000100000000)
  region size 1024K, 4 young (4096K), 4 survivors (4096K)
 Metaspace       used 169691K, committed 172416K, reserved 1245184K
  class space    used 22167K, committed 23488K, reserved 1048576K
}
Event: 38.735 GC heap before
{Heap before GC invocations=52 (full 0):
 garbage-first heap   total 375808K, used 347579K [0x0000000080000000, 0x0000000100000000)
  region size 1024K, 121 young (123904K), 4 survivors (4096K)
 Metaspace       used 176838K, committed 179584K, reserved 1245184K
  class space    used 23221K, committed 24576K, reserved 1048576K
}
Event: 38.749 GC heap after
{Heap after GC invocations=53 (full 0):
 garbage-first heap   total 375808K, used 228352K [0x0000000080000000, 0x0000000100000000)
  region size 1024K, 10 young (10240K), 10 survivors (10240K)
 Metaspace       used 176838K, committed 179584K, reserved 1245184K
  class space    used 23221K, committed 24576K, reserved 1048576K
}
Event: 39.705 GC heap before
{Heap before GC invocations=53 (full 0):
 garbage-first heap   total 375808K, used 346112K [0x0000000080000000, 0x0000000100000000)
  region size 1024K, 125 young (128000K), 10 survivors (10240K)
 Metaspace       used 176841K, committed 179584K, reserved 1245184K
  class space    used 23221K, committed 24576K, reserved 1048576K
}
Event: 39.722 GC heap after
{Heap after GC invocations=54 (full 0):
 garbage-first heap   total 375808K, used 229406K [0x0000000080000000, 0x0000000100000000)
  region size 1024K, 11 young (11264K), 11 survivors (11264K)
 Metaspace       used 176841K, committed 179584K, reserved 1245184K
  class space    used 23221K, committed 24576K, reserved 1048576K
}
Event: 40.671 GC heap before
{Heap before GC invocations=54 (full 0):
 garbage-first heap   total 375808K, used 333854K [0x0000000080000000, 0x0000000100000000)
  region size 1024K, 115 young (117760K), 11 survivors (11264K)
 Metaspace       used 177465K, committed 180160K, reserved 1245184K
  class space    used 23288K, committed 24640K, reserved 1048576K
}
Event: 40.685 GC heap after
{Heap after GC invocations=55 (full 0):
 garbage-first heap   total 375808K, used 234075K [0x0000000080000000, 0x0000000100000000)
  region size 1024K, 10 young (10240K), 10 survivors (10240K)
 Metaspace       used 177465K, committed 180160K, reserved 1245184K
  class space    used 23288K, committed 24640K, reserved 1048576K
}
Event: 43.504 GC heap before
{Heap before GC invocations=56 (full 0):
 garbage-first heap   total 386048K, used 341595K [0x0000000080000000, 0x0000000100000000)
  region size 1024K, 118 young (120832K), 10 survivors (10240K)
 Metaspace       used 188341K, committed 191232K, reserved 1245184K
  class space    used 24742K, committed 26176K, reserved 1048576K
}
Event: 43.527 GC heap after
{Heap after GC invocations=57 (full 0):
 garbage-first heap   total 386048K, used 233398K [0x0000000080000000, 0x0000000100000000)
  region size 1024K, 11 young (11264K), 11 survivors (11264K)
 Metaspace       used 188341K, committed 191232K, reserved 1245184K
  class space    used 24742K, committed 26176K, reserved 1048576K
}
Event: 48.089 GC heap before
{Heap before GC invocations=57 (full 0):
 garbage-first heap   total 386048K, used 358326K [0x0000000080000000, 0x0000000100000000)
  region size 1024K, 129 young (132096K), 11 survivors (11264K)
 Metaspace       used 192239K, committed 195136K, reserved 1245184K
  class space    used 25053K, committed 26496K, reserved 1048576K
}
Event: 48.113 GC heap after
{Heap after GC invocations=58 (full 0):
 garbage-first heap   total 386048K, used 232606K [0x0000000080000000, 0x0000000100000000)
  region size 1024K, 16 young (16384K), 16 survivors (16384K)
 Metaspace       used 192239K, committed 195136K, reserved 1245184K
  class space    used 25053K, committed 26496K, reserved 1048576K
}
Event: 50.586 GC heap before
{Heap before GC invocations=58 (full 0):
 garbage-first heap   total 386048K, used 348318K [0x0000000080000000, 0x0000000100000000)
  region size 1024K, 129 young (132096K), 16 survivors (16384K)
 Metaspace       used 195731K, committed 198592K, reserved 1245184K
  class space    used 25451K, committed 26880K, reserved 1048576K
}
Event: 50.616 GC heap after
{Heap after GC invocations=59 (full 0):
 garbage-first heap   total 386048K, used 242688K [0x0000000080000000, 0x0000000100000000)
  region size 1024K, 12 young (12288K), 12 survivors (12288K)
 Metaspace       used 195731K, committed 198592K, reserved 1245184K
  class space    used 25451K, committed 26880K, reserved 1048576K
}
Event: 72.756 GC heap before
{Heap before GC invocations=60 (full 0):
 garbage-first heap   total 406528K, used 351232K [0x0000000080000000, 0x0000000100000000)
  region size 1024K, 118 young (120832K), 12 survivors (12288K)
 Metaspace       used 199012K, committed 201984K, reserved 1245184K
  class space    used 25888K, committed 27392K, reserved 1048576K
}
Event: 72.799 GC heap after
{Heap after GC invocations=61 (full 0):
 garbage-first heap   total 406528K, used 251904K [0x0000000080000000, 0x0000000100000000)
  region size 1024K, 11 young (11264K), 11 survivors (11264K)
 Metaspace       used 199012K, committed 201984K, reserved 1245184K
  class space    used 25888K, committed 27392K, reserved 1048576K
}
Event: 76.448 GC heap before
{Heap before GC invocations=61 (full 0):
 garbage-first heap   total 406528K, used 372736K [0x0000000080000000, 0x0000000100000000)
  region size 1024K, 129 young (132096K), 11 survivors (11264K)
 Metaspace       used 202137K, committed 205184K, reserved 1245184K
  class space    used 26305K, committed 27840K, reserved 1048576K
}
Event: 76.505 GC heap after
{Heap after GC invocations=62 (full 0):
 garbage-first heap   total 406528K, used 262584K [0x0000000080000000, 0x0000000100000000)
  region size 1024K, 16 young (16384K), 16 survivors (16384K)
 Metaspace       used 202137K, committed 205184K, reserved 1245184K
  class space    used 26305K, committed 27840K, reserved 1048576K
}

