# JRE version: OpenJDK Runtime Environment (21.0.7) (build 21.0.7+-13880790-b1038.58)
# Java VM: OpenJDK 64-Bit Server VM (21.0.7+-13880790-b1038.58, mixed mode, tiered, compressed oops, compressed class ptrs, g1 gc, windows-amd64)
GC Precious Log:
 CardTable entry size: 512
 Card Set container configuration: InlinePtr #cards 5 size 8 Array Of Cards #cards 12 size 40 Howl #buckets 4 coarsen threshold 1843 Howl Bitmap #cards 512 size 80 coarsen threshold 460 Card regions per heap region 1 cards per card region 2048
 CPUs: 4 total, 4 available
 Memory: 7975M
 Large Page Support: Disabled
 NUMA Support: Disabled
 Compressed Oops: Enabled (32-bit)
 Heap Region Size: 1M
 Heap Min Capacity: 8M
 Heap Initial Capacity: 126M
 Heap Max Capacity: 2G
 Pre-touch: Disabled
 Parallel Workers: 4
 Concurrent Workers: 1
 Concurrent Refinement Workers: 4
 Periodic GC: Disabled
Heap:
 garbage-first heap   total 118784K, used 75776K [0x0000000080000000, 0x0000000100000000)
  region size 1024K, 1 young (1024K), 1 survivors (1024K)
 Metaspace       used 77815K, committed 79616K, reserved 1179648K
  class space    used 10595K, committed 11456K, reserved 1048576K
GC Heap History (20 events):
Event: 8.482 GC heap after
{Heap after GC invocations=19 (full 0):
 garbage-first heap   total 86016K, used 40669K [0x0000000080000000, 0x0000000100000000)
  region size 1024K, 2 young (2048K), 2 survivors (2048K)
 Metaspace       used 58517K, committed 60096K, reserved 1114112K
  class space    used 8012K, committed 8768K, reserved 1048576K
}
Event: 9.110 GC heap before
{Heap before GC invocations=19 (full 0):
 garbage-first heap   total 86016K, used 76509K [0x0000000080000000, 0x0000000100000000)
  region size 1024K, 37 young (37888K), 2 survivors (2048K)
 Metaspace       used 63701K, committed 65280K, reserved 1114112K
  class space    used 8729K, committed 9472K, reserved 1048576K
}
Event: 9.115 GC heap after
{Heap after GC invocations=20 (full 0):
 garbage-first heap   total 86016K, used 41940K [0x0000000080000000, 0x0000000100000000)
  region size 1024K, 3 young (3072K), 3 survivors (3072K)
 Metaspace       used 63701K, committed 65280K, reserved 1114112K
  class space    used 8729K, committed 9472K, reserved 1048576K
}
Event: 9.705 GC heap before
{Heap before GC invocations=20 (full 0):
 garbage-first heap   total 86016K, used 76756K [0x0000000080000000, 0x0000000100000000)
  region size 1024K, 37 young (37888K), 3 survivors (3072K)
 Metaspace       used 68073K, committed 69760K, reserved 1114112K
  class space    used 9419K, committed 10240K, reserved 1048576K
}
Event: 9.711 GC heap after
{Heap after GC invocations=21 (full 0):
 garbage-first heap   total 86016K, used 44288K [0x0000000080000000, 0x0000000100000000)
  region size 1024K, 5 young (5120K), 5 survivors (5120K)
 Metaspace       used 68073K, committed 69760K, reserved 1114112K
  class space    used 9419K, committed 10240K, reserved 1048576K
}
Event: 10.443 GC heap before
{Heap before GC invocations=22 (full 0):
 garbage-first heap   total 86016K, used 75008K [0x0000000080000000, 0x0000000100000000)
  region size 1024K, 35 young (35840K), 5 survivors (5120K)
 Metaspace       used 71376K, committed 73088K, reserved 1114112K
  class space    used 9933K, committed 10752K, reserved 1048576K
}
Event: 10.454 GC heap after
{Heap after GC invocations=23 (full 0):
 garbage-first heap   total 86016K, used 46809K [0x0000000080000000, 0x0000000100000000)
  region size 1024K, 5 young (5120K), 5 survivors (5120K)
 Metaspace       used 71376K, committed 73088K, reserved 1114112K
  class space    used 9933K, committed 10752K, reserved 1048576K
}
Event: 10.912 GC heap before
{Heap before GC invocations=23 (full 0):
 garbage-first heap   total 86016K, used 74457K [0x0000000080000000, 0x0000000100000000)
  region size 1024K, 33 young (33792K), 5 survivors (5120K)
 Metaspace       used 72001K, committed 73728K, reserved 1114112K
  class space    used 9964K, committed 10816K, reserved 1048576K
}
Event: 10.921 GC heap after
{Heap after GC invocations=24 (full 0):
 garbage-first heap   total 103424K, used 50125K [0x0000000080000000, 0x0000000100000000)
  region size 1024K, 5 young (5120K), 5 survivors (5120K)
 Metaspace       used 72001K, committed 73728K, reserved 1114112K
  class space    used 9964K, committed 10816K, reserved 1048576K
}
Event: 11.348 GC heap before
{Heap before GC invocations=24 (full 0):
 garbage-first heap   total 103424K, used 90061K [0x0000000080000000, 0x0000000100000000)
  region size 1024K, 45 young (46080K), 5 survivors (5120K)
 Metaspace       used 72328K, committed 74112K, reserved 1114112K
  class space    used 9964K, committed 10816K, reserved 1048576K
}
Event: 11.354 GC heap after
{Heap after GC invocations=25 (full 0):
 garbage-first heap   total 103424K, used 51090K [0x0000000080000000, 0x0000000100000000)
  region size 1024K, 4 young (4096K), 4 survivors (4096K)
 Metaspace       used 72328K, committed 74112K, reserved 1114112K
  class space    used 9964K, committed 10816K, reserved 1048576K
}
Event: 11.707 GC heap before
{Heap before GC invocations=26 (full 0):
 garbage-first heap   total 103424K, used 92050K [0x0000000080000000, 0x0000000100000000)
  region size 1024K, 44 young (45056K), 4 survivors (4096K)
 Metaspace       used 72402K, committed 74176K, reserved 1114112K
  class space    used 9965K, committed 10816K, reserved 1048576K
}
Event: 11.712 GC heap after
{Heap after GC invocations=27 (full 0):
 garbage-first heap   total 103424K, used 51860K [0x0000000080000000, 0x0000000100000000)
  region size 1024K, 4 young (4096K), 4 survivors (4096K)
 Metaspace       used 72402K, committed 74176K, reserved 1114112K
  class space    used 9965K, committed 10816K, reserved 1048576K
}
Event: 11.941 GC heap before
{Heap before GC invocations=27 (full 0):
 garbage-first heap   total 103424K, used 91796K [0x0000000080000000, 0x0000000100000000)
  region size 1024K, 44 young (45056K), 4 survivors (4096K)
 Metaspace       used 72405K, committed 74176K, reserved 1114112K
  class space    used 9965K, committed 10816K, reserved 1048576K
}
Event: 11.947 GC heap after
{Heap after GC invocations=28 (full 0):
 garbage-first heap   total 103424K, used 51927K [0x0000000080000000, 0x0000000100000000)
  region size 1024K, 4 young (4096K), 4 survivors (4096K)
 Metaspace       used 72405K, committed 74176K, reserved 1114112K
  class space    used 9965K, committed 10816K, reserved 1048576K
}
Event: 12.200 GC heap before
{Heap before GC invocations=28 (full 0):
 garbage-first heap   total 103424K, used 75479K [0x0000000080000000, 0x0000000100000000)
  region size 1024K, 29 young (29696K), 4 survivors (4096K)
 Metaspace       used 72806K, committed 74560K, reserved 1114112K
  class space    used 10020K, committed 10880K, reserved 1048576K
}
Event: 12.207 GC heap after
{Heap after GC invocations=29 (full 0):
 garbage-first heap   total 103424K, used 54362K [0x0000000080000000, 0x0000000100000000)
  region size 1024K, 6 young (6144K), 6 survivors (6144K)
 Metaspace       used 72806K, committed 74560K, reserved 1114112K
  class space    used 10020K, committed 10880K, reserved 1048576K
}
Event: 12.791 GC heap before
{Heap before GC invocations=30 (full 0):
 garbage-first heap   total 107520K, used 103514K [0x0000000080000000, 0x0000000100000000)
  region size 1024K, 41 young (41984K), 6 survivors (6144K)
 Metaspace       used 74915K, committed 76736K, reserved 1179648K
  class space    used 10271K, committed 11136K, reserved 1048576K
}
Event: 12.800 GC heap after
{Heap after GC invocations=31 (full 0):
 garbage-first heap   total 118784K, used 75057K [0x0000000080000000, 0x0000000100000000)
  region size 1024K, 6 young (6144K), 6 survivors (6144K)
 Metaspace       used 74915K, committed 76736K, reserved 1179648K
  class space    used 10271K, committed 11136K, reserved 1048576K
}
Event: 13.239 GC heap before
{Heap before GC invocations=31 (full 0):
 garbage-first heap   total 118784K, used 103729K [0x0000000080000000, 0x0000000100000000)
  region size 1024K, 35 young (35840K), 6 survivors (6144K)
 Metaspace       used 77815K, committed 79616K, reserved 1179648K
  class space    used 10595K, committed 11456K, reserved 1048576K
}

