# JRE version: OpenJDK Runtime Environment (21.0.7) (build 21.0.7+-13880790-b1038.58)
# Java VM: OpenJDK 64-Bit Server VM (21.0.7+-13880790-b1038.58, mixed mode, tiered, compressed oops, compressed class ptrs, g1 gc, windows-amd64)
GC Precious Log:
 CardTable entry size: 512
 Card Set container configuration: InlinePtr #cards 5 size 8 Array Of Cards #cards 12 size 40 Howl #buckets 4 coarsen threshold 1843 Howl Bitmap #cards 512 size 80 coarsen threshold 460 Card regions per heap region 1 cards per card region 2048
 CPUs: 4 total, 4 available
 Memory: 7975M
 Large Page Support: Disabled
 NUMA Support: Disabled
 Compressed Oops: Enabled (32-bit)
 Heap Region Size: 1M
 Heap Min Capacity: 8M
 Heap Initial Capacity: 126M
 Heap Max Capacity: 2G
 Pre-touch: Disabled
 Parallel Workers: 4
 Concurrent Workers: 1
 Concurrent Refinement Workers: 4
 Periodic GC: Disabled
Heap:
 garbage-first heap   total 203776K, used 124514K [0x0000000080000000, 0x0000000100000000)
  region size 1024K, 6 young (6144K), 6 survivors (6144K)
 Metaspace       used 117563K, committed 119808K, reserved 1179648K
  class space    used 16378K, committed 17536K, reserved 1048576K
GC Heap History (20 events):
Event: 18.022 GC heap after
{Heap after GC invocations=40 (full 0):
 garbage-first heap   total 174080K, used 90787K [0x0000000080000000, 0x0000000100000000)
  region size 1024K, 5 young (5120K), 5 survivors (5120K)
 Metaspace       used 92948K, committed 94912K, reserved 1179648K
  class space    used 12647K, committed 13632K, reserved 1048576K
}
Event: 18.763 GC heap before
{Heap before GC invocations=40 (full 0):
 garbage-first heap   total 174080K, used 149155K [0x0000000080000000, 0x0000000100000000)
  region size 1024K, 62 young (63488K), 5 survivors (5120K)
 Metaspace       used 95361K, committed 97344K, reserved 1179648K
  class space    used 13010K, committed 14016K, reserved 1048576K
}
Event: 18.776 GC heap after
{Heap after GC invocations=41 (full 0):
 garbage-first heap   total 174080K, used 95344K [0x0000000080000000, 0x0000000100000000)
  region size 1024K, 8 young (8192K), 8 survivors (8192K)
 Metaspace       used 95361K, committed 97344K, reserved 1179648K
  class space    used 13010K, committed 14016K, reserved 1048576K
}
Event: 19.460 GC heap before
{Heap before GC invocations=41 (full 0):
 garbage-first heap   total 174080K, used 127088K [0x0000000080000000, 0x0000000100000000)
  region size 1024K, 40 young (40960K), 8 survivors (8192K)
 Metaspace       used 97802K, committed 99904K, reserved 1179648K
  class space    used 13351K, committed 14400K, reserved 1048576K
}
Event: 19.471 GC heap after
{Heap after GC invocations=42 (full 0):
 garbage-first heap   total 174080K, used 97542K [0x0000000080000000, 0x0000000100000000)
  region size 1024K, 2 young (2048K), 2 survivors (2048K)
 Metaspace       used 97802K, committed 99904K, reserved 1179648K
  class space    used 13351K, committed 14400K, reserved 1048576K
}
Event: 20.856 GC heap before
{Heap before GC invocations=43 (full 0):
 garbage-first heap   total 174080K, used 155910K [0x0000000080000000, 0x0000000100000000)
  region size 1024K, 58 young (59392K), 2 survivors (2048K)
 Metaspace       used 102350K, committed 104448K, reserved 1179648K
  class space    used 14159K, committed 15232K, reserved 1048576K
}
Event: 20.866 GC heap after
{Heap after GC invocations=44 (full 0):
 garbage-first heap   total 174080K, used 99234K [0x0000000080000000, 0x0000000100000000)
  region size 1024K, 4 young (4096K), 4 survivors (4096K)
 Metaspace       used 102350K, committed 104448K, reserved 1179648K
  class space    used 14159K, committed 15232K, reserved 1048576K
}
Event: 22.170 GC heap before
{Heap before GC invocations=44 (full 0):
 garbage-first heap   total 174080K, used 156578K [0x0000000080000000, 0x0000000100000000)
  region size 1024K, 60 young (61440K), 4 survivors (4096K)
 Metaspace       used 106698K, committed 108800K, reserved 1179648K
  class space    used 14789K, committed 15872K, reserved 1048576K
}
Event: 22.179 GC heap after
{Heap after GC invocations=45 (full 0):
 garbage-first heap   total 174080K, used 100472K [0x0000000080000000, 0x0000000100000000)
  region size 1024K, 7 young (7168K), 7 survivors (7168K)
 Metaspace       used 106698K, committed 108800K, reserved 1179648K
  class space    used 14789K, committed 15872K, reserved 1048576K
}
Event: 23.352 GC heap before
{Heap before GC invocations=45 (full 0):
 garbage-first heap   total 174080K, used 156792K [0x0000000080000000, 0x0000000100000000)
  region size 1024K, 62 young (63488K), 7 survivors (7168K)
 Metaspace       used 110948K, committed 113088K, reserved 1179648K
  class space    used 15447K, committed 16512K, reserved 1048576K
}
Event: 23.363 GC heap after
{Heap after GC invocations=46 (full 0):
 garbage-first heap   total 174080K, used 102607K [0x0000000080000000, 0x0000000100000000)
  region size 1024K, 6 young (6144K), 6 survivors (6144K)
 Metaspace       used 110948K, committed 113088K, reserved 1179648K
  class space    used 15447K, committed 16512K, reserved 1048576K
}
Event: 24.339 GC heap before
{Heap before GC invocations=47 (full 0):
 garbage-first heap   total 174080K, used 157903K [0x0000000080000000, 0x0000000100000000)
  region size 1024K, 60 young (61440K), 6 survivors (6144K)
 Metaspace       used 114556K, committed 116800K, reserved 1179648K
  class space    used 15948K, committed 17024K, reserved 1048576K
}
Event: 24.351 GC heap after
{Heap after GC invocations=48 (full 0):
 garbage-first heap   total 174080K, used 107504K [0x0000000080000000, 0x0000000100000000)
  region size 1024K, 8 young (8192K), 8 survivors (8192K)
 Metaspace       used 114556K, committed 116800K, reserved 1179648K
  class space    used 15948K, committed 17024K, reserved 1048576K
}
Event: 25.026 GC heap before
{Heap before GC invocations=48 (full 0):
 garbage-first heap   total 174080K, used 155632K [0x0000000080000000, 0x0000000100000000)
  region size 1024K, 55 young (56320K), 8 survivors (8192K)
 Metaspace       used 115001K, committed 117248K, reserved 1179648K
  class space    used 15984K, committed 17088K, reserved 1048576K
}
Event: 25.048 GC heap after
{Heap after GC invocations=49 (full 0):
 garbage-first heap   total 174080K, used 114039K [0x0000000080000000, 0x0000000100000000)
  region size 1024K, 7 young (7168K), 7 survivors (7168K)
 Metaspace       used 115001K, committed 117248K, reserved 1179648K
  class space    used 15984K, committed 17088K, reserved 1048576K
}
Event: 30.383 GC heap before
{Heap before GC invocations=49 (full 0):
 garbage-first heap   total 174080K, used 157047K [0x0000000080000000, 0x0000000100000000)
  region size 1024K, 49 young (50176K), 7 survivors (7168K)
 Metaspace       used 117109K, committed 119360K, reserved 1179648K
  class space    used 16286K, committed 17408K, reserved 1048576K
}
Event: 30.425 GC heap after
{Heap after GC invocations=50 (full 0):
 garbage-first heap   total 174080K, used 121856K [0x0000000080000000, 0x0000000100000000)
  region size 1024K, 7 young (7168K), 7 survivors (7168K)
 Metaspace       used 117109K, committed 119360K, reserved 1179648K
  class space    used 16286K, committed 17408K, reserved 1048576K
}
Event: 31.395 GC heap before
{Heap before GC invocations=51 (full 0):
 garbage-first heap   total 203776K, used 155648K [0x0000000080000000, 0x0000000100000000)
  region size 1024K, 40 young (40960K), 7 survivors (7168K)
 Metaspace       used 117111K, committed 119360K, reserved 1179648K
  class space    used 16287K, committed 17408K, reserved 1048576K
}
Event: 31.406 GC heap after
{Heap after GC invocations=52 (full 0):
 garbage-first heap   total 203776K, used 123973K [0x0000000080000000, 0x0000000100000000)
  region size 1024K, 4 young (4096K), 4 survivors (4096K)
 Metaspace       used 117111K, committed 119360K, reserved 1179648K
  class space    used 16287K, committed 17408K, reserved 1048576K
}
Event: 32.808 GC heap before
{Heap before GC invocations=52 (full 0):
 garbage-first heap   total 203776K, used 183365K [0x0000000080000000, 0x0000000100000000)
  region size 1024K, 63 young (64512K), 4 survivors (4096K)
 Metaspace       used 117563K, committed 119808K, reserved 1179648K
  class space    used 16378K, committed 17536K, reserved 1048576K
}

