# JRE version: OpenJDK Runtime Environment (21.0.7) (build 21.0.7+-13880790-b1038.58)
# Java VM: OpenJDK 64-Bit Server VM (21.0.7+-13880790-b1038.58, mixed mode, tiered, compressed oops, compressed class ptrs, g1 gc, windows-amd64)
GC Precious Log:
 CardTable entry size: 512
 Card Set container configuration: InlinePtr #cards 5 size 8 Array Of Cards #cards 12 size 40 Howl #buckets 4 coarsen threshold 1843 Howl Bitmap #cards 512 size 80 coarsen threshold 460 Card regions per heap region 1 cards per card region 2048
 CPUs: 4 total, 4 available
 Memory: 7975M
 Large Page Support: Disabled
 NUMA Support: Disabled
 Compressed Oops: Enabled (32-bit)
 Heap Region Size: 1M
 Heap Min Capacity: 8M
 Heap Initial Capacity: 126M
 Heap Max Capacity: 2G
 Pre-touch: Disabled
 Parallel Workers: 4
 Concurrent Workers: 1
 Concurrent Refinement Workers: 4
 Periodic GC: Disabled
Heap:
 garbage-first heap   total 115712K, used 79335K [0x0000000080000000, 0x0000000100000000)
  region size 1024K, 4 young (4096K), 3 survivors (3072K)
 Metaspace       used 83302K, committed 85056K, reserved 1179648K
  class space    used 11344K, committed 12224K, reserved 1048576K
GC Heap History (20 events):
Event: 12.594 GC heap before
{Heap before GC invocations=19 (full 0):
 garbage-first heap   total 86016K, used 77010K [0x0000000080000000, 0x0000000100000000)
  region size 1024K, 37 young (37888K), 3 survivors (3072K)
 Metaspace       used 67910K, committed 69568K, reserved 1114112K
  class space    used 9404K, committed 10240K, reserved 1048576K
}
Event: 12.604 GC heap after
{Heap after GC invocations=20 (full 0):
 garbage-first heap   total 86016K, used 44322K [0x0000000080000000, 0x0000000100000000)
  region size 1024K, 5 young (5120K), 5 survivors (5120K)
 Metaspace       used 67910K, committed 69568K, reserved 1114112K
  class space    used 9404K, committed 10240K, reserved 1048576K
}
Event: 13.402 GC heap before
{Heap before GC invocations=21 (full 0):
 garbage-first heap   total 86016K, used 75042K [0x0000000080000000, 0x0000000100000000)
  region size 1024K, 35 young (35840K), 5 survivors (5120K)
 Metaspace       used 72912K, committed 74688K, reserved 1114112K
  class space    used 10114K, committed 11008K, reserved 1048576K
}
Event: 13.410 GC heap after
{Heap after GC invocations=22 (full 0):
 garbage-first heap   total 86016K, used 47064K [0x0000000080000000, 0x0000000100000000)
  region size 1024K, 5 young (5120K), 5 survivors (5120K)
 Metaspace       used 72912K, committed 74688K, reserved 1114112K
  class space    used 10114K, committed 11008K, reserved 1048576K
}
Event: 15.377 GC heap before
{Heap before GC invocations=22 (full 0):
 garbage-first heap   total 86016K, used 75736K [0x0000000080000000, 0x0000000100000000)
  region size 1024K, 33 young (33792K), 5 survivors (5120K)
 Metaspace       used 78021K, committed 79744K, reserved 1179648K
  class space    used 10778K, committed 11584K, reserved 1048576K
}
Event: 15.387 GC heap after
{Heap after GC invocations=23 (full 0):
 garbage-first heap   total 103424K, used 50600K [0x0000000080000000, 0x0000000100000000)
  region size 1024K, 5 young (5120K), 5 survivors (5120K)
 Metaspace       used 78021K, committed 79744K, reserved 1179648K
  class space    used 10778K, committed 11584K, reserved 1048576K
}
Event: 16.210 GC heap before
{Heap before GC invocations=23 (full 0):
 garbage-first heap   total 103424K, used 90536K [0x0000000080000000, 0x0000000100000000)
  region size 1024K, 45 young (46080K), 5 survivors (5120K)
 Metaspace       used 78770K, committed 80512K, reserved 1179648K
  class space    used 10810K, committed 11648K, reserved 1048576K
}
Event: 16.220 GC heap after
{Heap after GC invocations=24 (full 0):
 garbage-first heap   total 103424K, used 55115K [0x0000000080000000, 0x0000000100000000)
  region size 1024K, 5 young (5120K), 5 survivors (5120K)
 Metaspace       used 78770K, committed 80512K, reserved 1179648K
  class space    used 10810K, committed 11648K, reserved 1048576K
}
Event: 17.100 GC heap before
{Heap before GC invocations=25 (full 0):
 garbage-first heap   total 103424K, used 91979K [0x0000000080000000, 0x0000000100000000)
  region size 1024K, 41 young (41984K), 5 survivors (5120K)
 Metaspace       used 79012K, committed 80768K, reserved 1179648K
  class space    used 10810K, committed 11648K, reserved 1048576K
}
Event: 17.106 GC heap after
{Heap after GC invocations=26 (full 0):
 garbage-first heap   total 103424K, used 55867K [0x0000000080000000, 0x0000000100000000)
  region size 1024K, 3 young (3072K), 3 survivors (3072K)
 Metaspace       used 79012K, committed 80768K, reserved 1179648K
  class space    used 10810K, committed 11648K, reserved 1048576K
}
Event: 17.529 GC heap before
{Heap before GC invocations=26 (full 0):
 garbage-first heap   total 103424K, used 91707K [0x0000000080000000, 0x0000000100000000)
  region size 1024K, 39 young (39936K), 3 survivors (3072K)
 Metaspace       used 79031K, committed 80768K, reserved 1179648K
  class space    used 10810K, committed 11648K, reserved 1048576K
}
Event: 17.534 GC heap after
{Heap after GC invocations=27 (full 0):
 garbage-first heap   total 103424K, used 55880K [0x0000000080000000, 0x0000000100000000)
  region size 1024K, 3 young (3072K), 3 survivors (3072K)
 Metaspace       used 79031K, committed 80768K, reserved 1179648K
  class space    used 10810K, committed 11648K, reserved 1048576K
}
Event: 17.793 GC heap before
{Heap before GC invocations=27 (full 0):
 garbage-first heap   total 103424K, used 91720K [0x0000000080000000, 0x0000000100000000)
  region size 1024K, 39 young (39936K), 3 survivors (3072K)
 Metaspace       used 79039K, committed 80768K, reserved 1179648K
  class space    used 10811K, committed 11648K, reserved 1048576K
}
Event: 17.798 GC heap after
{Heap after GC invocations=28 (full 0):
 garbage-first heap   total 103424K, used 56771K [0x0000000080000000, 0x0000000100000000)
  region size 1024K, 3 young (3072K), 3 survivors (3072K)
 Metaspace       used 79039K, committed 80768K, reserved 1179648K
  class space    used 10811K, committed 11648K, reserved 1048576K
}
Event: 18.407 GC heap before
{Heap before GC invocations=29 (full 0):
 garbage-first heap   total 103424K, used 101827K [0x0000000080000000, 0x0000000100000000)
  region size 1024K, 36 young (36864K), 3 survivors (3072K)
 Metaspace       used 79511K, committed 81280K, reserved 1179648K
  class space    used 10874K, committed 11776K, reserved 1048576K
}
Event: 18.416 GC heap after
{Heap after GC invocations=30 (full 0):
 garbage-first heap   total 113664K, used 75601K [0x0000000080000000, 0x0000000100000000)
  region size 1024K, 5 young (5120K), 5 survivors (5120K)
 Metaspace       used 79511K, committed 81280K, reserved 1179648K
  class space    used 10874K, committed 11776K, reserved 1048576K
}
Event: 18.751 GC heap before
{Heap before GC invocations=30 (full 0):
 garbage-first heap   total 113664K, used 101201K [0x0000000080000000, 0x0000000100000000)
  region size 1024K, 29 young (29696K), 5 survivors (5120K)
 Metaspace       used 81385K, committed 83200K, reserved 1179648K
  class space    used 11090K, committed 11968K, reserved 1048576K
}
Event: 18.759 GC heap after
{Heap after GC invocations=31 (full 0):
 garbage-first heap   total 113664K, used 78830K [0x0000000080000000, 0x0000000100000000)
  region size 1024K, 3 young (3072K), 3 survivors (3072K)
 Metaspace       used 81385K, committed 83200K, reserved 1179648K
  class space    used 11090K, committed 11968K, reserved 1048576K
}
Event: 19.153 GC heap before
{Heap before GC invocations=31 (full 0):
 garbage-first heap   total 113664K, used 100334K [0x0000000080000000, 0x0000000100000000)
  region size 1024K, 25 young (25600K), 3 survivors (3072K)
 Metaspace       used 83302K, committed 85056K, reserved 1179648K
  class space    used 11344K, committed 12224K, reserved 1048576K
}
Event: 19.156 GC heap after
{Heap after GC invocations=32 (full 0):
 garbage-first heap   total 113664K, used 79335K [0x0000000080000000, 0x0000000100000000)
  region size 1024K, 3 young (3072K), 3 survivors (3072K)
 Metaspace       used 83302K, committed 85056K, reserved 1179648K
  class space    used 11344K, committed 12224K, reserved 1048576K
}

