# JRE version: OpenJDK Runtime Environment (21.0.7) (build 21.0.7+-13880790-b1038.58)
# Java VM: OpenJDK 64-Bit Server VM (21.0.7+-13880790-b1038.58, mixed mode, tiered, compressed oops, compressed class ptrs, g1 gc, windows-amd64)
GC Precious Log:
 CardTable entry size: 512
 Card Set container configuration: InlinePtr #cards 5 size 8 Array Of Cards #cards 12 size 40 Howl #buckets 4 coarsen threshold 1843 Howl Bitmap #cards 512 size 80 coarsen threshold 460 Card regions per heap region 1 cards per card region 2048
 CPUs: 4 total, 4 available
 Memory: 7975M
 Large Page Support: Disabled
 NUMA Support: Disabled
 Compressed Oops: Enabled (32-bit)
 Heap Region Size: 1M
 Heap Min Capacity: 8M
 Heap Initial Capacity: 126M
 Heap Max Capacity: 1994M
 Pre-touch: Disabled
 Parallel Workers: 4
 Concurrent Workers: 1
 Concurrent Refinement Workers: 4
 Periodic GC: Disabled
Heap:
 garbage-first heap   total 151552K, used 60312K [0x0000000083600000, 0x0000000100000000)
  region size 1024K, 13 young (13312K), 3 survivors (3072K)
 Metaspace       used 52402K, committed 52608K, reserved 1114112K
  class space    used 6004K, committed 6080K, reserved 1048576K
GC Heap History (20 events):
Event: 1.826 GC heap before
{Heap before GC invocations=5 (full 0):
 garbage-first heap   total 33792K, used 23987K [0x0000000083600000, 0x0000000100000000)
  region size 1024K, 18 young (18432K), 6 survivors (6144K)
 Metaspace       used 25340K, committed 25600K, reserved 1114112K
  class space    used 2701K, committed 2816K, reserved 1048576K
}
Event: 1.842 GC heap after
{Heap after GC invocations=6 (full 0):
 garbage-first heap   total 37888K, used 18432K [0x0000000083600000, 0x0000000100000000)
  region size 1024K, 3 young (3072K), 3 survivors (3072K)
 Metaspace       used 25340K, committed 25600K, reserved 1114112K
  class space    used 2701K, committed 2816K, reserved 1048576K
}
Event: 2.065 GC heap before
{Heap before GC invocations=6 (full 0):
 garbage-first heap   total 37888K, used 26624K [0x0000000083600000, 0x0000000100000000)
  region size 1024K, 12 young (12288K), 3 survivors (3072K)
 Metaspace       used 27520K, committed 27776K, reserved 1114112K
  class space    used 2983K, committed 3136K, reserved 1048576K
}
Event: 2.072 GC heap after
{Heap after GC invocations=7 (full 0):
 garbage-first heap   total 62464K, used 19807K [0x0000000083600000, 0x0000000100000000)
  region size 1024K, 2 young (2048K), 2 survivors (2048K)
 Metaspace       used 27520K, committed 27776K, reserved 1114112K
  class space    used 2983K, committed 3136K, reserved 1048576K
}
Event: 2.685 GC heap before
{Heap before GC invocations=7 (full 0):
 garbage-first heap   total 62464K, used 45407K [0x0000000083600000, 0x0000000100000000)
  region size 1024K, 27 young (27648K), 2 survivors (2048K)
 Metaspace       used 33225K, committed 33536K, reserved 1114112K
  class space    used 4068K, committed 4224K, reserved 1048576K
}
Event: 2.692 GC heap after
{Heap after GC invocations=8 (full 0):
 garbage-first heap   total 62464K, used 23336K [0x0000000083600000, 0x0000000100000000)
  region size 1024K, 4 young (4096K), 4 survivors (4096K)
 Metaspace       used 33225K, committed 33536K, reserved 1114112K
  class space    used 4068K, committed 4224K, reserved 1048576K
}
Event: 3.008 GC heap before
{Heap before GC invocations=8 (full 0):
 garbage-first heap   total 62464K, used 34600K [0x0000000083600000, 0x0000000100000000)
  region size 1024K, 17 young (17408K), 4 survivors (4096K)
 Metaspace       used 35852K, committed 36096K, reserved 1114112K
  class space    used 4355K, committed 4480K, reserved 1048576K
}
Event: 3.017 GC heap after
{Heap after GC invocations=9 (full 0):
 garbage-first heap   total 62464K, used 25283K [0x0000000083600000, 0x0000000100000000)
  region size 1024K, 2 young (2048K), 2 survivors (2048K)
 Metaspace       used 35852K, committed 36096K, reserved 1114112K
  class space    used 4355K, committed 4480K, reserved 1048576K
}
Event: 3.561 GC heap before
{Heap before GC invocations=10 (full 0):
 garbage-first heap   total 62464K, used 47811K [0x0000000083600000, 0x0000000100000000)
  region size 1024K, 25 young (25600K), 2 survivors (2048K)
 Metaspace       used 42239K, committed 42496K, reserved 1114112K
  class space    used 4995K, committed 5120K, reserved 1048576K
}
Event: 3.567 GC heap after
{Heap after GC invocations=11 (full 0):
 garbage-first heap   total 62464K, used 25948K [0x0000000083600000, 0x0000000100000000)
  region size 1024K, 3 young (3072K), 3 survivors (3072K)
 Metaspace       used 42239K, committed 42496K, reserved 1114112K
  class space    used 4995K, committed 5120K, reserved 1048576K
}
Event: 4.185 GC heap before
{Heap before GC invocations=11 (full 0):
 garbage-first heap   total 62464K, used 49500K [0x0000000083600000, 0x0000000100000000)
  region size 1024K, 27 young (27648K), 3 survivors (3072K)
 Metaspace       used 47059K, committed 47296K, reserved 1114112K
  class space    used 5487K, committed 5568K, reserved 1048576K
}
Event: 4.195 GC heap after
{Heap after GC invocations=12 (full 0):
 garbage-first heap   total 75776K, used 28313K [0x0000000083600000, 0x0000000100000000)
  region size 1024K, 4 young (4096K), 4 survivors (4096K)
 Metaspace       used 47059K, committed 47296K, reserved 1114112K
  class space    used 5487K, committed 5568K, reserved 1048576K
}
Event: 4.776 GC heap before
{Heap before GC invocations=12 (full 0):
 garbage-first heap   total 75776K, used 61081K [0x0000000083600000, 0x0000000100000000)
  region size 1024K, 37 young (37888K), 4 survivors (4096K)
 Metaspace       used 49807K, committed 50048K, reserved 1114112K
  class space    used 5725K, committed 5824K, reserved 1048576K
}
Event: 4.797 GC heap after
{Heap after GC invocations=13 (full 0):
 garbage-first heap   total 75776K, used 36864K [0x0000000083600000, 0x0000000100000000)
  region size 1024K, 5 young (5120K), 5 survivors (5120K)
 Metaspace       used 49807K, committed 50048K, reserved 1114112K
  class space    used 5725K, committed 5824K, reserved 1048576K
}
Event: 5.160 GC heap before
{Heap before GC invocations=13 (full 0):
 garbage-first heap   total 75776K, used 61440K [0x0000000083600000, 0x0000000100000000)
  region size 1024K, 29 young (29696K), 5 survivors (5120K)
 Metaspace       used 52375K, committed 52608K, reserved 1114112K
  class space    used 6001K, committed 6080K, reserved 1048576K
}
Event: 5.175 GC heap after
{Heap after GC invocations=14 (full 0):
 garbage-first heap   total 75776K, used 43008K [0x0000000083600000, 0x0000000100000000)
  region size 1024K, 4 young (4096K), 4 survivors (4096K)
 Metaspace       used 52375K, committed 52608K, reserved 1114112K
  class space    used 6001K, committed 6080K, reserved 1048576K
}
Event: 5.184 GC heap before
{Heap before GC invocations=14 (full 0):
 garbage-first heap   total 75776K, used 44032K [0x0000000083600000, 0x0000000100000000)
  region size 1024K, 6 young (6144K), 4 survivors (4096K)
 Metaspace       used 52380K, committed 52608K, reserved 1114112K
  class space    used 6001K, committed 6080K, reserved 1048576K
}
Event: 5.189 GC heap after
{Heap after GC invocations=15 (full 0):
 garbage-first heap   total 75776K, used 44531K [0x0000000083600000, 0x0000000100000000)
  region size 1024K, 1 young (1024K), 1 survivors (1024K)
 Metaspace       used 52380K, committed 52608K, reserved 1114112K
  class space    used 6001K, committed 6080K, reserved 1048576K
}
Event: 5.264 GC heap before
{Heap before GC invocations=15 (full 0):
 garbage-first heap   total 75776K, used 62963K [0x0000000083600000, 0x0000000100000000)
  region size 1024K, 18 young (18432K), 1 survivors (1024K)
 Metaspace       used 52397K, committed 52608K, reserved 1114112K
  class space    used 6001K, committed 6080K, reserved 1048576K
}
Event: 5.272 GC heap after
{Heap after GC invocations=16 (full 0):
 garbage-first heap   total 151552K, used 52120K [0x0000000083600000, 0x0000000100000000)
  region size 1024K, 3 young (3072K), 3 survivors (3072K)
 Metaspace       used 52397K, committed 52608K, reserved 1114112K
  class space    used 6001K, committed 6080K, reserved 1048576K
}

