# JRE version: OpenJDK Runtime Environment (21.0.7) (build 21.0.7+-13880790-b1038.58)
# Java VM: OpenJDK 64-Bit Server VM (21.0.7+-13880790-b1038.58, mixed mode, tiered, compressed oops, compressed class ptrs, g1 gc, windows-amd64)
GC Precious Log:
 CardTable entry size: 512
 Card Set container configuration: InlinePtr #cards 5 size 8 Array Of Cards #cards 12 size 40 Howl #buckets 4 coarsen threshold 1843 Howl Bitmap #cards 512 size 80 coarsen threshold 460 Card regions per heap region 1 cards per card region 2048
 CPUs: 4 total, 4 available
 Memory: 7975M
 Large Page Support: Disabled
 NUMA Support: Disabled
 Compressed Oops: Enabled (32-bit)
 Heap Region Size: 1M
 Heap Min Capacity: 8M
 Heap Initial Capacity: 126M
 Heap Max Capacity: 2G
 Pre-touch: Disabled
 Parallel Workers: 4
 Concurrent Workers: 1
 Concurrent Refinement Workers: 4
 Periodic GC: Disabled
Heap:
 garbage-first heap   total 442368K, used 423222K [0x0000000080000000, 0x0000000100000000)
  region size 1024K, 246 young (251904K), 14 survivors (14336K)
 Metaspace       used 164706K, committed 167104K, reserved 1245184K
  class space    used 21269K, committed 22720K, reserved 1048576K
GC Heap History (20 events):
Event: 5076.657 GC heap before
{Heap before GC invocations=112 (full 0):
 garbage-first heap   total 433152K, used 406419K [0x0000000080000000, 0x0000000100000000)
  region size 1024K, 237 young (242688K), 18 survivors (18432K)
 Metaspace       used 160672K, committed 163456K, reserved 1245184K
  class space    used 20835K, committed 22720K, reserved 1048576K
}
Event: 5076.697 GC heap after
{Heap after GC invocations=113 (full 0):
 garbage-first heap   total 433152K, used 155313K [0x0000000080000000, 0x0000000100000000)
  region size 1024K, 18 young (18432K), 18 survivors (18432K)
 Metaspace       used 160672K, committed 163456K, reserved 1245184K
  class space    used 20835K, committed 22720K, reserved 1048576K
}
Event: 5543.016 GC heap before
{Heap before GC invocations=113 (full 0):
 garbage-first heap   total 433152K, used 407217K [0x0000000080000000, 0x0000000100000000)
  region size 1024K, 236 young (241664K), 18 survivors (18432K)
 Metaspace       used 160786K, committed 163520K, reserved 1245184K
  class space    used 20836K, committed 22720K, reserved 1048576K
}
Event: 5543.057 GC heap after
{Heap after GC invocations=114 (full 0):
 garbage-first heap   total 433152K, used 148093K [0x0000000080000000, 0x0000000100000000)
  region size 1024K, 15 young (15360K), 15 survivors (15360K)
 Metaspace       used 160786K, committed 163520K, reserved 1245184K
  class space    used 20836K, committed 22720K, reserved 1048576K
}
Event: 5977.346 GC heap before
{Heap before GC invocations=114 (full 0):
 garbage-first heap   total 433152K, used 378493K [0x0000000080000000, 0x0000000100000000)
  region size 1024K, 241 young (246784K), 15 survivors (15360K)
 Metaspace       used 160977K, committed 163648K, reserved 1245184K
  class space    used 20836K, committed 22720K, reserved 1048576K
}
Event: 5977.381 GC heap after
{Heap after GC invocations=115 (full 0):
 garbage-first heap   total 433152K, used 152189K [0x0000000080000000, 0x0000000100000000)
  region size 1024K, 19 young (19456K), 19 survivors (19456K)
 Metaspace       used 160977K, committed 163648K, reserved 1245184K
  class space    used 20836K, committed 22720K, reserved 1048576K
}
Event: 5992.307 GC heap before
{Heap before GC invocations=116 (full 0):
 garbage-first heap   total 433152K, used 406141K [0x0000000080000000, 0x0000000100000000)
  region size 1024K, 240 young (245760K), 19 survivors (19456K)
 Metaspace       used 161094K, committed 163776K, reserved 1245184K
  class space    used 20837K, committed 22720K, reserved 1048576K
}
Event: 5992.350 GC heap after
{Heap after GC invocations=117 (full 0):
 garbage-first heap   total 433152K, used 149693K [0x0000000080000000, 0x0000000100000000)
  region size 1024K, 15 young (15360K), 15 survivors (15360K)
 Metaspace       used 161094K, committed 163776K, reserved 1245184K
  class space    used 20837K, committed 22720K, reserved 1048576K
}
Event: 6275.580 GC heap before
{Heap before GC invocations=117 (full 0):
 garbage-first heap   total 433152K, used 380093K [0x0000000080000000, 0x0000000100000000)
  region size 1024K, 241 young (246784K), 15 survivors (15360K)
 Metaspace       used 161157K, committed 163840K, reserved 1245184K
  class space    used 20837K, committed 22720K, reserved 1048576K
}
Event: 6275.650 GC heap after
{Heap after GC invocations=118 (full 0):
 garbage-first heap   total 433152K, used 146198K [0x0000000080000000, 0x0000000100000000)
  region size 1024K, 17 young (17408K), 17 survivors (17408K)
 Metaspace       used 161157K, committed 163840K, reserved 1245184K
  class space    used 20837K, committed 22720K, reserved 1048576K
}
Event: 6275.904 GC heap before
{Heap before GC invocations=118 (full 0):
 garbage-first heap   total 433152K, used 194326K [0x0000000080000000, 0x0000000100000000)
  region size 1024K, 66 young (67584K), 17 survivors (17408K)
 Metaspace       used 161174K, committed 163840K, reserved 1245184K
  class space    used 20837K, committed 22720K, reserved 1048576K
}
Event: 6275.942 GC heap after
{Heap after GC invocations=119 (full 0):
 garbage-first heap   total 433152K, used 147968K [0x0000000080000000, 0x0000000100000000)
  region size 1024K, 3 young (3072K), 3 survivors (3072K)
 Metaspace       used 161174K, committed 163840K, reserved 1245184K
  class space    used 20837K, committed 22720K, reserved 1048576K
}
Event: 6467.426 GC heap before
{Heap before GC invocations=120 (full 0):
 garbage-first heap   total 433152K, used 431616K [0x0000000080000000, 0x0000000100000000)
  region size 1024K, 223 young (228352K), 3 survivors (3072K)
 Metaspace       used 161311K, committed 163968K, reserved 1245184K
  class space    used 20842K, committed 22720K, reserved 1048576K
}
Event: 6467.440 GC heap after
{Heap after GC invocations=121 (full 0):
 garbage-first heap   total 438272K, used 150411K [0x0000000080000000, 0x0000000100000000)
  region size 1024K, 5 young (5120K), 5 survivors (5120K)
 Metaspace       used 161311K, committed 163968K, reserved 1245184K
  class space    used 20842K, committed 22720K, reserved 1048576K
}
Event: 6475.669 GC heap before
{Heap before GC invocations=121 (full 0):
 garbage-first heap   total 438272K, used 400267K [0x0000000080000000, 0x0000000100000000)
  region size 1024K, 249 young (254976K), 5 survivors (5120K)
 Metaspace       used 161566K, committed 164224K, reserved 1245184K
  class space    used 20888K, committed 22720K, reserved 1048576K
}
Event: 6475.718 GC heap after
{Heap after GC invocations=122 (full 0):
 garbage-first heap   total 438272K, used 160054K [0x0000000080000000, 0x0000000100000000)
  region size 1024K, 16 young (16384K), 16 survivors (16384K)
 Metaspace       used 161566K, committed 164224K, reserved 1245184K
  class space    used 20888K, committed 22720K, reserved 1048576K
}
Event: 6695.363 GC heap before
{Heap before GC invocations=122 (full 0):
 garbage-first heap   total 438272K, used 354614K [0x0000000080000000, 0x0000000100000000)
  region size 1024K, 208 young (212992K), 16 survivors (16384K)
 Metaspace       used 161968K, committed 164608K, reserved 1245184K
  class space    used 20955K, committed 22720K, reserved 1048576K
}
Event: 6695.405 GC heap after
{Heap after GC invocations=123 (full 0):
 garbage-first heap   total 438272K, used 156982K [0x0000000080000000, 0x0000000100000000)
  region size 1024K, 13 young (13312K), 13 survivors (13312K)
 Metaspace       used 161968K, committed 164608K, reserved 1245184K
  class space    used 20955K, committed 22720K, reserved 1048576K
}
Event: 6736.363 GC heap before
{Heap before GC invocations=124 (full 0):
 garbage-first heap   total 438272K, used 426294K [0x0000000080000000, 0x0000000100000000)
  region size 1024K, 247 young (252928K), 13 survivors (13312K)
 Metaspace       used 164377K, committed 166784K, reserved 1245184K
  class space    used 21222K, committed 22720K, reserved 1048576K
}
Event: 6736.386 GC heap after
{Heap after GC invocations=125 (full 0):
 garbage-first heap   total 442368K, used 158006K [0x0000000080000000, 0x0000000100000000)
  region size 1024K, 14 young (14336K), 14 survivors (14336K)
 Metaspace       used 164377K, committed 166784K, reserved 1245184K
  class space    used 21222K, committed 22720K, reserved 1048576K
}

