# JRE version: OpenJDK Runtime Environment (21.0.7) (build 21.0.7+-13880790-b1038.58)
# Java VM: OpenJDK 64-Bit Server VM (21.0.7+-13880790-b1038.58, mixed mode, tiered, compressed oops, compressed class ptrs, g1 gc, windows-amd64)
GC Precious Log:
 CardTable entry size: 512
 Card Set container configuration: InlinePtr #cards 5 size 8 Array Of Cards #cards 12 size 40 Howl #buckets 4 coarsen threshold 1843 Howl Bitmap #cards 512 size 80 coarsen threshold 460 Card regions per heap region 1 cards per card region 2048
 CPUs: 4 total, 4 available
 Memory: 7975M
 Large Page Support: Disabled
 NUMA Support: Disabled
 Compressed Oops: Enabled (32-bit)
 Heap Region Size: 1M
 Heap Min Capacity: 8M
 Heap Initial Capacity: 126M
 Heap Max Capacity: 2G
 Pre-touch: Disabled
 Parallel Workers: 4
 Concurrent Workers: 1
 Concurrent Refinement Workers: 4
 Periodic GC: Disabled
Heap:
 garbage-first heap   total 505856K, used 359936K [0x0000000080000000, 0x0000000100000000)
  region size 1024K, 12 young (12288K), 12 survivors (12288K)
 Metaspace       used 127072K, committed 129344K, reserved 1179648K
  class space    used 17562K, committed 18688K, reserved 1048576K
GC Heap History (20 events):
Event: 33.267 GC heap after
{Heap after GC invocations=60 (full 0):
 garbage-first heap   total 229376K, used 177152K [0x0000000080000000, 0x0000000100000000)
  region size 1024K, 6 young (6144K), 6 survivors (6144K)
 Metaspace       used 120943K, committed 123264K, reserved 1179648K
  class space    used 16716K, committed 17856K, reserved 1048576K
}
Event: 33.366 GC heap before
{Heap before GC invocations=60 (full 0):
 garbage-first heap   total 229376K, used 209920K [0x0000000080000000, 0x0000000100000000)
  region size 1024K, 38 young (38912K), 6 survivors (6144K)
 Metaspace       used 120943K, committed 123264K, reserved 1179648K
  class space    used 16716K, committed 17856K, reserved 1048576K
}
Event: 33.371 GC heap after
{Heap after GC invocations=61 (full 0):
 garbage-first heap   total 362496K, used 186880K [0x0000000080000000, 0x0000000100000000)
  region size 1024K, 5 young (5120K), 5 survivors (5120K)
 Metaspace       used 120943K, committed 123264K, reserved 1179648K
  class space    used 16716K, committed 17856K, reserved 1048576K
}
Event: 33.780 GC heap before
{Heap before GC invocations=62 (full 0):
 garbage-first heap   total 362496K, used 290304K [0x0000000080000000, 0x0000000100000000)
  region size 1024K, 106 young (108544K), 5 survivors (5120K)
 Metaspace       used 120943K, committed 123264K, reserved 1179648K
  class space    used 16716K, committed 17856K, reserved 1048576K
}
Event: 33.793 GC heap after
{Heap after GC invocations=63 (full 0):
 garbage-first heap   total 362496K, used 216576K [0x0000000080000000, 0x0000000100000000)
  region size 1024K, 14 young (14336K), 14 survivors (14336K)
 Metaspace       used 120943K, committed 123264K, reserved 1179648K
  class space    used 16716K, committed 17856K, reserved 1048576K
}
Event: 35.708 GC heap before
{Heap before GC invocations=63 (full 0):
 garbage-first heap   total 362496K, used 300544K [0x0000000080000000, 0x0000000100000000)
  region size 1024K, 96 young (98304K), 14 survivors (14336K)
 Metaspace       used 124781K, committed 127104K, reserved 1179648K
  class space    used 17225K, committed 18368K, reserved 1048576K
}
Event: 35.720 GC heap after
{Heap after GC invocations=64 (full 0):
 garbage-first heap   total 362496K, used 229888K [0x0000000080000000, 0x0000000100000000)
  region size 1024K, 12 young (12288K), 12 survivors (12288K)
 Metaspace       used 124781K, committed 127104K, reserved 1179648K
  class space    used 17225K, committed 18368K, reserved 1048576K
}
Event: 36.426 GC heap before
{Heap before GC invocations=64 (full 0):
 garbage-first heap   total 362496K, used 309760K [0x0000000080000000, 0x0000000100000000)
  region size 1024K, 90 young (92160K), 12 survivors (12288K)
 Metaspace       used 124783K, committed 127104K, reserved 1179648K
  class space    used 17225K, committed 18368K, reserved 1048576K
}
Event: 36.453 GC heap after
{Heap after GC invocations=65 (full 0):
 garbage-first heap   total 362496K, used 249344K [0x0000000080000000, 0x0000000100000000)
  region size 1024K, 12 young (12288K), 12 survivors (12288K)
 Metaspace       used 124783K, committed 127104K, reserved 1179648K
  class space    used 17225K, committed 18368K, reserved 1048576K
}
Event: 37.031 GC heap before
{Heap before GC invocations=66 (full 0):
 garbage-first heap   total 416768K, used 320000K [0x0000000080000000, 0x0000000100000000)
  region size 1024K, 81 young (82944K), 12 survivors (12288K)
 Metaspace       used 124783K, committed 127104K, reserved 1179648K
  class space    used 17225K, committed 18368K, reserved 1048576K
}
Event: 37.068 GC heap after
{Heap after GC invocations=67 (full 0):
 garbage-first heap   total 416768K, used 266240K [0x0000000080000000, 0x0000000100000000)
  region size 1024K, 11 young (11264K), 11 survivors (11264K)
 Metaspace       used 124783K, committed 127104K, reserved 1179648K
  class space    used 17225K, committed 18368K, reserved 1048576K
}
Event: 39.041 GC heap before
{Heap before GC invocations=67 (full 0):
 garbage-first heap   total 416768K, used 358400K [0x0000000080000000, 0x0000000100000000)
  region size 1024K, 101 young (103424K), 11 survivors (11264K)
 Metaspace       used 127020K, committed 129280K, reserved 1179648K
  class space    used 17562K, committed 18688K, reserved 1048576K
}
Event: 39.074 GC heap after
{Heap after GC invocations=68 (full 0):
 garbage-first heap   total 416768K, used 282112K [0x0000000080000000, 0x0000000100000000)
  region size 1024K, 13 young (13312K), 13 survivors (13312K)
 Metaspace       used 127020K, committed 129280K, reserved 1179648K
  class space    used 17562K, committed 18688K, reserved 1048576K
}
Event: 40.008 GC heap before
{Heap before GC invocations=68 (full 0):
 garbage-first heap   total 416768K, used 367104K [0x0000000080000000, 0x0000000100000000)
  region size 1024K, 96 young (98304K), 13 survivors (13312K)
 Metaspace       used 127072K, committed 129344K, reserved 1179648K
  class space    used 17562K, committed 18688K, reserved 1048576K
}
Event: 40.049 GC heap after
{Heap after GC invocations=69 (full 0):
 garbage-first heap   total 416768K, used 302592K [0x0000000080000000, 0x0000000100000000)
  region size 1024K, 12 young (12288K), 12 survivors (12288K)
 Metaspace       used 127072K, committed 129344K, reserved 1179648K
  class space    used 17562K, committed 18688K, reserved 1048576K
}
Event: 40.621 GC heap before
{Heap before GC invocations=70 (full 0):
 garbage-first heap   total 505856K, used 375296K [0x0000000080000000, 0x0000000100000000)
  region size 1024K, 83 young (84992K), 12 survivors (12288K)
 Metaspace       used 127072K, committed 129344K, reserved 1179648K
  class space    used 17562K, committed 18688K, reserved 1048576K
}
Event: 40.649 GC heap after
{Heap after GC invocations=71 (full 0):
 garbage-first heap   total 505856K, used 320000K [0x0000000080000000, 0x0000000100000000)
  region size 1024K, 11 young (11264K), 11 survivors (11264K)
 Metaspace       used 127072K, committed 129344K, reserved 1179648K
  class space    used 17562K, committed 18688K, reserved 1048576K
}
Event: 41.344 GC heap before
{Heap before GC invocations=71 (full 0):
 garbage-first heap   total 505856K, used 438784K [0x0000000080000000, 0x0000000100000000)
  region size 1024K, 127 young (130048K), 11 survivors (11264K)
 Metaspace       used 127072K, committed 129344K, reserved 1179648K
  class space    used 17562K, committed 18688K, reserved 1048576K
}
Event: 41.384 GC heap after
{Heap after GC invocations=72 (full 0):
 garbage-first heap   total 505856K, used 346112K [0x0000000080000000, 0x0000000100000000)
  region size 1024K, 16 young (16384K), 16 survivors (16384K)
 Metaspace       used 127072K, committed 129344K, reserved 1179648K
  class space    used 17562K, committed 18688K, reserved 1048576K
}
Event: 41.617 GC heap before
{Heap before GC invocations=72 (full 0):
 garbage-first heap   total 505856K, used 399360K [0x0000000080000000, 0x0000000100000000)
  region size 1024K, 69 young (70656K), 16 survivors (16384K)
 Metaspace       used 127072K, committed 129344K, reserved 1179648K
  class space    used 17562K, committed 18688K, reserved 1048576K
}

