# JRE version: OpenJDK Runtime Environment (21.0.7) (build 21.0.7+-13880790-b1038.58)
# Java VM: OpenJDK 64-Bit Server VM (21.0.7+-13880790-b1038.58, mixed mode, tiered, compressed oops, compressed class ptrs, g1 gc, windows-amd64)
GC Precious Log:
 CardTable entry size: 512
 Card Set container configuration: InlinePtr #cards 5 size 8 Array Of Cards #cards 12 size 40 Howl #buckets 4 coarsen threshold 1843 Howl Bitmap #cards 512 size 80 coarsen threshold 460 Card regions per heap region 1 cards per card region 2048
 CPUs: 4 total, 4 available
 Memory: 7975M
 Large Page Support: Disabled
 NUMA Support: Disabled
 Compressed Oops: Enabled (32-bit)
 Heap Region Size: 1M
 Heap Min Capacity: 8M
 Heap Initial Capacity: 126M
 Heap Max Capacity: 2G
 Pre-touch: Disabled
 Parallel Workers: 4
 Concurrent Workers: 1
 Concurrent Refinement Workers: 4
 Periodic GC: Disabled
Heap:
 garbage-first heap   total 229376K, used 140019K [0x0000000080000000, 0x0000000100000000)
  region size 1024K, 8 young (8192K), 8 survivors (8192K)
 Metaspace       used 122765K, committed 125120K, reserved 1179648K
  class space    used 17103K, committed 18240K, reserved 1048576K
GC Heap History (20 events):
Event: 25.679 GC heap after
{Heap after GC invocations=47 (full 0):
 garbage-first heap   total 171008K, used 103792K [0x0000000080000000, 0x0000000100000000)
  region size 1024K, 5 young (5120K), 5 survivors (5120K)
 Metaspace       used 112163K, committed 114368K, reserved 1179648K
  class space    used 15599K, committed 16704K, reserved 1048576K
}
Event: 26.278 GC heap before
{Heap before GC invocations=47 (full 0):
 garbage-first heap   total 171008K, used 156016K [0x0000000080000000, 0x0000000100000000)
  region size 1024K, 56 young (57344K), 5 survivors (5120K)
 Metaspace       used 114568K, committed 116800K, reserved 1179648K
  class space    used 15936K, committed 17024K, reserved 1048576K
}
Event: 26.288 GC heap after
{Heap after GC invocations=48 (full 0):
 garbage-first heap   total 171008K, used 108095K [0x0000000080000000, 0x0000000100000000)
  region size 1024K, 7 young (7168K), 7 survivors (7168K)
 Metaspace       used 114568K, committed 116800K, reserved 1179648K
  class space    used 15936K, committed 17024K, reserved 1048576K
}
Event: 26.680 GC heap before
{Heap before GC invocations=48 (full 0):
 garbage-first heap   total 171008K, used 154175K [0x0000000080000000, 0x0000000100000000)
  region size 1024K, 52 young (53248K), 7 survivors (7168K)
 Metaspace       used 115047K, committed 117312K, reserved 1179648K
  class space    used 15985K, committed 17088K, reserved 1048576K
}
Event: 26.691 GC heap after
{Heap after GC invocations=49 (full 0):
 garbage-first heap   total 205824K, used 115439K [0x0000000080000000, 0x0000000100000000)
  region size 1024K, 7 young (7168K), 7 survivors (7168K)
 Metaspace       used 115047K, committed 117312K, reserved 1179648K
  class space    used 15985K, committed 17088K, reserved 1048576K
}
Event: 28.040 GC heap before
{Heap before GC invocations=50 (full 0):
 garbage-first heap   total 205824K, used 183023K [0x0000000080000000, 0x0000000100000000)
  region size 1024K, 74 young (75776K), 7 survivors (7168K)
 Metaspace       used 117026K, committed 119296K, reserved 1179648K
  class space    used 16276K, committed 17408K, reserved 1048576K
}
Event: 28.054 GC heap after
{Heap after GC invocations=51 (full 0):
 garbage-first heap   total 205824K, used 125776K [0x0000000080000000, 0x0000000100000000)
  region size 1024K, 10 young (10240K), 10 survivors (10240K)
 Metaspace       used 117026K, committed 119296K, reserved 1179648K
  class space    used 16276K, committed 17408K, reserved 1048576K
}
Event: 28.570 GC heap before
{Heap before GC invocations=51 (full 0):
 garbage-first heap   total 205824K, used 182096K [0x0000000080000000, 0x0000000100000000)
  region size 1024K, 66 young (67584K), 10 survivors (10240K)
 Metaspace       used 117341K, committed 119616K, reserved 1179648K
  class space    used 16345K, committed 17472K, reserved 1048576K
}
Event: 28.582 GC heap after
{Heap after GC invocations=52 (full 0):
 garbage-first heap   total 205824K, used 126954K [0x0000000080000000, 0x0000000100000000)
  region size 1024K, 5 young (5120K), 5 survivors (5120K)
 Metaspace       used 117341K, committed 119616K, reserved 1179648K
  class space    used 16345K, committed 17472K, reserved 1048576K
}
Event: 28.788 GC heap before
{Heap before GC invocations=52 (full 0):
 garbage-first heap   total 205824K, used 140266K [0x0000000080000000, 0x0000000100000000)
  region size 1024K, 20 young (20480K), 5 survivors (5120K)
 Metaspace       used 117461K, committed 119744K, reserved 1179648K
  class space    used 16368K, committed 17472K, reserved 1048576K
}
Event: 28.793 GC heap after
{Heap after GC invocations=53 (full 0):
 garbage-first heap   total 205824K, used 128135K [0x0000000080000000, 0x0000000100000000)
  region size 1024K, 3 young (3072K), 3 survivors (3072K)
 Metaspace       used 117461K, committed 119744K, reserved 1179648K
  class space    used 16368K, committed 17472K, reserved 1048576K
}
Event: 29.515 GC heap before
{Heap before GC invocations=54 (full 0):
 garbage-first heap   total 217088K, used 188551K [0x0000000080000000, 0x0000000100000000)
  region size 1024K, 61 young (62464K), 3 survivors (3072K)
 Metaspace       used 117669K, committed 119936K, reserved 1179648K
  class space    used 16388K, committed 17536K, reserved 1048576K
}
Event: 29.524 GC heap after
{Heap after GC invocations=55 (full 0):
 garbage-first heap   total 217088K, used 131456K [0x0000000080000000, 0x0000000100000000)
  region size 1024K, 6 young (6144K), 6 survivors (6144K)
 Metaspace       used 117669K, committed 119936K, reserved 1179648K
  class space    used 16388K, committed 17536K, reserved 1048576K
}
Event: 29.994 GC heap before
{Heap before GC invocations=55 (full 0):
 garbage-first heap   total 217088K, used 194944K [0x0000000080000000, 0x0000000100000000)
  region size 1024K, 69 young (70656K), 6 survivors (6144K)
 Metaspace       used 117882K, committed 120192K, reserved 1179648K
  class space    used 16411K, committed 17536K, reserved 1048576K
}
Event: 30.003 GC heap after
{Heap after GC invocations=56 (full 0):
 garbage-first heap   total 217088K, used 132096K [0x0000000080000000, 0x0000000100000000)
  region size 1024K, 5 young (5120K), 5 survivors (5120K)
 Metaspace       used 117882K, committed 120192K, reserved 1179648K
  class space    used 16411K, committed 17536K, reserved 1048576K
}
Event: 30.802 GC heap before
{Heap before GC invocations=56 (full 0):
 garbage-first heap   total 217088K, used 196608K [0x0000000080000000, 0x0000000100000000)
  region size 1024K, 69 young (70656K), 5 survivors (5120K)
 Metaspace       used 120647K, committed 122944K, reserved 1179648K
  class space    used 16767K, committed 17920K, reserved 1048576K
}
Event: 30.811 GC heap after
{Heap after GC invocations=57 (full 0):
 garbage-first heap   total 217088K, used 136399K [0x0000000080000000, 0x0000000100000000)
  region size 1024K, 9 young (9216K), 9 survivors (9216K)
 Metaspace       used 120647K, committed 122944K, reserved 1179648K
  class space    used 16767K, committed 17920K, reserved 1048576K
}
Event: 31.422 GC heap before
{Heap before GC invocations=58 (full 0):
 garbage-first heap   total 229376K, used 193743K [0x0000000080000000, 0x0000000100000000)
  region size 1024K, 66 young (67584K), 9 survivors (9216K)
 Metaspace       used 121380K, committed 123648K, reserved 1179648K
  class space    used 16886K, committed 17984K, reserved 1048576K
}
Event: 31.436 GC heap after
{Heap after GC invocations=59 (full 0):
 garbage-first heap   total 229376K, used 139073K [0x0000000080000000, 0x0000000100000000)
  region size 1024K, 5 young (5120K), 5 survivors (5120K)
 Metaspace       used 121380K, committed 123648K, reserved 1179648K
  class space    used 16886K, committed 17984K, reserved 1048576K
}
Event: 43.475 GC heap before
{Heap before GC invocations=59 (full 0):
 garbage-first heap   total 229376K, used 208705K [0x0000000080000000, 0x0000000100000000)
  region size 1024K, 74 young (75776K), 5 survivors (5120K)
 Metaspace       used 122765K, committed 125120K, reserved 1179648K
  class space    used 17103K, committed 18240K, reserved 1048576K
}

