# JRE version: OpenJDK Runtime Environment (21.0.7) (build 21.0.7+-13880790-b1038.58)
# Java VM: OpenJDK 64-Bit Server VM (21.0.7+-13880790-b1038.58, mixed mode, tiered, compressed oops, compressed class ptrs, g1 gc, windows-amd64)
GC Precious Log:
 CardTable entry size: 512
 Card Set container configuration: InlinePtr #cards 5 size 8 Array Of Cards #cards 12 size 40 Howl #buckets 4 coarsen threshold 1843 Howl Bitmap #cards 512 size 80 coarsen threshold 460 Card regions per heap region 1 cards per card region 2048
 CPUs: 4 total, 4 available
 Memory: 7975M
 Large Page Support: Disabled
 NUMA Support: Disabled
 Compressed Oops: Enabled (32-bit)
 Heap Region Size: 1M
 Heap Min Capacity: 8M
 Heap Initial Capacity: 126M
 Heap Max Capacity: 2G
 Pre-touch: Disabled
 Parallel Workers: 4
 Concurrent Workers: 1
 Concurrent Refinement Workers: 4
 Periodic GC: Disabled
Heap:
 garbage-first heap   total 193536K, used 124000K [0x0000000080000000, 0x0000000100000000)
  region size 1024K, 4 young (4096K), 4 survivors (4096K)
 Metaspace       used 117134K, committed 119424K, reserved 1179648K
  class space    used 16292K, committed 17408K, reserved 1048576K
GC Heap History (20 events):
Event: 19.348 GC heap before
{Heap before GC invocations=38 (full 0):
 garbage-first heap   total 148480K, used 130079K [0x0000000080000000, 0x0000000100000000)
  region size 1024K, 45 young (46080K), 4 survivors (4096K)
 Metaspace       used 93478K, committed 95488K, reserved 1179648K
  class space    used 12734K, committed 13760K, reserved 1048576K
}
Event: 19.356 GC heap after
{Heap after GC invocations=39 (full 0):
 garbage-first heap   total 148480K, used 89983K [0x0000000080000000, 0x0000000100000000)
  region size 1024K, 4 young (4096K), 4 survivors (4096K)
 Metaspace       used 93478K, committed 95488K, reserved 1179648K
  class space    used 12734K, committed 13760K, reserved 1048576K
}
Event: 20.244 GC heap before
{Heap before GC invocations=39 (full 0):
 garbage-first heap   total 148480K, used 135039K [0x0000000080000000, 0x0000000100000000)
  region size 1024K, 48 young (49152K), 4 survivors (4096K)
 Metaspace       used 94765K, committed 96832K, reserved 1179648K
  class space    used 12941K, committed 13952K, reserved 1048576K
}
Event: 20.254 GC heap after
{Heap after GC invocations=40 (full 0):
 garbage-first heap   total 148480K, used 93282K [0x0000000080000000, 0x0000000100000000)
  region size 1024K, 6 young (6144K), 6 survivors (6144K)
 Metaspace       used 94765K, committed 96832K, reserved 1179648K
  class space    used 12941K, committed 13952K, reserved 1048576K
}
Event: 21.809 GC heap before
{Heap before GC invocations=40 (full 0):
 garbage-first heap   total 148480K, used 132194K [0x0000000080000000, 0x0000000100000000)
  region size 1024K, 45 young (46080K), 6 survivors (6144K)
 Metaspace       used 97813K, committed 99904K, reserved 1179648K
  class space    used 13364K, committed 14400K, reserved 1048576K
}
Event: 21.823 GC heap after
{Heap after GC invocations=41 (full 0):
 garbage-first heap   total 148480K, used 95644K [0x0000000080000000, 0x0000000100000000)
  region size 1024K, 2 young (2048K), 2 survivors (2048K)
 Metaspace       used 97813K, committed 99904K, reserved 1179648K
  class space    used 13364K, committed 14400K, reserved 1048576K
}
Event: 24.983 GC heap before
{Heap before GC invocations=42 (full 0):
 garbage-first heap   total 162816K, used 137628K [0x0000000080000000, 0x0000000100000000)
  region size 1024K, 42 young (43008K), 2 survivors (2048K)
 Metaspace       used 101071K, committed 103104K, reserved 1179648K
  class space    used 13952K, committed 14976K, reserved 1048576K
}
Event: 24.988 GC heap after
{Heap after GC invocations=43 (full 0):
 garbage-first heap   total 162816K, used 96467K [0x0000000080000000, 0x0000000100000000)
  region size 1024K, 3 young (3072K), 3 survivors (3072K)
 Metaspace       used 101071K, committed 103104K, reserved 1179648K
  class space    used 13952K, committed 14976K, reserved 1048576K
}
Event: 26.275 GC heap before
{Heap before GC invocations=43 (full 0):
 garbage-first heap   total 162816K, used 149715K [0x0000000080000000, 0x0000000100000000)
  region size 1024K, 55 young (56320K), 3 survivors (3072K)
 Metaspace       used 104897K, committed 107072K, reserved 1179648K
  class space    used 14522K, committed 15616K, reserved 1048576K
}
Event: 26.282 GC heap after
{Heap after GC invocations=44 (full 0):
 garbage-first heap   total 162816K, used 97738K [0x0000000080000000, 0x0000000100000000)
  region size 1024K, 5 young (5120K), 5 survivors (5120K)
 Metaspace       used 104897K, committed 107072K, reserved 1179648K
  class space    used 14522K, committed 15616K, reserved 1048576K
}
Event: 28.128 GC heap before
{Heap before GC invocations=44 (full 0):
 garbage-first heap   total 162816K, used 147914K [0x0000000080000000, 0x0000000100000000)
  region size 1024K, 54 young (55296K), 5 survivors (5120K)
 Metaspace       used 108855K, committed 111104K, reserved 1179648K
  class space    used 15110K, committed 16192K, reserved 1048576K
}
Event: 28.142 GC heap after
{Heap after GC invocations=45 (full 0):
 garbage-first heap   total 162816K, used 100723K [0x0000000080000000, 0x0000000100000000)
  region size 1024K, 7 young (7168K), 7 survivors (7168K)
 Metaspace       used 108855K, committed 111104K, reserved 1179648K
  class space    used 15110K, committed 16192K, reserved 1048576K
}
Event: 29.868 GC heap before
{Heap before GC invocations=46 (full 0):
 garbage-first heap   total 168960K, used 145779K [0x0000000080000000, 0x0000000100000000)
  region size 1024K, 51 young (52224K), 7 survivors (7168K)
 Metaspace       used 112892K, committed 115136K, reserved 1179648K
  class space    used 15708K, committed 16832K, reserved 1048576K
}
Event: 29.886 GC heap after
{Heap after GC invocations=47 (full 0):
 garbage-first heap   total 168960K, used 102636K [0x0000000080000000, 0x0000000100000000)
  region size 1024K, 5 young (5120K), 5 survivors (5120K)
 Metaspace       used 112892K, committed 115136K, reserved 1179648K
  class space    used 15708K, committed 16832K, reserved 1048576K
}
Event: 30.776 GC heap before
{Heap before GC invocations=47 (full 0):
 garbage-first heap   total 168960K, used 153836K [0x0000000080000000, 0x0000000100000000)
  region size 1024K, 55 young (56320K), 5 survivors (5120K)
 Metaspace       used 114658K, committed 116928K, reserved 1179648K
  class space    used 15951K, committed 17088K, reserved 1048576K
}
Event: 30.789 GC heap after
{Heap after GC invocations=48 (full 0):
 garbage-first heap   total 168960K, used 107661K [0x0000000080000000, 0x0000000100000000)
  region size 1024K, 7 young (7168K), 7 survivors (7168K)
 Metaspace       used 114658K, committed 116928K, reserved 1179648K
  class space    used 15951K, committed 17088K, reserved 1048576K
}
Event: 31.763 GC heap before
{Heap before GC invocations=48 (full 0):
 garbage-first heap   total 168960K, used 150669K [0x0000000080000000, 0x0000000100000000)
  region size 1024K, 50 young (51200K), 7 survivors (7168K)
 Metaspace       used 116334K, committed 118592K, reserved 1179648K
  class space    used 16231K, committed 17344K, reserved 1048576K
}
Event: 31.777 GC heap after
{Heap after GC invocations=49 (full 0):
 garbage-first heap   total 168960K, used 115017K [0x0000000080000000, 0x0000000100000000)
  region size 1024K, 7 young (7168K), 7 survivors (7168K)
 Metaspace       used 116334K, committed 118592K, reserved 1179648K
  class space    used 16231K, committed 17344K, reserved 1048576K
}
Event: 32.726 GC heap before
{Heap before GC invocations=50 (full 0):
 garbage-first heap   total 193536K, used 149833K [0x0000000080000000, 0x0000000100000000)
  region size 1024K, 42 young (43008K), 7 survivors (7168K)
 Metaspace       used 117125K, committed 119360K, reserved 1179648K
  class space    used 16291K, committed 17408K, reserved 1048576K
}
Event: 32.742 GC heap after
{Heap after GC invocations=51 (full 0):
 garbage-first heap   total 193536K, used 121856K [0x0000000080000000, 0x0000000100000000)
  region size 1024K, 6 young (6144K), 6 survivors (6144K)
 Metaspace       used 117125K, committed 119360K, reserved 1179648K
  class space    used 16291K, committed 17408K, reserved 1048576K
}

