GC Precious Log:
 CardTable entry size: 512
 Card Set container configuration: InlinePtr #cards 5 size 8 Array Of Cards #cards 12 size 40 Howl #buckets 4 coarsen threshold 1843 Howl Bitmap #cards 512 size 80 coarsen threshold 460 Card regions per heap region 1 cards per card region 2048
 CPUs: 4 total, 4 available
 Memory: 7975M
 Large Page Support: Disabled
 NUMA Support: Disabled
 Compressed Oops: Enabled (32-bit)
 Heap Region Size: 1M
 Heap Min Capacity: 8M
 Heap Initial Capacity: 126M
 Heap Max Capacity: 2G
 Pre-touch: Disabled
 Parallel Workers: 4
 Concurrent Workers: 1
 Concurrent Refinement Workers: 4
 Periodic GC: Disabled
Heap:
 garbage-first heap   total 429056K, used 230632K [0x0000000080000000, 0x0000000100000000)
  region size 1024K, 55 young (56320K), 16 survivors (16384K)
 Metaspace       used 152045K, committed 154560K, reserved 1245184K
  class space    used 20687K, committed 21952K, reserved 1048576K
GC Heap History (20 events):
Event: 778.095 GC heap before
{Heap before GC invocations=80 (full 0):
 garbage-first heap   total 393216K, used 364962K [0x0000000080000000, 0x0000000100000000)
  region size 1024K, 177 young (181248K), 4 survivors (4096K)
 Metaspace       used 149816K, committed 152256K, reserved 1179648K
  class space    used 20566K, committed 21760K, reserved 1048576K
}
Event: 778.103 GC heap after
{Heap after GC invocations=81 (full 0):
 garbage-first heap   total 393216K, used 185400K [0x0000000080000000, 0x0000000100000000)
  region size 1024K, 4 young (4096K), 4 survivors (4096K)
 Metaspace       used 149816K, committed 152256K, reserved 1179648K
  class space    used 20566K, committed 21760K, reserved 1048576K
}
Event: 778.931 GC heap before
{Heap before GC invocations=81 (full 0):
 garbage-first heap   total 393216K, used 367672K [0x0000000080000000, 0x0000000100000000)
  region size 1024K, 182 young (186368K), 4 survivors (4096K)
 Metaspace       used 149835K, committed 152256K, reserved 1179648K
  class space    used 20566K, committed 21760K, reserved 1048576K
}
Event: 778.940 GC heap after
{Heap after GC invocations=82 (full 0):
 garbage-first heap   total 393216K, used 186973K [0x0000000080000000, 0x0000000100000000)
  region size 1024K, 6 young (6144K), 6 survivors (6144K)
 Metaspace       used 149835K, committed 152256K, reserved 1179648K
  class space    used 20566K, committed 21760K, reserved 1048576K
}
Event: 780.386 GC heap before
{Heap before GC invocations=83 (full 0):
 garbage-first heap   total 393216K, used 364125K [0x0000000080000000, 0x0000000100000000)
  region size 1024K, 180 young (184320K), 6 survivors (6144K)
 Metaspace       used 149873K, committed 152320K, reserved 1179648K
  class space    used 20565K, committed 21760K, reserved 1048576K
}
Event: 780.397 GC heap after
{Heap after GC invocations=84 (full 0):
 garbage-first heap   total 393216K, used 191653K [0x0000000080000000, 0x0000000100000000)
  region size 1024K, 10 young (10240K), 10 survivors (10240K)
 Metaspace       used 149873K, committed 152320K, reserved 1179648K
  class space    used 20565K, committed 21760K, reserved 1048576K
}
Event: 781.415 GC heap before
{Heap before GC invocations=84 (full 0):
 garbage-first heap   total 393216K, used 360613K [0x0000000080000000, 0x0000000100000000)
  region size 1024K, 176 young (180224K), 10 survivors (10240K)
 Metaspace       used 149955K, committed 152384K, reserved 1245184K
  class space    used 20565K, committed 21760K, reserved 1048576K
}
Event: 781.437 GC heap after
{Heap after GC invocations=85 (full 0):
 garbage-first heap   total 393216K, used 181206K [0x0000000080000000, 0x0000000100000000)
  region size 1024K, 11 young (11264K), 11 survivors (11264K)
 Metaspace       used 149955K, committed 152384K, reserved 1245184K
  class space    used 20565K, committed 21760K, reserved 1048576K
}
Event: 782.201 GC heap before
{Heap before GC invocations=85 (full 0):
 garbage-first heap   total 393216K, used 263126K [0x0000000080000000, 0x0000000100000000)
  region size 1024K, 93 young (95232K), 11 survivors (11264K)
 Metaspace       used 149996K, committed 152384K, reserved 1245184K
  class space    used 20565K, committed 21760K, reserved 1048576K
}
Event: 782.211 GC heap after
{Heap after GC invocations=86 (full 0):
 garbage-first heap   total 393216K, used 177036K [0x0000000080000000, 0x0000000100000000)
  region size 1024K, 7 young (7168K), 7 survivors (7168K)
 Metaspace       used 149996K, committed 152384K, reserved 1245184K
  class space    used 20565K, committed 21760K, reserved 1048576K
}
Event: 1018.548 GC heap before
{Heap before GC invocations=87 (full 0):
 garbage-first heap   total 393216K, used 392076K [0x0000000080000000, 0x0000000100000000)
  region size 1024K, 143 young (146432K), 7 survivors (7168K)
 Metaspace       used 150434K, committed 152960K, reserved 1245184K
  class space    used 20573K, committed 21824K, reserved 1048576K
}
Event: 1018.570 GC heap after
{Heap after GC invocations=88 (full 0):
 garbage-first heap   total 409600K, used 186326K [0x0000000080000000, 0x0000000100000000)
  region size 1024K, 16 young (16384K), 16 survivors (16384K)
 Metaspace       used 150434K, committed 152960K, reserved 1245184K
  class space    used 20573K, committed 21824K, reserved 1048576K
}
Event: 1060.341 GC heap before
{Heap before GC invocations=88 (full 0):
 garbage-first heap   total 409600K, used 371670K [0x0000000080000000, 0x0000000100000000)
  region size 1024K, 198 young (202752K), 16 survivors (16384K)
 Metaspace       used 150706K, committed 153152K, reserved 1245184K
  class space    used 20599K, committed 21824K, reserved 1048576K
}
Event: 1060.385 GC heap after
{Heap after GC invocations=89 (full 0):
 garbage-first heap   total 409600K, used 186880K [0x0000000080000000, 0x0000000100000000)
  region size 1024K, 21 young (21504K), 21 survivors (21504K)
 Metaspace       used 150706K, committed 153152K, reserved 1245184K
  class space    used 20599K, committed 21824K, reserved 1048576K
}
Event: 1060.764 GC heap before
{Heap before GC invocations=89 (full 0):
 garbage-first heap   total 409600K, used 247296K [0x0000000080000000, 0x0000000100000000)
  region size 1024K, 82 young (83968K), 21 survivors (21504K)
 Metaspace       used 150766K, committed 153280K, reserved 1245184K
  class space    used 20599K, committed 21824K, reserved 1048576K
}
Event: 1060.784 GC heap after
{Heap after GC invocations=90 (full 0):
 garbage-first heap   total 409600K, used 187450K [0x0000000080000000, 0x0000000100000000)
  region size 1024K, 10 young (10240K), 10 survivors (10240K)
 Metaspace       used 150766K, committed 153280K, reserved 1245184K
  class space    used 20599K, committed 21824K, reserved 1048576K
}
Event: 1122.335 GC heap before
{Heap before GC invocations=91 (full 0):
 garbage-first heap   total 409600K, used 407610K [0x0000000080000000, 0x0000000100000000)
  region size 1024K, 152 young (155648K), 10 survivors (10240K)
 Metaspace       used 151110K, committed 153536K, reserved 1245184K
  class space    used 20606K, committed 21824K, reserved 1048576K
}
Event: 1122.359 GC heap after
{Heap after GC invocations=92 (full 0):
 garbage-first heap   total 429056K, used 195642K [0x0000000080000000, 0x0000000100000000)
  region size 1024K, 19 young (19456K), 19 survivors (19456K)
 Metaspace       used 151110K, committed 153536K, reserved 1245184K
  class space    used 20606K, committed 21824K, reserved 1048576K
}
Event: 1141.853 GC heap before
{Heap before GC invocations=92 (full 0):
 garbage-first heap   total 429056K, used 385082K [0x0000000080000000, 0x0000000100000000)
  region size 1024K, 205 young (209920K), 19 survivors (19456K)
 Metaspace       used 151891K, committed 154432K, reserved 1245184K
  class space    used 20675K, committed 21952K, reserved 1048576K
}
Event: 1141.883 GC heap after
{Heap after GC invocations=93 (full 0):
 garbage-first heap   total 429056K, used 191720K [0x0000000080000000, 0x0000000100000000)
  region size 1024K, 16 young (16384K), 16 survivors (16384K)
 Metaspace       used 151891K, committed 154432K, reserved 1245184K
  class space    used 20675K, committed 21952K, reserved 1048576K
}

