# JRE version: OpenJDK Runtime Environment (21.0.7) (build 21.0.7+-13880790-b1038.58)
# Java VM: OpenJDK 64-Bit Server VM (21.0.7+-13880790-b1038.58, mixed mode, tiered, compressed oops, compressed class ptrs, g1 gc, windows-amd64)
GC Precious Log:
 CardTable entry size: 512
 Card Set container configuration: InlinePtr #cards 5 size 8 Array Of Cards #cards 12 size 40 Howl #buckets 4 coarsen threshold 1843 Howl Bitmap #cards 512 size 80 coarsen threshold 460 Card regions per heap region 1 cards per card region 2048
 CPUs: 4 total, 4 available
 Memory: 7975M
 Large Page Support: Disabled
 NUMA Support: Disabled
 Compressed Oops: Enabled (32-bit)
 Heap Region Size: 1M
 Heap Min Capacity: 8M
 Heap Initial Capacity: 126M
 Heap Max Capacity: 2G
 Pre-touch: Disabled
 Parallel Workers: 4
 Concurrent Workers: 1
 Concurrent Refinement Workers: 4
 Periodic GC: Disabled
Heap:
 garbage-first heap   total 301056K, used 233472K [0x0000000080000000, 0x0000000100000000)
  region size 1024K, 16 young (16384K), 8 survivors (8192K)
 Metaspace       used 124663K, committed 126912K, reserved 1179648K
  class space    used 17234K, committed 18368K, reserved 1048576K
GC Heap History (20 events):
Event: 43.293 GC heap before
{Heap before GC invocations=58 (full 0):
 garbage-first heap   total 208896K, used 161923K [0x0000000080000000, 0x0000000100000000)
  region size 1024K, 42 young (43008K), 4 survivors (4096K)
 Metaspace       used 117487K, committed 119744K, reserved 1179648K
  class space    used 16359K, committed 17472K, reserved 1048576K
}
Event: 43.300 GC heap after
{Heap after GC invocations=59 (full 0):
 garbage-first heap   total 208896K, used 125698K [0x0000000080000000, 0x0000000100000000)
  region size 1024K, 5 young (5120K), 5 survivors (5120K)
 Metaspace       used 117487K, committed 119744K, reserved 1179648K
  class space    used 16359K, committed 17472K, reserved 1048576K
}
Event: 44.656 GC heap before
{Heap before GC invocations=59 (full 0):
 garbage-first heap   total 208896K, used 194306K [0x0000000080000000, 0x0000000100000000)
  region size 1024K, 68 young (69632K), 5 survivors (5120K)
 Metaspace       used 118887K, committed 121152K, reserved 1179648K
  class space    used 16460K, committed 17600K, reserved 1048576K
}
Event: 44.666 GC heap after
{Heap after GC invocations=60 (full 0):
 garbage-first heap   total 208896K, used 126549K [0x0000000080000000, 0x0000000100000000)
  region size 1024K, 8 young (8192K), 8 survivors (8192K)
 Metaspace       used 118887K, committed 121152K, reserved 1179648K
  class space    used 16460K, committed 17600K, reserved 1048576K
}
Event: 46.436 GC heap before
{Heap before GC invocations=60 (full 0):
 garbage-first heap   total 208896K, used 186965K [0x0000000080000000, 0x0000000100000000)
  region size 1024K, 68 young (69632K), 8 survivors (8192K)
 Metaspace       used 120364K, committed 122688K, reserved 1179648K
  class space    used 16632K, committed 17792K, reserved 1048576K
}
Event: 46.447 GC heap after
{Heap after GC invocations=61 (full 0):
 garbage-first heap   total 208896K, used 131072K [0x0000000080000000, 0x0000000100000000)
  region size 1024K, 9 young (9216K), 9 survivors (9216K)
 Metaspace       used 120364K, committed 122688K, reserved 1179648K
  class space    used 16632K, committed 17792K, reserved 1048576K
}
Event: 47.137 GC heap before
{Heap before GC invocations=62 (full 0):
 garbage-first heap   total 219136K, used 188416K [0x0000000080000000, 0x0000000100000000)
  region size 1024K, 64 young (65536K), 9 survivors (9216K)
 Metaspace       used 121008K, committed 123264K, reserved 1179648K
  class space    used 16726K, committed 17856K, reserved 1048576K
}
Event: 47.148 GC heap after
{Heap after GC invocations=63 (full 0):
 garbage-first heap   total 219136K, used 139745K [0x0000000080000000, 0x0000000100000000)
  region size 1024K, 8 young (8192K), 8 survivors (8192K)
 Metaspace       used 121008K, committed 123264K, reserved 1179648K
  class space    used 16726K, committed 17856K, reserved 1048576K
}
Event: 47.342 GC heap before
{Heap before GC invocations=63 (full 0):
 garbage-first heap   total 219136K, used 198113K [0x0000000080000000, 0x0000000100000000)
  region size 1024K, 65 young (66560K), 8 survivors (8192K)
 Metaspace       used 121009K, committed 123264K, reserved 1179648K
  class space    used 16726K, committed 17856K, reserved 1048576K
}
Event: 47.356 GC heap after
{Heap after GC invocations=64 (full 0):
 garbage-first heap   total 225280K, used 155136K [0x0000000080000000, 0x0000000100000000)
  region size 1024K, 9 young (9216K), 9 survivors (9216K)
 Metaspace       used 121009K, committed 123264K, reserved 1179648K
  class space    used 16726K, committed 17856K, reserved 1048576K
}
Event: 47.511 GC heap before
{Heap before GC invocations=64 (full 0):
 garbage-first heap   total 225280K, used 202240K [0x0000000080000000, 0x0000000100000000)
  region size 1024K, 55 young (56320K), 9 survivors (9216K)
 Metaspace       used 121009K, committed 123264K, reserved 1179648K
  class space    used 16726K, committed 17856K, reserved 1048576K
}
Event: 47.517 GC heap after
{Heap after GC invocations=65 (full 0):
 garbage-first heap   total 226304K, used 169472K [0x0000000080000000, 0x0000000100000000)
  region size 1024K, 7 young (7168K), 7 survivors (7168K)
 Metaspace       used 121009K, committed 123264K, reserved 1179648K
  class space    used 16726K, committed 17856K, reserved 1048576K
}
Event: 47.651 GC heap before
{Heap before GC invocations=65 (full 0):
 garbage-first heap   total 226304K, used 205312K [0x0000000080000000, 0x0000000100000000)
  region size 1024K, 42 young (43008K), 7 survivors (7168K)
 Metaspace       used 121009K, committed 123264K, reserved 1179648K
  class space    used 16726K, committed 17856K, reserved 1048576K
}
Event: 47.656 GC heap after
{Heap after GC invocations=66 (full 0):
 garbage-first heap   total 287744K, used 179712K [0x0000000080000000, 0x0000000100000000)
  region size 1024K, 6 young (6144K), 6 survivors (6144K)
 Metaspace       used 121009K, committed 123264K, reserved 1179648K
  class space    used 16726K, committed 17856K, reserved 1048576K
}
Event: 47.958 GC heap before
{Heap before GC invocations=67 (full 0):
 garbage-first heap   total 301056K, used 249344K [0x0000000080000000, 0x0000000100000000)
  region size 1024K, 74 young (75776K), 6 survivors (6144K)
 Metaspace       used 121009K, committed 123264K, reserved 1179648K
  class space    used 16726K, committed 17856K, reserved 1048576K
}
Event: 47.970 GC heap after
{Heap after GC invocations=68 (full 0):
 garbage-first heap   total 301056K, used 199680K [0x0000000080000000, 0x0000000100000000)
  region size 1024K, 10 young (10240K), 10 survivors (10240K)
 Metaspace       used 121009K, committed 123264K, reserved 1179648K
  class space    used 16726K, committed 17856K, reserved 1048576K
}
Event: 48.224 GC heap before
{Heap before GC invocations=68 (full 0):
 garbage-first heap   total 301056K, used 263168K [0x0000000080000000, 0x0000000100000000)
  region size 1024K, 72 young (73728K), 10 survivors (10240K)
 Metaspace       used 121009K, committed 123264K, reserved 1179648K
  class space    used 16726K, committed 17856K, reserved 1048576K
}
Event: 48.232 GC heap after
{Heap after GC invocations=69 (full 0):
 garbage-first heap   total 301056K, used 216576K [0x0000000080000000, 0x0000000100000000)
  region size 1024K, 9 young (9216K), 9 survivors (9216K)
 Metaspace       used 121009K, committed 123264K, reserved 1179648K
  class space    used 16726K, committed 17856K, reserved 1048576K
}
Event: 49.150 GC heap before
{Heap before GC invocations=69 (full 0):
 garbage-first heap   total 301056K, used 267776K [0x0000000080000000, 0x0000000100000000)
  region size 1024K, 59 young (60416K), 9 survivors (9216K)
 Metaspace       used 123880K, committed 126080K, reserved 1179648K
  class space    used 17139K, committed 18240K, reserved 1048576K
}
Event: 49.156 GC heap after
{Heap after GC invocations=70 (full 0):
 garbage-first heap   total 301056K, used 226304K [0x0000000080000000, 0x0000000100000000)
  region size 1024K, 8 young (8192K), 8 survivors (8192K)
 Metaspace       used 123880K, committed 126080K, reserved 1179648K
  class space    used 17139K, committed 18240K, reserved 1048576K
}

