# JRE version: OpenJDK Runtime Environment (21.0.7) (build 21.0.7+-13880790-b1038.58)
# Java VM: OpenJDK 64-Bit Server VM (21.0.7+-13880790-b1038.58, mixed mode, tiered, compressed oops, compressed class ptrs, g1 gc, windows-amd64)
GC Precious Log:
 CardTable entry size: 512
 Card Set container configuration: InlinePtr #cards 5 size 8 Array Of Cards #cards 12 size 40 Howl #buckets 4 coarsen threshold 1843 Howl Bitmap #cards 512 size 80 coarsen threshold 460 Card regions per heap region 1 cards per card region 2048
 CPUs: 4 total, 4 available
 Memory: 7975M
 Large Page Support: Disabled
 NUMA Support: Disabled
 Compressed Oops: Enabled (32-bit)
 Heap Region Size: 1M
 Heap Min Capacity: 8M
 Heap Initial Capacity: 126M
 Heap Max Capacity: 2G
 Pre-touch: Disabled
 Parallel Workers: 4
 Concurrent Workers: 1
 Concurrent Refinement Workers: 4
 Periodic GC: Disabled
Heap:
 garbage-first heap   total 311296K, used 262006K [0x0000000080000000, 0x0000000100000000)
  region size 1024K, 98 young (100352K), 9 survivors (9216K)
 Metaspace       used 133548K, committed 135936K, reserved 1179648K
  class space    used 18085K, committed 19264K, reserved 1048576K
GC Heap History (20 events):
Event: 19.901 GC heap before
{Heap before GC invocations=46 (full 0):
 garbage-first heap   total 171008K, used 151082K [0x0000000080000000, 0x0000000100000000)
  region size 1024K, 53 young (54272K), 5 survivors (5120K)
 Metaspace       used 113368K, committed 115584K, reserved 1179648K
  class space    used 15772K, committed 16832K, reserved 1048576K
}
Event: 19.913 GC heap after
{Heap after GC invocations=47 (full 0):
 garbage-first heap   total 171008K, used 106129K [0x0000000080000000, 0x0000000100000000)
  region size 1024K, 7 young (7168K), 7 survivors (7168K)
 Metaspace       used 113368K, committed 115584K, reserved 1179648K
  class space    used 15772K, committed 16832K, reserved 1048576K
}
Event: 20.642 GC heap before
{Heap before GC invocations=47 (full 0):
 garbage-first heap   total 171008K, used 153233K [0x0000000080000000, 0x0000000100000000)
  region size 1024K, 54 young (55296K), 7 survivors (7168K)
 Metaspace       used 115490K, committed 117760K, reserved 1179648K
  class space    used 16090K, committed 17216K, reserved 1048576K
}
Event: 20.656 GC heap after
{Heap after GC invocations=48 (full 0):
 garbage-first heap   total 171008K, used 112088K [0x0000000080000000, 0x0000000100000000)
  region size 1024K, 7 young (7168K), 7 survivors (7168K)
 Metaspace       used 115490K, committed 117760K, reserved 1179648K
  class space    used 16090K, committed 17216K, reserved 1048576K
}
Event: 21.221 GC heap before
{Heap before GC invocations=48 (full 0):
 garbage-first heap   total 171008K, used 154072K [0x0000000080000000, 0x0000000100000000)
  region size 1024K, 48 young (49152K), 7 survivors (7168K)
 Metaspace       used 115729K, committed 118016K, reserved 1179648K
  class space    used 16098K, committed 17216K, reserved 1048576K
}
Event: 21.234 GC heap after
{Heap after GC invocations=49 (full 0):
 garbage-first heap   total 205824K, used 117557K [0x0000000080000000, 0x0000000100000000)
  region size 1024K, 6 young (6144K), 6 survivors (6144K)
 Metaspace       used 115729K, committed 118016K, reserved 1179648K
  class space    used 16098K, committed 17216K, reserved 1048576K
}
Event: 22.148 GC heap before
{Heap before GC invocations=50 (full 0):
 garbage-first heap   total 205824K, used 189237K [0x0000000080000000, 0x0000000100000000)
  region size 1024K, 72 young (73728K), 6 survivors (6144K)
 Metaspace       used 117538K, committed 119808K, reserved 1179648K
  class space    used 16294K, committed 17408K, reserved 1048576K
}
Event: 22.159 GC heap after
{Heap after GC invocations=51 (full 0):
 garbage-first heap   total 205824K, used 120691K [0x0000000080000000, 0x0000000100000000)
  region size 1024K, 6 young (6144K), 6 survivors (6144K)
 Metaspace       used 117538K, committed 119808K, reserved 1179648K
  class space    used 16294K, committed 17408K, reserved 1048576K
}
Event: 23.356 GC heap before
{Heap before GC invocations=51 (full 0):
 garbage-first heap   total 205824K, used 188275K [0x0000000080000000, 0x0000000100000000)
  region size 1024K, 70 young (71680K), 6 survivors (6144K)
 Metaspace       used 119542K, committed 121792K, reserved 1179648K
  class space    used 16503K, committed 17600K, reserved 1048576K
}
Event: 23.396 GC heap after
{Heap after GC invocations=52 (full 0):
 garbage-first heap   total 224256K, used 145780K [0x0000000080000000, 0x0000000100000000)
  region size 1024K, 9 young (9216K), 9 survivors (9216K)
 Metaspace       used 119542K, committed 121792K, reserved 1179648K
  class space    used 16503K, committed 17600K, reserved 1048576K
}
Event: 24.287 GC heap before
{Heap before GC invocations=52 (full 0):
 garbage-first heap   total 224256K, used 166260K [0x0000000080000000, 0x0000000100000000)
  region size 1024K, 31 young (31744K), 9 survivors (9216K)
 Metaspace       used 119775K, committed 122112K, reserved 1179648K
  class space    used 16518K, committed 17664K, reserved 1048576K
}
Event: 24.308 GC heap after
{Heap after GC invocations=53 (full 0):
 garbage-first heap   total 224256K, used 158720K [0x0000000080000000, 0x0000000100000000)
  region size 1024K, 7 young (7168K), 7 survivors (7168K)
 Metaspace       used 119775K, committed 122112K, reserved 1179648K
  class space    used 16518K, committed 17664K, reserved 1048576K
}
Event: 24.835 GC heap before
{Heap before GC invocations=54 (full 0):
 garbage-first heap   total 311296K, used 218112K [0x0000000080000000, 0x0000000100000000)
  region size 1024K, 39 young (39936K), 7 survivors (7168K)
 Metaspace       used 121496K, committed 123776K, reserved 1179648K
  class space    used 16712K, committed 17792K, reserved 1048576K
}
Event: 24.845 GC heap after
{Heap after GC invocations=55 (full 0):
 garbage-first heap   total 311296K, used 161611K [0x0000000080000000, 0x0000000100000000)
  region size 1024K, 4 young (4096K), 4 survivors (4096K)
 Metaspace       used 121496K, committed 123776K, reserved 1179648K
  class space    used 16712K, committed 17792K, reserved 1048576K
}
Event: 26.209 GC heap before
{Heap before GC invocations=55 (full 0):
 garbage-first heap   total 311296K, used 257867K [0x0000000080000000, 0x0000000100000000)
  region size 1024K, 99 young (101376K), 4 survivors (4096K)
 Metaspace       used 124020K, committed 126272K, reserved 1179648K
  class space    used 17016K, committed 18112K, reserved 1048576K
}
Event: 26.222 GC heap after
{Heap after GC invocations=56 (full 0):
 garbage-first heap   total 311296K, used 166041K [0x0000000080000000, 0x0000000100000000)
  region size 1024K, 9 young (9216K), 9 survivors (9216K)
 Metaspace       used 124020K, committed 126272K, reserved 1179648K
  class space    used 17016K, committed 18112K, reserved 1048576K
}
Event: 29.845 GC heap before
{Heap before GC invocations=56 (full 0):
 garbage-first heap   total 311296K, used 240793K [0x0000000080000000, 0x0000000100000000)
  region size 1024K, 84 young (86016K), 9 survivors (9216K)
 Metaspace       used 125621K, committed 127936K, reserved 1179648K
  class space    used 17185K, committed 18304K, reserved 1048576K
}
Event: 29.856 GC heap after
{Heap after GC invocations=57 (full 0):
 garbage-first heap   total 311296K, used 171008K [0x0000000080000000, 0x0000000100000000)
  region size 1024K, 12 young (12288K), 12 survivors (12288K)
 Metaspace       used 125621K, committed 127936K, reserved 1179648K
  class space    used 17185K, committed 18304K, reserved 1048576K
}
Event: 50.974 GC heap before
{Heap before GC invocations=58 (full 0):
 garbage-first heap   total 311296K, used 271360K [0x0000000080000000, 0x0000000100000000)
  region size 1024K, 110 young (112640K), 12 survivors (12288K)
 Metaspace       used 132545K, committed 134976K, reserved 1179648K
  class space    used 18003K, committed 19200K, reserved 1048576K
}
Event: 50.999 GC heap after
{Heap after GC invocations=59 (full 0):
 garbage-first heap   total 311296K, used 171894K [0x0000000080000000, 0x0000000100000000)
  region size 1024K, 9 young (9216K), 9 survivors (9216K)
 Metaspace       used 132545K, committed 134976K, reserved 1179648K
  class space    used 18003K, committed 19200K, reserved 1048576K
}

