# JRE version: OpenJDK Runtime Environment (21.0.7) (build 21.0.7+-13880790-b1038.58)
# Java VM: OpenJDK 64-Bit Server VM (21.0.7+-13880790-b1038.58, mixed mode, tiered, compressed oops, compressed class ptrs, g1 gc, windows-amd64)
GC Precious Log:
 CardTable entry size: 512
 Card Set container configuration: InlinePtr #cards 5 size 8 Array Of Cards #cards 12 size 40 Howl #buckets 4 coarsen threshold 1843 Howl Bitmap #cards 512 size 80 coarsen threshold 460 Card regions per heap region 1 cards per card region 2048
 CPUs: 4 total, 4 available
 Memory: 7975M
 Large Page Support: Disabled
 NUMA Support: Disabled
 Compressed Oops: Enabled (32-bit)
 Heap Region Size: 1M
 Heap Min Capacity: 8M
 Heap Initial Capacity: 126M
 Heap Max Capacity: 1994M
 Pre-touch: Disabled
 Parallel Workers: 4
 Concurrent Workers: 1
 Concurrent Refinement Workers: 4
 Periodic GC: Disabled
Heap:
 garbage-first heap   total 145408K, used 111104K [0x0000000083600000, 0x0000000100000000)
  region size 1024K, 25 young (25600K), 6 survivors (6144K)
 Metaspace       used 57198K, committed 57536K, reserved 1114112K
  class space    used 6512K, committed 6656K, reserved 1048576K
GC Heap History (20 events):
Event: 4.587 GC heap before
{Heap before GC invocations=12 (full 0):
 garbage-first heap   total 57344K, used 48013K [0x0000000083600000, 0x0000000100000000)
  region size 1024K, 23 young (23552K), 3 survivors (3072K)
 Metaspace       used 48891K, committed 49088K, reserved 1114112K
  class space    used 5666K, committed 5760K, reserved 1048576K
}
Event: 4.600 GC heap after
{Heap after GC invocations=13 (full 0):
 garbage-first heap   total 69632K, used 32014K [0x0000000083600000, 0x0000000100000000)
  region size 1024K, 3 young (3072K), 3 survivors (3072K)
 Metaspace       used 48891K, committed 49088K, reserved 1114112K
  class space    used 5666K, committed 5760K, reserved 1048576K
}
Event: 4.895 GC heap before
{Heap before GC invocations=13 (full 0):
 garbage-first heap   total 69632K, used 57614K [0x0000000083600000, 0x0000000100000000)
  region size 1024K, 28 young (28672K), 3 survivors (3072K)
 Metaspace       used 49762K, committed 49984K, reserved 1114112K
  class space    used 5727K, committed 5824K, reserved 1048576K
}
Event: 4.910 GC heap after
{Heap after GC invocations=14 (full 0):
 garbage-first heap   total 69632K, used 39424K [0x0000000083600000, 0x0000000100000000)
  region size 1024K, 4 young (4096K), 4 survivors (4096K)
 Metaspace       used 49762K, committed 49984K, reserved 1114112K
  class space    used 5727K, committed 5824K, reserved 1048576K
}
Event: 5.300 GC heap before
{Heap before GC invocations=14 (full 0):
 garbage-first heap   total 69632K, used 55808K [0x0000000083600000, 0x0000000100000000)
  region size 1024K, 21 young (21504K), 4 survivors (4096K)
 Metaspace       used 52277K, committed 52544K, reserved 1114112K
  class space    used 6002K, committed 6080K, reserved 1048576K
}
Event: 5.311 GC heap after
{Heap after GC invocations=15 (full 0):
 garbage-first heap   total 69632K, used 43520K [0x0000000083600000, 0x0000000100000000)
  region size 1024K, 3 young (3072K), 3 survivors (3072K)
 Metaspace       used 52277K, committed 52544K, reserved 1114112K
  class space    used 6002K, committed 6080K, reserved 1048576K
}
Event: 5.501 GC heap before
{Heap before GC invocations=16 (full 0):
 garbage-first heap   total 73728K, used 59904K [0x0000000083600000, 0x0000000100000000)
  region size 1024K, 18 young (18432K), 3 survivors (3072K)
 Metaspace       used 52293K, committed 52544K, reserved 1114112K
  class space    used 6005K, committed 6080K, reserved 1048576K
}
Event: 5.513 GC heap after
{Heap after GC invocations=17 (full 0):
 garbage-first heap   total 73728K, used 50029K [0x0000000083600000, 0x0000000100000000)
  region size 1024K, 3 young (3072K), 3 survivors (3072K)
 Metaspace       used 52293K, committed 52544K, reserved 1114112K
  class space    used 6005K, committed 6080K, reserved 1048576K
}
Event: 5.580 GC heap before
{Heap before GC invocations=17 (full 0):
 garbage-first heap   total 73728K, used 63341K [0x0000000083600000, 0x0000000100000000)
  region size 1024K, 16 young (16384K), 3 survivors (3072K)
 Metaspace       used 52295K, committed 52544K, reserved 1114112K
  class space    used 6005K, committed 6080K, reserved 1048576K
}
Event: 5.591 GC heap after
{Heap after GC invocations=18 (full 0):
 garbage-first heap   total 73728K, used 55296K [0x0000000083600000, 0x0000000100000000)
  region size 1024K, 2 young (2048K), 2 survivors (2048K)
 Metaspace       used 52295K, committed 52544K, reserved 1114112K
  class space    used 6005K, committed 6080K, reserved 1048576K
}
Event: 5.736 GC heap before
{Heap before GC invocations=18 (full 0):
 garbage-first heap   total 73728K, used 64512K [0x0000000083600000, 0x0000000100000000)
  region size 1024K, 11 young (11264K), 2 survivors (2048K)
 Metaspace       used 53328K, committed 53568K, reserved 1114112K
  class space    used 6148K, committed 6272K, reserved 1048576K
}
Event: 5.741 GC heap after
{Heap after GC invocations=19 (full 0):
 garbage-first heap   total 145408K, used 57279K [0x0000000083600000, 0x0000000100000000)
  region size 1024K, 2 young (2048K), 2 survivors (2048K)
 Metaspace       used 53328K, committed 53568K, reserved 1114112K
  class space    used 6148K, committed 6272K, reserved 1048576K
}
Event: 7.180 GC heap before
{Heap before GC invocations=20 (full 0):
 garbage-first heap   total 145408K, used 107455K [0x0000000083600000, 0x0000000100000000)
  region size 1024K, 52 young (53248K), 2 survivors (2048K)
 Metaspace       used 56113K, committed 56448K, reserved 1114112K
  class space    used 6464K, committed 6592K, reserved 1048576K
}
Event: 7.201 GC heap after
{Heap after GC invocations=21 (full 0):
 garbage-first heap   total 145408K, used 66433K [0x0000000083600000, 0x0000000100000000)
  region size 1024K, 7 young (7168K), 7 survivors (7168K)
 Metaspace       used 56113K, committed 56448K, reserved 1114112K
  class space    used 6464K, committed 6592K, reserved 1048576K
}
Event: 8.495 GC heap before
{Heap before GC invocations=21 (full 0):
 garbage-first heap   total 145408K, used 110465K [0x0000000083600000, 0x0000000100000000)
  region size 1024K, 50 young (51200K), 7 survivors (7168K)
 Metaspace       used 57198K, committed 57536K, reserved 1114112K
  class space    used 6512K, committed 6656K, reserved 1048576K
}
Event: 8.513 GC heap after
{Heap after GC invocations=22 (full 0):
 garbage-first heap   total 145408K, used 74543K [0x0000000083600000, 0x0000000100000000)
  region size 1024K, 7 young (7168K), 7 survivors (7168K)
 Metaspace       used 57198K, committed 57536K, reserved 1114112K
  class space    used 6512K, committed 6656K, reserved 1048576K
}
Event: 8.585 GC heap before
{Heap before GC invocations=22 (full 0):
 garbage-first heap   total 145408K, used 116527K [0x0000000083600000, 0x0000000100000000)
  region size 1024K, 48 young (49152K), 7 survivors (7168K)
 Metaspace       used 57198K, committed 57536K, reserved 1114112K
  class space    used 6512K, committed 6656K, reserved 1048576K
}
Event: 8.598 GC heap after
{Heap after GC invocations=23 (full 0):
 garbage-first heap   total 145408K, used 83968K [0x0000000083600000, 0x0000000100000000)
  region size 1024K, 6 young (6144K), 6 survivors (6144K)
 Metaspace       used 57198K, committed 57536K, reserved 1114112K
  class space    used 6512K, committed 6656K, reserved 1048576K
}
Event: 8.666 GC heap before
{Heap before GC invocations=23 (full 0):
 garbage-first heap   total 145408K, used 121856K [0x0000000083600000, 0x0000000100000000)
  region size 1024K, 43 young (44032K), 6 survivors (6144K)
 Metaspace       used 57198K, committed 57536K, reserved 1114112K
  class space    used 6512K, committed 6656K, reserved 1048576K
}
Event: 8.675 GC heap after
{Heap after GC invocations=24 (full 0):
 garbage-first heap   total 145408K, used 92672K [0x0000000083600000, 0x0000000100000000)
  region size 1024K, 6 young (6144K), 6 survivors (6144K)
 Metaspace       used 57198K, committed 57536K, reserved 1114112K
  class space    used 6512K, committed 6656K, reserved 1048576K
}

