# JRE version: OpenJDK Runtime Environment (21.0.7) (build 21.0.7+-13880790-b1038.58)
# Java VM: OpenJDK 64-Bit Server VM (21.0.7+-13880790-b1038.58, mixed mode, tiered, compressed oops, compressed class ptrs, g1 gc, windows-amd64)
GC Precious Log:
 CardTable entry size: 512
 Card Set container configuration: InlinePtr #cards 5 size 8 Array Of Cards #cards 12 size 40 Howl #buckets 4 coarsen threshold 1843 Howl Bitmap #cards 512 size 80 coarsen threshold 460 Card regions per heap region 1 cards per card region 2048
 CPUs: 4 total, 4 available
 Memory: 7975M
 Large Page Support: Disabled
 NUMA Support: Disabled
 Compressed Oops: Enabled (32-bit)
 Heap Region Size: 1M
 Heap Min Capacity: 8M
 Heap Initial Capacity: 126M
 Heap Max Capacity: 2G
 Pre-touch: Disabled
 Parallel Workers: 4
 Concurrent Workers: 1
 Concurrent Refinement Workers: 4
 Periodic GC: Disabled
Heap:
 garbage-first heap   total 374784K, used 260825K [0x0000000080000000, 0x0000000100000000)
  region size 1024K, 107 young (109568K), 9 survivors (9216K)
 Metaspace       used 157145K, committed 158528K, reserved 1245184K
  class space    used 21102K, committed 21824K, reserved 1048576K
GC Heap History (20 events):
Event: 2149.829 GC heap before
{Heap before GC invocations=74 (full 0):
 garbage-first heap   total 304128K, used 277504K [0x0000000080000000, 0x0000000100000000)
  region size 1024K, 94 young (96256K), 5 survivors (5120K)
 Metaspace       used 150718K, committed 152064K, reserved 1245184K
  class space    used 20295K, committed 20992K, reserved 1048576K
}
Event: 2149.846 GC heap after
{Heap after GC invocations=75 (full 0):
 garbage-first heap   total 304128K, used 164701K [0x0000000080000000, 0x0000000100000000)
  region size 1024K, 6 young (6144K), 6 survivors (6144K)
 Metaspace       used 150718K, committed 152064K, reserved 1245184K
  class space    used 20295K, committed 20992K, reserved 1048576K
}
Event: 2150.470 GC heap before
{Heap before GC invocations=75 (full 0):
 garbage-first heap   total 304128K, used 274269K [0x0000000080000000, 0x0000000100000000)
  region size 1024K, 113 young (115712K), 6 survivors (6144K)
 Metaspace       used 151003K, committed 152384K, reserved 1245184K
  class space    used 20326K, committed 21056K, reserved 1048576K
}
Event: 2150.484 GC heap after
{Heap after GC invocations=76 (full 0):
 garbage-first heap   total 304128K, used 163164K [0x0000000080000000, 0x0000000100000000)
  region size 1024K, 7 young (7168K), 7 survivors (7168K)
 Metaspace       used 151003K, committed 152384K, reserved 1245184K
  class space    used 20326K, committed 21056K, reserved 1048576K
}
Event: 2151.405 GC heap before
{Heap before GC invocations=76 (full 0):
 garbage-first heap   total 304128K, used 278876K [0x0000000080000000, 0x0000000100000000)
  region size 1024K, 120 young (122880K), 7 survivors (7168K)
 Metaspace       used 151188K, committed 152576K, reserved 1245184K
  class space    used 20332K, committed 21056K, reserved 1048576K
}
Event: 2151.415 GC heap after
{Heap after GC invocations=77 (full 0):
 garbage-first heap   total 304128K, used 164468K [0x0000000080000000, 0x0000000100000000)
  region size 1024K, 8 young (8192K), 8 survivors (8192K)
 Metaspace       used 151188K, committed 152576K, reserved 1245184K
  class space    used 20332K, committed 21056K, reserved 1048576K
}
Event: 2152.361 GC heap before
{Heap before GC invocations=78 (full 0):
 garbage-first heap   total 304128K, used 279156K [0x0000000080000000, 0x0000000100000000)
  region size 1024K, 120 young (122880K), 8 survivors (8192K)
 Metaspace       used 151223K, committed 152640K, reserved 1245184K
  class space    used 20334K, committed 21056K, reserved 1048576K
}
Event: 2152.373 GC heap after
{Heap after GC invocations=79 (full 0):
 garbage-first heap   total 304128K, used 163005K [0x0000000080000000, 0x0000000100000000)
  region size 1024K, 7 young (7168K), 7 survivors (7168K)
 Metaspace       used 151223K, committed 152640K, reserved 1245184K
  class space    used 20334K, committed 21056K, reserved 1048576K
}
Event: 2152.828 GC heap before
{Heap before GC invocations=79 (full 0):
 garbage-first heap   total 304128K, used 279741K [0x0000000080000000, 0x0000000100000000)
  region size 1024K, 121 young (123904K), 7 survivors (7168K)
 Metaspace       used 151286K, committed 152704K, reserved 1245184K
  class space    used 20335K, committed 21056K, reserved 1048576K
}
Event: 2152.841 GC heap after
{Heap after GC invocations=80 (full 0):
 garbage-first heap   total 304128K, used 160278K [0x0000000080000000, 0x0000000100000000)
  region size 1024K, 7 young (7168K), 7 survivors (7168K)
 Metaspace       used 151286K, committed 152704K, reserved 1245184K
  class space    used 20335K, committed 21056K, reserved 1048576K
}
Event: 2153.502 GC heap before
{Heap before GC invocations=80 (full 0):
 garbage-first heap   total 304128K, used 279062K [0x0000000080000000, 0x0000000100000000)
  region size 1024K, 124 young (126976K), 7 survivors (7168K)
 Metaspace       used 153414K, committed 154752K, reserved 1245184K
  class space    used 20656K, committed 21376K, reserved 1048576K
}
Event: 2153.515 GC heap after
{Heap after GC invocations=81 (full 0):
 garbage-first heap   total 304128K, used 165210K [0x0000000080000000, 0x0000000100000000)
  region size 1024K, 12 young (12288K), 12 survivors (12288K)
 Metaspace       used 153414K, committed 154752K, reserved 1245184K
  class space    used 20656K, committed 21376K, reserved 1048576K
}
Event: 2154.425 GC heap before
{Heap before GC invocations=82 (full 0):
 garbage-first heap   total 304128K, used 273754K [0x0000000080000000, 0x0000000100000000)
  region size 1024K, 119 young (121856K), 12 survivors (12288K)
 Metaspace       used 153657K, committed 155008K, reserved 1245184K
  class space    used 20663K, committed 21376K, reserved 1048576K
}
Event: 2154.437 GC heap after
{Heap after GC invocations=83 (full 0):
 garbage-first heap   total 304128K, used 160532K [0x0000000080000000, 0x0000000100000000)
  region size 1024K, 5 young (5120K), 5 survivors (5120K)
 Metaspace       used 153657K, committed 155008K, reserved 1245184K
  class space    used 20663K, committed 21376K, reserved 1048576K
}
Event: 2154.879 GC heap before
{Heap before GC invocations=83 (full 0):
 garbage-first heap   total 304128K, used 281364K [0x0000000080000000, 0x0000000100000000)
  region size 1024K, 123 young (125952K), 5 survivors (5120K)
 Metaspace       used 153696K, committed 155136K, reserved 1245184K
  class space    used 20663K, committed 21376K, reserved 1048576K
}
Event: 2154.907 GC heap after
{Heap after GC invocations=84 (full 0):
 garbage-first heap   total 304128K, used 157913K [0x0000000080000000, 0x0000000100000000)
  region size 1024K, 5 young (5120K), 5 survivors (5120K)
 Metaspace       used 153696K, committed 155136K, reserved 1245184K
  class space    used 20663K, committed 21376K, reserved 1048576K
}
Event: 2155.839 GC heap before
{Heap before GC invocations=84 (full 0):
 garbage-first heap   total 304128K, used 280793K [0x0000000080000000, 0x0000000100000000)
  region size 1024K, 126 young (129024K), 5 survivors (5120K)
 Metaspace       used 154061K, committed 155456K, reserved 1245184K
  class space    used 20690K, committed 21376K, reserved 1048576K
}
Event: 2155.846 GC heap after
{Heap after GC invocations=85 (full 0):
 garbage-first heap   total 365568K, used 156818K [0x0000000080000000, 0x0000000100000000)
  region size 1024K, 4 young (4096K), 4 survivors (4096K)
 Metaspace       used 154061K, committed 155456K, reserved 1245184K
  class space    used 20690K, committed 21376K, reserved 1048576K
}
Event: 2828.863 GC heap before
{Heap before GC invocations=86 (full 0):
 garbage-first heap   total 365568K, used 363666K [0x0000000080000000, 0x0000000100000000)
  region size 1024K, 141 young (144384K), 4 survivors (4096K)
 Metaspace       used 156895K, committed 158336K, reserved 1245184K
  class space    used 21098K, committed 21824K, reserved 1048576K
}
Event: 2828.929 GC heap after
{Heap after GC invocations=87 (full 0):
 garbage-first heap   total 374784K, used 161497K [0x0000000080000000, 0x0000000100000000)
  region size 1024K, 9 young (9216K), 9 survivors (9216K)
 Metaspace       used 156895K, committed 158336K, reserved 1245184K
  class space    used 21098K, committed 21824K, reserved 1048576K
}

