# JRE version: OpenJDK Runtime Environment (21.0.7) (build 21.0.7+-13880790-b1038.58)
# Java VM: OpenJDK 64-Bit Server VM (21.0.7+-13880790-b1038.58, mixed mode, tiered, compressed oops, compressed class ptrs, g1 gc, windows-amd64)
GC Precious Log:
 CardTable entry size: 512
 Card Set container configuration: InlinePtr #cards 5 size 8 Array Of Cards #cards 12 size 40 Howl #buckets 4 coarsen threshold 1843 Howl Bitmap #cards 512 size 80 coarsen threshold 460 Card regions per heap region 1 cards per card region 2048
 CPUs: 4 total, 4 available
 Memory: 7975M
 Large Page Support: Disabled
 NUMA Support: Disabled
 Compressed Oops: Enabled (32-bit)
 Heap Region Size: 1M
 Heap Min Capacity: 8M
 Heap Initial Capacity: 126M
 Heap Max Capacity: 2G
 Pre-touch: Disabled
 Parallel Workers: 4
 Concurrent Workers: 1
 Concurrent Refinement Workers: 4
 Periodic GC: Disabled
Heap:
 garbage-first heap   total 222208K, used 155097K [0x0000000080000000, 0x0000000100000000)
  region size 1024K, 31 young (31744K), 6 survivors (6144K)
 Metaspace       used 128193K, committed 130496K, reserved 1179648K
  class space    used 17419K, committed 18560K, reserved 1048576K
GC Heap History (20 events):
Event: 31.783 GC heap before
{Heap before GC invocations=50 (full 0):
 garbage-first heap   total 165888K, used 143171K [0x0000000080000000, 0x0000000100000000)
  region size 1024K, 49 young (50176K), 6 survivors (6144K)
 Metaspace       used 111792K, committed 113984K, reserved 1179648K
  class space    used 15546K, committed 16640K, reserved 1048576K
}
Event: 31.796 GC heap after
{Heap after GC invocations=51 (full 0):
 garbage-first heap   total 165888K, used 100919K [0x0000000080000000, 0x0000000100000000)
  region size 1024K, 5 young (5120K), 5 survivors (5120K)
 Metaspace       used 111792K, committed 113984K, reserved 1179648K
  class space    used 15546K, committed 16640K, reserved 1048576K
}
Event: 32.579 GC heap before
{Heap before GC invocations=51 (full 0):
 garbage-first heap   total 165888K, used 150071K [0x0000000080000000, 0x0000000100000000)
  region size 1024K, 53 young (54272K), 5 survivors (5120K)
 Metaspace       used 113411K, committed 115712K, reserved 1179648K
  class space    used 15760K, committed 16896K, reserved 1048576K
}
Event: 32.596 GC heap after
{Heap after GC invocations=52 (full 0):
 garbage-first heap   total 165888K, used 105831K [0x0000000080000000, 0x0000000100000000)
  region size 1024K, 7 young (7168K), 7 survivors (7168K)
 Metaspace       used 113411K, committed 115712K, reserved 1179648K
  class space    used 15760K, committed 16896K, reserved 1048576K
}
Event: 33.928 GC heap before
{Heap before GC invocations=52 (full 0):
 garbage-first heap   total 165888K, used 148839K [0x0000000080000000, 0x0000000100000000)
  region size 1024K, 49 young (50176K), 7 survivors (7168K)
 Metaspace       used 115579K, committed 117824K, reserved 1179648K
  class space    used 16077K, committed 17216K, reserved 1048576K
}
Event: 33.945 GC heap after
{Heap after GC invocations=53 (full 0):
 garbage-first heap   total 199680K, used 113120K [0x0000000080000000, 0x0000000100000000)
  region size 1024K, 7 young (7168K), 7 survivors (7168K)
 Metaspace       used 115579K, committed 117824K, reserved 1179648K
  class space    used 16077K, committed 17216K, reserved 1048576K
}
Event: 35.284 GC heap before
{Heap before GC invocations=54 (full 0):
 garbage-first heap   total 199680K, used 178656K [0x0000000080000000, 0x0000000100000000)
  region size 1024K, 71 young (72704K), 7 survivors (7168K)
 Metaspace       used 115759K, committed 118016K, reserved 1179648K
  class space    used 16086K, committed 17216K, reserved 1048576K
}
Event: 35.301 GC heap after
{Heap after GC invocations=55 (full 0):
 garbage-first heap   total 199680K, used 118680K [0x0000000080000000, 0x0000000100000000)
  region size 1024K, 6 young (6144K), 6 survivors (6144K)
 Metaspace       used 115759K, committed 118016K, reserved 1179648K
  class space    used 16086K, committed 17216K, reserved 1048576K
}
Event: 36.624 GC heap before
{Heap before GC invocations=55 (full 0):
 garbage-first heap   total 199680K, used 180120K [0x0000000080000000, 0x0000000100000000)
  region size 1024K, 67 young (68608K), 6 survivors (6144K)
 Metaspace       used 116247K, committed 118464K, reserved 1179648K
  class space    used 16187K, committed 17280K, reserved 1048576K
}
Event: 36.642 GC heap after
{Heap after GC invocations=56 (full 0):
 garbage-first heap   total 199680K, used 121107K [0x0000000080000000, 0x0000000100000000)
  region size 1024K, 6 young (6144K), 6 survivors (6144K)
 Metaspace       used 116247K, committed 118464K, reserved 1179648K
  class space    used 16187K, committed 17280K, reserved 1048576K
}
Event: 37.372 GC heap before
{Heap before GC invocations=56 (full 0):
 garbage-first heap   total 199680K, used 156947K [0x0000000080000000, 0x0000000100000000)
  region size 1024K, 43 young (44032K), 6 survivors (6144K)
 Metaspace       used 116464K, committed 118720K, reserved 1179648K
  class space    used 16220K, committed 17344K, reserved 1048576K
}
Event: 37.379 GC heap after
{Heap after GC invocations=57 (full 0):
 garbage-first heap   total 199680K, used 123114K [0x0000000080000000, 0x0000000100000000)
  region size 1024K, 8 young (8192K), 8 survivors (8192K)
 Metaspace       used 116464K, committed 118720K, reserved 1179648K
  class space    used 16220K, committed 17344K, reserved 1048576K
}
Event: 39.266 GC heap before
{Heap before GC invocations=58 (full 0):
 garbage-first heap   total 214016K, used 182506K [0x0000000080000000, 0x0000000100000000)
  region size 1024K, 63 young (64512K), 8 survivors (8192K)
 Metaspace       used 120268K, committed 122560K, reserved 1179648K
  class space    used 16584K, committed 17728K, reserved 1048576K
}
Event: 39.278 GC heap after
{Heap after GC invocations=59 (full 0):
 garbage-first heap   total 214016K, used 125833K [0x0000000080000000, 0x0000000100000000)
  region size 1024K, 8 young (8192K), 8 survivors (8192K)
 Metaspace       used 120268K, committed 122560K, reserved 1179648K
  class space    used 16584K, committed 17728K, reserved 1048576K
}
Event: 43.157 GC heap before
{Heap before GC invocations=59 (full 0):
 garbage-first heap   total 214016K, used 193417K [0x0000000080000000, 0x0000000100000000)
  region size 1024K, 75 young (76800K), 8 survivors (8192K)
 Metaspace       used 121708K, committed 124032K, reserved 1179648K
  class space    used 16762K, committed 17920K, reserved 1048576K
}
Event: 43.173 GC heap after
{Heap after GC invocations=60 (full 0):
 garbage-first heap   total 214016K, used 129725K [0x0000000080000000, 0x0000000100000000)
  region size 1024K, 8 young (8192K), 8 survivors (8192K)
 Metaspace       used 121708K, committed 124032K, reserved 1179648K
  class space    used 16762K, committed 17920K, reserved 1048576K
}
Event: 44.316 GC heap before
{Heap before GC invocations=60 (full 0):
 garbage-first heap   total 214016K, used 193213K [0x0000000080000000, 0x0000000100000000)
  region size 1024K, 71 young (72704K), 8 survivors (8192K)
 Metaspace       used 123144K, committed 125440K, reserved 1179648K
  class space    used 16902K, committed 18048K, reserved 1048576K
}
Event: 44.326 GC heap after
{Heap after GC invocations=61 (full 0):
 garbage-first heap   total 214016K, used 130755K [0x0000000080000000, 0x0000000100000000)
  region size 1024K, 5 young (5120K), 5 survivors (5120K)
 Metaspace       used 123144K, committed 125440K, reserved 1179648K
  class space    used 16902K, committed 18048K, reserved 1048576K
}
Event: 45.170 GC heap before
{Heap before GC invocations=62 (full 0):
 garbage-first heap   total 222208K, used 196291K [0x0000000080000000, 0x0000000100000000)
  region size 1024K, 68 young (69632K), 5 survivors (5120K)
 Metaspace       used 125976K, committed 128320K, reserved 1179648K
  class space    used 17136K, committed 18304K, reserved 1048576K
}
Event: 45.177 GC heap after
{Heap after GC invocations=63 (full 0):
 garbage-first heap   total 222208K, used 131545K [0x0000000080000000, 0x0000000100000000)
  region size 1024K, 6 young (6144K), 6 survivors (6144K)
 Metaspace       used 125976K, committed 128320K, reserved 1179648K
  class space    used 17136K, committed 18304K, reserved 1048576K
}

