# JRE version: OpenJDK Runtime Environment (21.0.7) (build 21.0.7+-13880790-b1038.58)
# Java VM: OpenJDK 64-Bit Server VM (21.0.7+-13880790-b1038.58, mixed mode, tiered, compressed oops, compressed class ptrs, g1 gc, windows-amd64)
GC Precious Log:
 CardTable entry size: 512
 Card Set container configuration: InlinePtr #cards 5 size 8 Array Of Cards #cards 12 size 40 Howl #buckets 4 coarsen threshold 1843 Howl Bitmap #cards 512 size 80 coarsen threshold 460 Card regions per heap region 1 cards per card region 2048
 CPUs: 4 total, 4 available
 Memory: 7975M
 Large Page Support: Disabled
 NUMA Support: Disabled
 Compressed Oops: Enabled (32-bit)
 Heap Region Size: 1M
 Heap Min Capacity: 8M
 Heap Initial Capacity: 126M
 Heap Max Capacity: 1994M
 Pre-touch: Disabled
 Parallel Workers: 4
 Concurrent Workers: 1
 Concurrent Refinement Workers: 4
 Periodic GC: Disabled
Heap:
 garbage-first heap   total 122880K, used 86955K [0x0000000083600000, 0x0000000100000000)
  region size 1024K, 36 young (36864K), 6 survivors (6144K)
 Metaspace       used 57858K, committed 58112K, reserved 1114112K
  class space    used 6603K, committed 6720K, reserved 1048576K
GC Heap History (20 events):
Event: 2.772 GC heap before
{Heap before GC invocations=8 (full 0):
 garbage-first heap   total 48128K, used 22226K [0x0000000083600000, 0x0000000100000000)
  region size 1024K, 7 young (7168K), 2 survivors (2048K)
 Metaspace       used 35883K, committed 36096K, reserved 1114112K
  class space    used 4360K, committed 4480K, reserved 1048576K
}
Event: 2.775 GC heap after
{Heap after GC invocations=9 (full 0):
 garbage-first heap   total 48128K, used 19600K [0x0000000083600000, 0x0000000100000000)
  region size 1024K, 2 young (2048K), 2 survivors (2048K)
 Metaspace       used 35883K, committed 36096K, reserved 1114112K
  class space    used 4360K, committed 4480K, reserved 1048576K
}
Event: 3.075 GC heap before
{Heap before GC invocations=10 (full 0):
 garbage-first heap   total 48128K, used 39056K [0x0000000083600000, 0x0000000100000000)
  region size 1024K, 21 young (21504K), 2 survivors (2048K)
 Metaspace       used 40974K, committed 41216K, reserved 1114112K
  class space    used 4872K, committed 4992K, reserved 1048576K
}
Event: 3.079 GC heap after
{Heap after GC invocations=11 (full 0):
 garbage-first heap   total 48128K, used 20467K [0x0000000083600000, 0x0000000100000000)
  region size 1024K, 2 young (2048K), 2 survivors (2048K)
 Metaspace       used 40974K, committed 41216K, reserved 1114112K
  class space    used 4872K, committed 4992K, reserved 1048576K
}
Event: 3.522 GC heap before
{Heap before GC invocations=11 (full 0):
 garbage-first heap   total 48128K, used 38899K [0x0000000083600000, 0x0000000100000000)
  region size 1024K, 21 young (21504K), 2 survivors (2048K)
 Metaspace       used 45735K, committed 45952K, reserved 1114112K
  class space    used 5403K, committed 5504K, reserved 1048576K
}
Event: 3.528 GC heap after
{Heap after GC invocations=12 (full 0):
 garbage-first heap   total 48128K, used 21304K [0x0000000083600000, 0x0000000100000000)
  region size 1024K, 3 young (3072K), 3 survivors (3072K)
 Metaspace       used 45735K, committed 45952K, reserved 1114112K
  class space    used 5403K, committed 5504K, reserved 1048576K
}
Event: 4.092 GC heap before
{Heap before GC invocations=12 (full 0):
 garbage-first heap   total 48128K, used 40760K [0x0000000083600000, 0x0000000100000000)
  region size 1024K, 22 young (22528K), 3 survivors (3072K)
 Metaspace       used 48042K, committed 48256K, reserved 1114112K
  class space    used 5610K, committed 5696K, reserved 1048576K
}
Event: 4.103 GC heap after
{Heap after GC invocations=13 (full 0):
 garbage-first heap   total 59392K, used 26018K [0x0000000083600000, 0x0000000100000000)
  region size 1024K, 3 young (3072K), 3 survivors (3072K)
 Metaspace       used 48042K, committed 48256K, reserved 1114112K
  class space    used 5610K, committed 5696K, reserved 1048576K
}
Event: 4.592 GC heap before
{Heap before GC invocations=13 (full 0):
 garbage-first heap   total 59392K, used 49570K [0x0000000083600000, 0x0000000100000000)
  region size 1024K, 26 young (26624K), 3 survivors (3072K)
 Metaspace       used 51455K, committed 51712K, reserved 1114112K
  class space    used 5971K, committed 6080K, reserved 1048576K
}
Event: 4.603 GC heap after
{Heap after GC invocations=14 (full 0):
 garbage-first heap   total 59392K, used 30075K [0x0000000083600000, 0x0000000100000000)
  region size 1024K, 4 young (4096K), 4 survivors (4096K)
 Metaspace       used 51455K, committed 51712K, reserved 1114112K
  class space    used 5971K, committed 6080K, reserved 1048576K
}
Event: 4.907 GC heap before
{Heap before GC invocations=14 (full 0):
 garbage-first heap   total 59392K, used 48507K [0x0000000083600000, 0x0000000100000000)
  region size 1024K, 23 young (23552K), 4 survivors (4096K)
 Metaspace       used 52553K, committed 52864K, reserved 1114112K
  class space    used 6087K, committed 6208K, reserved 1048576K
}
Event: 4.916 GC heap after
{Heap after GC invocations=15 (full 0):
 garbage-first heap   total 59392K, used 35840K [0x0000000083600000, 0x0000000100000000)
  region size 1024K, 3 young (3072K), 3 survivors (3072K)
 Metaspace       used 52553K, committed 52864K, reserved 1114112K
  class space    used 6087K, committed 6208K, reserved 1048576K
}
Event: 5.143 GC heap before
{Heap before GC invocations=15 (full 0):
 garbage-first heap   total 59392K, used 48128K [0x0000000083600000, 0x0000000100000000)
  region size 1024K, 16 young (16384K), 3 survivors (3072K)
 Metaspace       used 53090K, committed 53376K, reserved 1114112K
  class space    used 6154K, committed 6272K, reserved 1048576K
}
Event: 5.151 GC heap after
{Heap after GC invocations=16 (full 0):
 garbage-first heap   total 59392K, used 39266K [0x0000000083600000, 0x0000000100000000)
  region size 1024K, 3 young (3072K), 3 survivors (3072K)
 Metaspace       used 53090K, committed 53376K, reserved 1114112K
  class space    used 6154K, committed 6272K, reserved 1048576K
}
Event: 5.259 GC heap before
{Heap before GC invocations=17 (full 0):
 garbage-first heap   total 66560K, used 51554K [0x0000000083600000, 0x0000000100000000)
  region size 1024K, 14 young (14336K), 3 survivors (3072K)
 Metaspace       used 53090K, committed 53376K, reserved 1114112K
  class space    used 6154K, committed 6272K, reserved 1048576K
}
Event: 5.266 GC heap after
{Heap after GC invocations=18 (full 0):
 garbage-first heap   total 66560K, used 44369K [0x0000000083600000, 0x0000000100000000)
  region size 1024K, 2 young (2048K), 2 survivors (2048K)
 Metaspace       used 53090K, committed 53376K, reserved 1114112K
  class space    used 6154K, committed 6272K, reserved 1048576K
}
Event: 5.386 GC heap before
{Heap before GC invocations=18 (full 0):
 garbage-first heap   total 66560K, used 55633K [0x0000000083600000, 0x0000000100000000)
  region size 1024K, 14 young (14336K), 2 survivors (2048K)
 Metaspace       used 53090K, committed 53376K, reserved 1114112K
  class space    used 6154K, committed 6272K, reserved 1048576K
}
Event: 5.394 GC heap after
{Heap after GC invocations=19 (full 0):
 garbage-first heap   total 122880K, used 48955K [0x0000000083600000, 0x0000000100000000)
  region size 1024K, 2 young (2048K), 2 survivors (2048K)
 Metaspace       used 53090K, committed 53376K, reserved 1114112K
  class space    used 6154K, committed 6272K, reserved 1048576K
}
Event: 6.669 GC heap before
{Heap before GC invocations=19 (full 0):
 garbage-first heap   total 122880K, used 91963K [0x0000000083600000, 0x0000000100000000)
  region size 1024K, 45 young (46080K), 2 survivors (2048K)
 Metaspace       used 56815K, committed 57024K, reserved 1114112K
  class space    used 6550K, committed 6656K, reserved 1048576K
}
Event: 6.686 GC heap after
{Heap after GC invocations=20 (full 0):
 garbage-first heap   total 122880K, used 57259K [0x0000000083600000, 0x0000000100000000)
  region size 1024K, 6 young (6144K), 6 survivors (6144K)
 Metaspace       used 56815K, committed 57024K, reserved 1114112K
  class space    used 6550K, committed 6656K, reserved 1048576K
}

