# JRE version: OpenJDK Runtime Environment (21.0.7) (build 21.0.7+-13880790-b1038.58)
# Java VM: OpenJDK 64-Bit Server VM (21.0.7+-13880790-b1038.58, mixed mode, tiered, compressed oops, compressed class ptrs, g1 gc, windows-amd64)
GC Precious Log:
 CardTable entry size: 512
 Card Set container configuration: InlinePtr #cards 5 size 8 Array Of Cards #cards 12 size 40 Howl #buckets 4 coarsen threshold 1843 Howl Bitmap #cards 512 size 80 coarsen threshold 460 Card regions per heap region 1 cards per card region 2048
 CPUs: 4 total, 4 available
 Memory: 7975M
 Large Page Support: Disabled
 NUMA Support: Disabled
 Compressed Oops: Enabled (32-bit)
 Heap Region Size: 1M
 Heap Min Capacity: 8M
 Heap Initial Capacity: 126M
 Heap Max Capacity: 2G
 Pre-touch: Disabled
 Parallel Workers: 4
 Concurrent Workers: 1
 Concurrent Refinement Workers: 4
 Periodic GC: Disabled
Heap:
 garbage-first heap   total 114688K, used 103387K [0x0000000080000000, 0x0000000100000000)
  region size 1024K, 38 young (38912K), 5 survivors (5120K)
 Metaspace       used 74785K, committed 76608K, reserved 1179648K
  class space    used 10253K, committed 11136K, reserved 1048576K
GC Heap History (20 events):
Event: 8.373 GC heap after
{Heap after GC invocations=17 (full 0):
 garbage-first heap   total 86016K, used 40179K [0x0000000080000000, 0x0000000100000000)
  region size 1024K, 6 young (6144K), 6 survivors (6144K)
 Metaspace       used 56552K, committed 58048K, reserved 1114112K
  class space    used 7801K, committed 8512K, reserved 1048576K
}
Event: 8.599 GC heap before
{Heap before GC invocations=18 (full 0):
 garbage-first heap   total 86016K, used 72947K [0x0000000080000000, 0x0000000100000000)
  region size 1024K, 36 young (36864K), 6 survivors (6144K)
 Metaspace       used 58111K, committed 59648K, reserved 1114112K
  class space    used 7932K, committed 8704K, reserved 1048576K
}
Event: 8.608 GC heap after
{Heap after GC invocations=19 (full 0):
 garbage-first heap   total 86016K, used 40075K [0x0000000080000000, 0x0000000100000000)
  region size 1024K, 3 young (3072K), 3 survivors (3072K)
 Metaspace       used 58111K, committed 59648K, reserved 1114112K
  class space    used 7932K, committed 8704K, reserved 1048576K
}
Event: 9.115 GC heap before
{Heap before GC invocations=19 (full 0):
 garbage-first heap   total 86016K, used 72843K [0x0000000080000000, 0x0000000100000000)
  region size 1024K, 35 young (35840K), 3 survivors (3072K)
 Metaspace       used 62613K, committed 64192K, reserved 1114112K
  class space    used 8569K, committed 9344K, reserved 1048576K
}
Event: 9.121 GC heap after
{Heap after GC invocations=20 (full 0):
 garbage-first heap   total 86016K, used 41242K [0x0000000080000000, 0x0000000100000000)
  region size 1024K, 3 young (3072K), 3 survivors (3072K)
 Metaspace       used 62613K, committed 64192K, reserved 1114112K
  class space    used 8569K, committed 9344K, reserved 1048576K
}
Event: 9.633 GC heap before
{Heap before GC invocations=20 (full 0):
 garbage-first heap   total 86016K, used 74010K [0x0000000080000000, 0x0000000100000000)
  region size 1024K, 35 young (35840K), 3 survivors (3072K)
 Metaspace       used 66898K, committed 68480K, reserved 1114112K
  class space    used 9237K, committed 9984K, reserved 1048576K
}
Event: 9.643 GC heap after
{Heap after GC invocations=21 (full 0):
 garbage-first heap   total 86016K, used 42970K [0x0000000080000000, 0x0000000100000000)
  region size 1024K, 4 young (4096K), 4 survivors (4096K)
 Metaspace       used 66898K, committed 68480K, reserved 1114112K
  class space    used 9237K, committed 9984K, reserved 1048576K
}
Event: 10.593 GC heap before
{Heap before GC invocations=22 (full 0):
 garbage-first heap   total 86016K, used 74714K [0x0000000080000000, 0x0000000100000000)
  region size 1024K, 36 young (36864K), 4 survivors (4096K)
 Metaspace       used 70969K, committed 72704K, reserved 1114112K
  class space    used 9883K, committed 10752K, reserved 1048576K
}
Event: 10.602 GC heap after
{Heap after GC invocations=23 (full 0):
 garbage-first heap   total 86016K, used 44933K [0x0000000080000000, 0x0000000100000000)
  region size 1024K, 4 young (4096K), 4 survivors (4096K)
 Metaspace       used 70969K, committed 72704K, reserved 1114112K
  class space    used 9883K, committed 10752K, reserved 1048576K
}
Event: 11.454 GC heap before
{Heap before GC invocations=23 (full 0):
 garbage-first heap   total 86016K, used 74629K [0x0000000080000000, 0x0000000100000000)
  region size 1024K, 34 young (34816K), 4 survivors (4096K)
 Metaspace       used 71950K, committed 73728K, reserved 1114112K
  class space    used 9962K, committed 10816K, reserved 1048576K
}
Event: 11.466 GC heap after
{Heap after GC invocations=24 (full 0):
 garbage-first heap   total 103424K, used 49152K [0x0000000080000000, 0x0000000100000000)
  region size 1024K, 5 young (5120K), 5 survivors (5120K)
 Metaspace       used 71950K, committed 73728K, reserved 1114112K
  class space    used 9962K, committed 10816K, reserved 1048576K
}
Event: 12.351 GC heap before
{Heap before GC invocations=24 (full 0):
 garbage-first heap   total 103424K, used 89088K [0x0000000080000000, 0x0000000100000000)
  region size 1024K, 45 young (46080K), 5 survivors (5120K)
 Metaspace       used 72344K, committed 74048K, reserved 1114112K
  class space    used 9963K, committed 10816K, reserved 1048576K
}
Event: 12.359 GC heap after
{Heap after GC invocations=25 (full 0):
 garbage-first heap   total 103424K, used 51902K [0x0000000080000000, 0x0000000100000000)
  region size 1024K, 4 young (4096K), 4 survivors (4096K)
 Metaspace       used 72344K, committed 74048K, reserved 1114112K
  class space    used 9963K, committed 10816K, reserved 1048576K
}
Event: 12.821 GC heap before
{Heap before GC invocations=26 (full 0):
 garbage-first heap   total 103424K, used 89790K [0x0000000080000000, 0x0000000100000000)
  region size 1024K, 42 young (43008K), 4 survivors (4096K)
 Metaspace       used 72430K, committed 74176K, reserved 1114112K
  class space    used 9971K, committed 10816K, reserved 1048576K
}
Event: 12.827 GC heap after
{Heap after GC invocations=27 (full 0):
 garbage-first heap   total 103424K, used 52690K [0x0000000080000000, 0x0000000100000000)
  region size 1024K, 4 young (4096K), 4 survivors (4096K)
 Metaspace       used 72430K, committed 74176K, reserved 1114112K
  class space    used 9971K, committed 10816K, reserved 1048576K
}
Event: 13.258 GC heap before
{Heap before GC invocations=27 (full 0):
 garbage-first heap   total 103424K, used 90578K [0x0000000080000000, 0x0000000100000000)
  region size 1024K, 42 young (43008K), 4 survivors (4096K)
 Metaspace       used 72435K, committed 74176K, reserved 1114112K
  class space    used 9971K, committed 10816K, reserved 1048576K
}
Event: 13.266 GC heap after
{Heap after GC invocations=28 (full 0):
 garbage-first heap   total 103424K, used 52707K [0x0000000080000000, 0x0000000100000000)
  region size 1024K, 4 young (4096K), 4 survivors (4096K)
 Metaspace       used 72435K, committed 74176K, reserved 1114112K
  class space    used 9971K, committed 10816K, reserved 1048576K
}
Event: 13.558 GC heap before
{Heap before GC invocations=28 (full 0):
 garbage-first heap   total 103424K, used 86499K [0x0000000080000000, 0x0000000100000000)
  region size 1024K, 39 young (39936K), 4 survivors (4096K)
 Metaspace       used 72845K, committed 74560K, reserved 1114112K
  class space    used 10028K, committed 10880K, reserved 1048576K
}
Event: 13.565 GC heap after
{Heap after GC invocations=29 (full 0):
 garbage-first heap   total 103424K, used 55259K [0x0000000080000000, 0x0000000100000000)
  region size 1024K, 6 young (6144K), 6 survivors (6144K)
 Metaspace       used 72845K, committed 74560K, reserved 1114112K
  class space    used 10028K, committed 10880K, reserved 1048576K
}
Event: 14.214 GC heap before
{Heap before GC invocations=30 (full 0):
 garbage-first heap   total 104448K, used 102363K [0x0000000080000000, 0x0000000100000000)
  region size 1024K, 39 young (39936K), 6 survivors (6144K)
 Metaspace       used 74785K, committed 76608K, reserved 1179648K
  class space    used 10253K, committed 11136K, reserved 1048576K
}

