# JRE version: OpenJDK Runtime Environment (21.0.7) (build 21.0.7+-13880790-b1038.58)
# Java VM: OpenJDK 64-Bit Server VM (21.0.7+-13880790-b1038.58, mixed mode, tiered, compressed oops, compressed class ptrs, g1 gc, windows-amd64)
GC Precious Log:
 CardTable entry size: 512
 Card Set container configuration: InlinePtr #cards 5 size 8 Array Of Cards #cards 12 size 40 Howl #buckets 4 coarsen threshold 1843 Howl Bitmap #cards 512 size 80 coarsen threshold 460 Card regions per heap region 1 cards per card region 2048
 CPUs: 4 total, 4 available
 Memory: 7975M
 Large Page Support: Disabled
 NUMA Support: Disabled
 Compressed Oops: Enabled (32-bit)
 Heap Region Size: 1M
 Heap Min Capacity: 8M
 Heap Initial Capacity: 126M
 Heap Max Capacity: 2G
 Pre-touch: Disabled
 Parallel Workers: 4
 Concurrent Workers: 1
 Concurrent Refinement Workers: 4
 Periodic GC: Disabled
Heap:
 garbage-first heap   total 173056K, used 109568K [0x0000000080000000, 0x0000000100000000)
  region size 1024K, 8 young (8192K), 8 survivors (8192K)
 Metaspace       used 114642K, committed 116928K, reserved 1179648K
  class space    used 15952K, committed 17088K, reserved 1048576K
GC Heap History (20 events):
Event: 19.083 GC heap after
{Heap after GC invocations=35 (full 0):
 garbage-first heap   total 139264K, used 83772K [0x0000000080000000, 0x0000000100000000)
  region size 1024K, 7 young (7168K), 7 survivors (7168K)
 Metaspace       used 82933K, committed 84800K, reserved 1179648K
  class space    used 11356K, committed 12288K, reserved 1048576K
}
Event: 19.968 GC heap before
{Heap before GC invocations=35 (full 0):
 garbage-first heap   total 139264K, used 123708K [0x0000000080000000, 0x0000000100000000)
  region size 1024K, 46 young (47104K), 7 survivors (7168K)
 Metaspace       used 86041K, committed 87936K, reserved 1179648K
  class space    used 11746K, committed 12672K, reserved 1048576K
}
Event: 19.978 GC heap after
{Heap after GC invocations=36 (full 0):
 garbage-first heap   total 139264K, used 85370K [0x0000000080000000, 0x0000000100000000)
  region size 1024K, 3 young (3072K), 3 survivors (3072K)
 Metaspace       used 86041K, committed 87936K, reserved 1179648K
  class space    used 11746K, committed 12672K, reserved 1048576K
}
Event: 20.767 GC heap before
{Heap before GC invocations=36 (full 0):
 garbage-first heap   total 139264K, used 123258K [0x0000000080000000, 0x0000000100000000)
  region size 1024K, 41 young (41984K), 3 survivors (3072K)
 Metaspace       used 90244K, committed 92224K, reserved 1179648K
  class space    used 12289K, committed 13248K, reserved 1048576K
}
Event: 20.772 GC heap after
{Heap after GC invocations=37 (full 0):
 garbage-first heap   total 139264K, used 86776K [0x0000000080000000, 0x0000000100000000)
  region size 1024K, 4 young (4096K), 4 survivors (4096K)
 Metaspace       used 90244K, committed 92224K, reserved 1179648K
  class space    used 12289K, committed 13248K, reserved 1048576K
}
Event: 21.381 GC heap before
{Heap before GC invocations=38 (full 0):
 garbage-first heap   total 150528K, used 129784K [0x0000000080000000, 0x0000000100000000)
  region size 1024K, 43 young (44032K), 4 survivors (4096K)
 Metaspace       used 93267K, committed 95232K, reserved 1179648K
  class space    used 12702K, committed 13696K, reserved 1048576K
}
Event: 21.388 GC heap after
{Heap after GC invocations=39 (full 0):
 garbage-first heap   total 150528K, used 91856K [0x0000000080000000, 0x0000000100000000)
  region size 1024K, 4 young (4096K), 4 survivors (4096K)
 Metaspace       used 93267K, committed 95232K, reserved 1179648K
  class space    used 12702K, committed 13696K, reserved 1048576K
}
Event: 21.972 GC heap before
{Heap before GC invocations=39 (full 0):
 garbage-first heap   total 150528K, used 137936K [0x0000000080000000, 0x0000000100000000)
  region size 1024K, 49 young (50176K), 4 survivors (4096K)
 Metaspace       used 94731K, committed 96768K, reserved 1179648K
  class space    used 12935K, committed 13952K, reserved 1048576K
}
Event: 21.982 GC heap after
{Heap after GC invocations=40 (full 0):
 garbage-first heap   total 150528K, used 95321K [0x0000000080000000, 0x0000000100000000)
  region size 1024K, 7 young (7168K), 7 survivors (7168K)
 Metaspace       used 94731K, committed 96768K, reserved 1179648K
  class space    used 12935K, committed 13952K, reserved 1048576K
}
Event: 22.600 GC heap before
{Heap before GC invocations=40 (full 0):
 garbage-first heap   total 150528K, used 134233K [0x0000000080000000, 0x0000000100000000)
  region size 1024K, 45 young (46080K), 7 survivors (7168K)
 Metaspace       used 97769K, committed 99840K, reserved 1179648K
  class space    used 13354K, committed 14400K, reserved 1048576K
}
Event: 22.610 GC heap after
{Heap after GC invocations=41 (full 0):
 garbage-first heap   total 150528K, used 97647K [0x0000000080000000, 0x0000000100000000)
  region size 1024K, 2 young (2048K), 2 survivors (2048K)
 Metaspace       used 97769K, committed 99840K, reserved 1179648K
  class space    used 13354K, committed 14400K, reserved 1048576K
}
Event: 23.479 GC heap before
{Heap before GC invocations=42 (full 0):
 garbage-first heap   total 165888K, used 138607K [0x0000000080000000, 0x0000000100000000)
  region size 1024K, 42 young (43008K), 2 survivors (2048K)
 Metaspace       used 100996K, committed 103104K, reserved 1179648K
  class space    used 13937K, committed 14976K, reserved 1048576K
}
Event: 23.486 GC heap after
{Heap after GC invocations=43 (full 0):
 garbage-first heap   total 165888K, used 98501K [0x0000000080000000, 0x0000000100000000)
  region size 1024K, 3 young (3072K), 3 survivors (3072K)
 Metaspace       used 100996K, committed 103104K, reserved 1179648K
  class space    used 13937K, committed 14976K, reserved 1048576K
}
Event: 24.418 GC heap before
{Heap before GC invocations=43 (full 0):
 garbage-first heap   total 165888K, used 150725K [0x0000000080000000, 0x0000000100000000)
  region size 1024K, 54 young (55296K), 3 survivors (3072K)
 Metaspace       used 104748K, committed 106944K, reserved 1179648K
  class space    used 14493K, committed 15552K, reserved 1048576K
}
Event: 24.427 GC heap after
{Heap after GC invocations=44 (full 0):
 garbage-first heap   total 165888K, used 99346K [0x0000000080000000, 0x0000000100000000)
  region size 1024K, 6 young (6144K), 6 survivors (6144K)
 Metaspace       used 104748K, committed 106944K, reserved 1179648K
  class space    used 14493K, committed 15552K, reserved 1048576K
}
Event: 25.386 GC heap before
{Heap before GC invocations=44 (full 0):
 garbage-first heap   total 165888K, used 149522K [0x0000000080000000, 0x0000000100000000)
  region size 1024K, 55 young (56320K), 6 survivors (6144K)
 Metaspace       used 108648K, committed 110784K, reserved 1179648K
  class space    used 15075K, committed 16128K, reserved 1048576K
}
Event: 25.397 GC heap after
{Heap after GC invocations=45 (full 0):
 garbage-first heap   total 165888K, used 102229K [0x0000000080000000, 0x0000000100000000)
  region size 1024K, 7 young (7168K), 7 survivors (7168K)
 Metaspace       used 108648K, committed 110784K, reserved 1179648K
  class space    used 15075K, committed 16128K, reserved 1048576K
}
Event: 26.166 GC heap before
{Heap before GC invocations=46 (full 0):
 garbage-first heap   total 173056K, used 148309K [0x0000000080000000, 0x0000000100000000)
  region size 1024K, 52 young (53248K), 7 survivors (7168K)
 Metaspace       used 112805K, committed 114944K, reserved 1179648K
  class space    used 15692K, committed 16768K, reserved 1048576K
}
Event: 26.180 GC heap after
{Heap after GC invocations=47 (full 0):
 garbage-first heap   total 173056K, used 104178K [0x0000000080000000, 0x0000000100000000)
  region size 1024K, 5 young (5120K), 5 survivors (5120K)
 Metaspace       used 112805K, committed 114944K, reserved 1179648K
  class space    used 15692K, committed 16768K, reserved 1048576K
}
Event: 27.140 GC heap before
{Heap before GC invocations=47 (full 0):
 garbage-first heap   total 173056K, used 158450K [0x0000000080000000, 0x0000000100000000)
  region size 1024K, 58 young (59392K), 5 survivors (5120K)
 Metaspace       used 114642K, committed 116928K, reserved 1179648K
  class space    used 15952K, committed 17088K, reserved 1048576K
}

