# JRE version: OpenJDK Runtime Environment (21.0.7) (build 21.0.7+-13880790-b1038.58)
# Java VM: OpenJDK 64-Bit Server VM (21.0.7+-13880790-b1038.58, mixed mode, tiered, compressed oops, compressed class ptrs, g1 gc, windows-amd64)
GC Precious Log:
 CardTable entry size: 512
 Card Set container configuration: InlinePtr #cards 5 size 8 Array Of Cards #cards 12 size 40 Howl #buckets 4 coarsen threshold 1843 Howl Bitmap #cards 512 size 80 coarsen threshold 460 Card regions per heap region 1 cards per card region 2048
 CPUs: 4 total, 4 available
 Memory: 7975M
 Large Page Support: Disabled
 NUMA Support: Disabled
 Compressed Oops: Enabled (32-bit)
 Heap Region Size: 1M
 Heap Min Capacity: 8M
 Heap Initial Capacity: 126M
 Heap Max Capacity: 1994M
 Pre-touch: Disabled
 Parallel Workers: 4
 Concurrent Workers: 1
 Concurrent Refinement Workers: 4
 Periodic GC: Disabled
Heap:
 garbage-first heap   total 86016K, used 57344K [0x0000000083600000, 0x0000000100000000)
  region size 1024K, 7 young (7168K), 4 survivors (4096K)
 Metaspace       used 53586K, committed 53888K, reserved 1114112K
  class space    used 6154K, committed 6272K, reserved 1048576K
GC Heap History (20 events):
Event: 3.329 GC heap after
{Heap after GC invocations=10 (full 0):
 garbage-first heap   total 37888K, used 22676K [0x0000000083600000, 0x0000000100000000)
  region size 1024K, 1 young (1024K), 1 survivors (1024K)
 Metaspace       used 30221K, committed 30528K, reserved 1114112K
  class space    used 3307K, committed 3456K, reserved 1048576K
}
Event: 3.773 GC heap before
{Heap before GC invocations=10 (full 0):
 garbage-first heap   total 37888K, used 29844K [0x0000000083600000, 0x0000000100000000)
  region size 1024K, 9 young (9216K), 1 survivors (1024K)
 Metaspace       used 33119K, committed 33408K, reserved 1114112K
  class space    used 4065K, committed 4224K, reserved 1048576K
}
Event: 3.777 GC heap after
{Heap after GC invocations=11 (full 0):
 garbage-first heap   total 59392K, used 23182K [0x0000000083600000, 0x0000000100000000)
  region size 1024K, 2 young (2048K), 2 survivors (2048K)
 Metaspace       used 33119K, committed 33408K, reserved 1114112K
  class space    used 4065K, committed 4224K, reserved 1048576K
}
Event: 4.245 GC heap before
{Heap before GC invocations=11 (full 0):
 garbage-first heap   total 59392K, used 44686K [0x0000000083600000, 0x0000000100000000)
  region size 1024K, 24 young (24576K), 2 survivors (2048K)
 Metaspace       used 38091K, committed 38272K, reserved 1114112K
  class space    used 4588K, committed 4672K, reserved 1048576K
}
Event: 4.260 GC heap after
{Heap after GC invocations=12 (full 0):
 garbage-first heap   total 59392K, used 24649K [0x0000000083600000, 0x0000000100000000)
  region size 1024K, 3 young (3072K), 3 survivors (3072K)
 Metaspace       used 38091K, committed 38272K, reserved 1114112K
  class space    used 4588K, committed 4672K, reserved 1048576K
}
Event: 5.537 GC heap before
{Heap before GC invocations=12 (full 0):
 garbage-first heap   total 59392K, used 47177K [0x0000000083600000, 0x0000000100000000)
  region size 1024K, 26 young (26624K), 3 survivors (3072K)
 Metaspace       used 44227K, committed 44416K, reserved 1114112K
  class space    used 5171K, committed 5248K, reserved 1048576K
}
Event: 5.544 GC heap after
{Heap after GC invocations=13 (full 0):
 garbage-first heap   total 59392K, used 27092K [0x0000000083600000, 0x0000000100000000)
  region size 1024K, 4 young (4096K), 4 survivors (4096K)
 Metaspace       used 44227K, committed 44416K, reserved 1114112K
  class space    used 5171K, committed 5248K, reserved 1048576K
}
Event: 5.866 GC heap before
{Heap before GC invocations=13 (full 0):
 garbage-first heap   total 59392K, used 38356K [0x0000000083600000, 0x0000000100000000)
  region size 1024K, 16 young (16384K), 4 survivors (4096K)
 Metaspace       used 46720K, committed 46976K, reserved 1114112K
  class space    used 5446K, committed 5568K, reserved 1048576K
}
Event: 5.876 GC heap after
{Heap after GC invocations=14 (full 0):
 garbage-first heap   total 59392K, used 28608K [0x0000000083600000, 0x0000000100000000)
  region size 1024K, 2 young (2048K), 2 survivors (2048K)
 Metaspace       used 46720K, committed 46976K, reserved 1114112K
  class space    used 5446K, committed 5568K, reserved 1048576K
}
Event: 6.886 GC heap before
{Heap before GC invocations=15 (full 0):
 garbage-first heap   total 59392K, used 49088K [0x0000000083600000, 0x0000000100000000)
  region size 1024K, 23 young (23552K), 2 survivors (2048K)
 Metaspace       used 49117K, committed 49344K, reserved 1114112K
  class space    used 5677K, committed 5760K, reserved 1048576K
}
Event: 6.898 GC heap after
{Heap after GC invocations=16 (full 0):
 garbage-first heap   total 59392K, used 33344K [0x0000000083600000, 0x0000000100000000)
  region size 1024K, 3 young (3072K), 3 survivors (3072K)
 Metaspace       used 49117K, committed 49344K, reserved 1114112K
  class space    used 5677K, committed 5760K, reserved 1048576K
}
Event: 7.146 GC heap before
{Heap before GC invocations=16 (full 0):
 garbage-first heap   total 59392K, used 49728K [0x0000000083600000, 0x0000000100000000)
  region size 1024K, 19 young (19456K), 3 survivors (3072K)
 Metaspace       used 49796K, committed 50048K, reserved 1114112K
  class space    used 5726K, committed 5824K, reserved 1048576K
}
Event: 7.159 GC heap after
{Heap after GC invocations=17 (full 0):
 garbage-first heap   total 59392K, used 37888K [0x0000000083600000, 0x0000000100000000)
  region size 1024K, 3 young (3072K), 3 survivors (3072K)
 Metaspace       used 49796K, committed 50048K, reserved 1114112K
  class space    used 5726K, committed 5824K, reserved 1048576K
}
Event: 7.461 GC heap before
{Heap before GC invocations=17 (full 0):
 garbage-first heap   total 59392K, used 49152K [0x0000000083600000, 0x0000000100000000)
  region size 1024K, 15 young (15360K), 3 survivors (3072K)
 Metaspace       used 49994K, committed 50240K, reserved 1114112K
  class space    used 5731K, committed 5824K, reserved 1048576K
}
Event: 7.468 GC heap after
{Heap after GC invocations=18 (full 0):
 garbage-first heap   total 59392K, used 41984K [0x0000000083600000, 0x0000000100000000)
  region size 1024K, 2 young (2048K), 2 survivors (2048K)
 Metaspace       used 49994K, committed 50240K, reserved 1114112K
  class space    used 5731K, committed 5824K, reserved 1048576K
}
Event: 7.921 GC heap before
{Heap before GC invocations=19 (full 0):
 garbage-first heap   total 70656K, used 50176K [0x0000000083600000, 0x0000000100000000)
  region size 1024K, 11 young (11264K), 2 survivors (2048K)
 Metaspace       used 52056K, committed 52288K, reserved 1114112K
  class space    used 5967K, committed 6080K, reserved 1048576K
}
Event: 7.926 GC heap after
{Heap after GC invocations=20 (full 0):
 garbage-first heap   total 70656K, used 43701K [0x0000000083600000, 0x0000000100000000)
  region size 1024K, 2 young (2048K), 2 survivors (2048K)
 Metaspace       used 52056K, committed 52288K, reserved 1114112K
  class space    used 5967K, committed 6080K, reserved 1048576K
}
Event: 8.063 GC heap before
{Heap before GC invocations=20 (full 0):
 garbage-first heap   total 70656K, used 60085K [0x0000000083600000, 0x0000000100000000)
  region size 1024K, 17 young (17408K), 2 survivors (2048K)
 Metaspace       used 52408K, committed 52608K, reserved 1114112K
  class space    used 6004K, committed 6080K, reserved 1048576K
}
Event: 8.071 GC heap after
{Heap after GC invocations=21 (full 0):
 garbage-first heap   total 86016K, used 48674K [0x0000000083600000, 0x0000000100000000)
  region size 1024K, 3 young (3072K), 3 survivors (3072K)
 Metaspace       used 52408K, committed 52608K, reserved 1114112K
  class space    used 6004K, committed 6080K, reserved 1048576K
}
Event: 8.359 GC heap before
{Heap before GC invocations=21 (full 0):
 garbage-first heap   total 86016K, used 70178K [0x0000000083600000, 0x0000000100000000)
  region size 1024K, 25 young (25600K), 3 survivors (3072K)
 Metaspace       used 53533K, committed 53824K, reserved 1114112K
  class space    used 6148K, committed 6272K, reserved 1048576K
}

