# JRE version: OpenJDK Runtime Environment (21.0.7) (build 21.0.7+-13880790-b1038.58)
# Java VM: OpenJDK 64-Bit Server VM (21.0.7+-13880790-b1038.58, mixed mode, tiered, compressed oops, compressed class ptrs, g1 gc, windows-amd64)
GC Precious Log:
 CardTable entry size: 512
 Card Set container configuration: InlinePtr #cards 5 size 8 Array Of Cards #cards 12 size 40 Howl #buckets 4 coarsen threshold 1843 Howl Bitmap #cards 512 size 80 coarsen threshold 460 Card regions per heap region 1 cards per card region 2048
 CPUs: 4 total, 4 available
 Memory: 7975M
 Large Page Support: Disabled
 NUMA Support: Disabled
 Compressed Oops: Enabled (32-bit)
 Heap Region Size: 1M
 Heap Min Capacity: 8M
 Heap Initial Capacity: 126M
 Heap Max Capacity: 2G
 Pre-touch: Disabled
 Parallel Workers: 4
 Concurrent Workers: 1
 Concurrent Refinement Workers: 4
 Periodic GC: Disabled
Heap:
 garbage-first heap   total 519168K, used 340480K [0x0000000080000000, 0x0000000100000000)
  region size 1024K, 130 young (133120K), 24 survivors (24576K)
 Metaspace       used 124799K, committed 127104K, reserved 1179648K
  class space    used 17231K, committed 18368K, reserved 1048576K
GC Heap History (20 events):
Event: 33.096 GC heap before
{Heap before GC invocations=56 (full 0):
 garbage-first heap   total 196608K, used 174795K [0x0000000080000000, 0x0000000100000000)
  region size 1024K, 56 young (57344K), 6 survivors (6144K)
 Metaspace       used 117147K, committed 119424K, reserved 1179648K
  class space    used 16283K, committed 17408K, reserved 1048576K
}
Event: 33.119 GC heap after
{Heap after GC invocations=57 (full 0):
 garbage-first heap   total 196608K, used 126239K [0x0000000080000000, 0x0000000100000000)
  region size 1024K, 4 young (4096K), 4 survivors (4096K)
 Metaspace       used 117147K, committed 119424K, reserved 1179648K
  class space    used 16283K, committed 17408K, reserved 1048576K
}
Event: 34.400 GC heap before
{Heap before GC invocations=57 (full 0):
 garbage-first heap   total 196608K, used 176415K [0x0000000080000000, 0x0000000100000000)
  region size 1024K, 54 young (55296K), 4 survivors (4096K)
 Metaspace       used 117633K, committed 119872K, reserved 1179648K
  class space    used 16382K, committed 17472K, reserved 1048576K
}
Event: 34.412 GC heap after
{Heap after GC invocations=58 (full 0):
 garbage-first heap   total 196608K, used 128357K [0x0000000080000000, 0x0000000100000000)
  region size 1024K, 6 young (6144K), 6 survivors (6144K)
 Metaspace       used 117633K, committed 119872K, reserved 1179648K
  class space    used 16382K, committed 17472K, reserved 1048576K
}
Event: 36.159 GC heap before
{Heap before GC invocations=59 (full 0):
 garbage-first heap   total 215040K, used 182629K [0x0000000080000000, 0x0000000100000000)
  region size 1024K, 55 young (56320K), 6 survivors (6144K)
 Metaspace       used 120084K, committed 122368K, reserved 1179648K
  class space    used 16608K, committed 17728K, reserved 1048576K
}
Event: 36.171 GC heap after
{Heap after GC invocations=60 (full 0):
 garbage-first heap   total 215040K, used 132653K [0x0000000080000000, 0x0000000100000000)
  region size 1024K, 6 young (6144K), 6 survivors (6144K)
 Metaspace       used 120084K, committed 122368K, reserved 1179648K
  class space    used 16608K, committed 17728K, reserved 1048576K
}
Event: 36.843 GC heap before
{Heap before GC invocations=60 (full 0):
 garbage-first heap   total 215040K, used 193069K [0x0000000080000000, 0x0000000100000000)
  region size 1024K, 66 young (67584K), 6 survivors (6144K)
 Metaspace       used 120348K, committed 122688K, reserved 1179648K
  class space    used 16630K, committed 17792K, reserved 1048576K
}
Event: 36.864 GC heap after
{Heap after GC invocations=61 (full 0):
 garbage-first heap   total 215040K, used 133284K [0x0000000080000000, 0x0000000100000000)
  region size 1024K, 5 young (5120K), 5 survivors (5120K)
 Metaspace       used 120348K, committed 122688K, reserved 1179648K
  class space    used 16630K, committed 17792K, reserved 1048576K
}
Event: 37.066 GC heap before
{Heap before GC invocations=61 (full 0):
 garbage-first heap   total 215040K, used 153764K [0x0000000080000000, 0x0000000100000000)
  region size 1024K, 27 young (27648K), 5 survivors (5120K)
 Metaspace       used 120540K, committed 122816K, reserved 1179648K
  class space    used 16665K, committed 17792K, reserved 1048576K
}
Event: 37.072 GC heap after
{Heap after GC invocations=62 (full 0):
 garbage-first heap   total 215040K, used 133428K [0x0000000080000000, 0x0000000100000000)
  region size 1024K, 5 young (5120K), 5 survivors (5120K)
 Metaspace       used 120540K, committed 122816K, reserved 1179648K
  class space    used 16665K, committed 17792K, reserved 1048576K
}
Event: 37.452 GC heap before
{Heap before GC invocations=63 (full 0):
 garbage-first heap   total 227328K, used 197940K [0x0000000080000000, 0x0000000100000000)
  region size 1024K, 67 young (68608K), 5 survivors (5120K)
 Metaspace       used 120975K, committed 123328K, reserved 1179648K
  class space    used 16721K, committed 17856K, reserved 1048576K
}
Event: 37.462 GC heap after
{Heap after GC invocations=64 (full 0):
 garbage-first heap   total 227328K, used 152504K [0x0000000080000000, 0x0000000100000000)
  region size 1024K, 9 young (9216K), 9 survivors (9216K)
 Metaspace       used 120975K, committed 123328K, reserved 1179648K
  class space    used 16721K, committed 17856K, reserved 1048576K
}
Event: 37.623 GC heap before
{Heap before GC invocations=64 (full 0):
 garbage-first heap   total 227328K, used 204728K [0x0000000080000000, 0x0000000100000000)
  region size 1024K, 60 young (61440K), 9 survivors (9216K)
 Metaspace       used 120975K, committed 123328K, reserved 1179648K
  class space    used 16721K, committed 17856K, reserved 1048576K
}
Event: 37.636 GC heap after
{Heap after GC invocations=65 (full 0):
 garbage-first heap   total 231424K, used 165859K [0x0000000080000000, 0x0000000100000000)
  region size 1024K, 8 young (8192K), 8 survivors (8192K)
 Metaspace       used 120975K, committed 123328K, reserved 1179648K
  class space    used 16721K, committed 17856K, reserved 1048576K
}
Event: 37.760 GC heap before
{Heap before GC invocations=65 (full 0):
 garbage-first heap   total 231424K, used 208867K [0x0000000080000000, 0x0000000100000000)
  region size 1024K, 50 young (51200K), 8 survivors (8192K)
 Metaspace       used 120975K, committed 123328K, reserved 1179648K
  class space    used 16721K, committed 17856K, reserved 1048576K
}
Event: 37.766 GC heap after
{Heap after GC invocations=66 (full 0):
 garbage-first heap   total 231424K, used 178176K [0x0000000080000000, 0x0000000100000000)
  region size 1024K, 7 young (7168K), 7 survivors (7168K)
 Metaspace       used 120975K, committed 123328K, reserved 1179648K
  class space    used 16721K, committed 17856K, reserved 1048576K
}
Event: 37.909 GC heap before
{Heap before GC invocations=66 (full 0):
 garbage-first heap   total 231424K, used 210944K [0x0000000080000000, 0x0000000100000000)
  region size 1024K, 39 young (39936K), 7 survivors (7168K)
 Metaspace       used 120975K, committed 123328K, reserved 1179648K
  class space    used 16721K, committed 17856K, reserved 1048576K
}
Event: 37.916 GC heap after
{Heap after GC invocations=67 (full 0):
 garbage-first heap   total 519168K, used 188416K [0x0000000080000000, 0x0000000100000000)
  region size 1024K, 5 young (5120K), 5 survivors (5120K)
 Metaspace       used 120975K, committed 123328K, reserved 1179648K
  class space    used 16721K, committed 17856K, reserved 1048576K
}
Event: 39.808 GC heap before
{Heap before GC invocations=68 (full 0):
 garbage-first heap   total 519168K, used 378880K [0x0000000080000000, 0x0000000100000000)
  region size 1024K, 191 young (195584K), 5 survivors (5120K)
 Metaspace       used 124797K, committed 127104K, reserved 1179648K
  class space    used 17231K, committed 18368K, reserved 1048576K
}
Event: 39.832 GC heap after
{Heap after GC invocations=69 (full 0):
 garbage-first heap   total 519168K, used 232960K [0x0000000080000000, 0x0000000100000000)
  region size 1024K, 24 young (24576K), 24 survivors (24576K)
 Metaspace       used 124797K, committed 127104K, reserved 1179648K
  class space    used 17231K, committed 18368K, reserved 1048576K
}

