# JRE version: OpenJDK Runtime Environment (21.0.7) (build 21.0.7+-13880790-b1038.58)
# Java VM: OpenJDK 64-Bit Server VM (21.0.7+-13880790-b1038.58, mixed mode, tiered, compressed oops, compressed class ptrs, g1 gc, windows-amd64)
GC Precious Log:
 CardTable entry size: 512
 Card Set container configuration: InlinePtr #cards 5 size 8 Array Of Cards #cards 12 size 40 Howl #buckets 4 coarsen threshold 1843 Howl Bitmap #cards 512 size 80 coarsen threshold 460 Card regions per heap region 1 cards per card region 2048
 CPUs: 4 total, 4 available
 Memory: 7975M
 Large Page Support: Disabled
 NUMA Support: Disabled
 Compressed Oops: Enabled (32-bit)
 Heap Region Size: 1M
 Heap Min Capacity: 8M
 Heap Initial Capacity: 126M
 Heap Max Capacity: 1994M
 Pre-touch: Disabled
 Parallel Workers: 4
 Concurrent Workers: 1
 Concurrent Refinement Workers: 4
 Periodic GC: Disabled
Heap:
 garbage-first heap   total 58368K, used 37772K [0x0000000083600000, 0x0000000100000000)
  region size 1024K, 9 young (9216K), 3 survivors (3072K)
 Metaspace       used 51915K, committed 52160K, reserved 1114112K
  class space    used 6034K, committed 6144K, reserved 1048576K
GC Heap History (20 events):
Event: 2.164 GC heap before
{Heap before GC invocations=4 (full 0):
 garbage-first heap   total 30720K, used 29065K [0x0000000083600000, 0x0000000100000000)
  region size 1024K, 24 young (24576K), 3 survivors (3072K)
 Metaspace       used 25323K, committed 25600K, reserved 1114112K
  class space    used 2700K, committed 2816K, reserved 1048576K
}
Event: 2.176 GC heap after
{Heap after GC invocations=5 (full 0):
 garbage-first heap   total 37888K, used 12517K [0x0000000083600000, 0x0000000100000000)
  region size 1024K, 7 young (7168K), 7 survivors (7168K)
 Metaspace       used 25323K, committed 25600K, reserved 1114112K
  class space    used 2700K, committed 2816K, reserved 1048576K
}
Event: 2.451 GC heap before
{Heap before GC invocations=5 (full 0):
 garbage-first heap   total 37888K, used 26853K [0x0000000083600000, 0x0000000100000000)
  region size 1024K, 21 young (21504K), 7 survivors (7168K)
 Metaspace       used 27707K, committed 27968K, reserved 1114112K
  class space    used 2993K, committed 3136K, reserved 1048576K
}
Event: 2.466 GC heap after
{Heap after GC invocations=6 (full 0):
 garbage-first heap   total 38912K, used 15674K [0x0000000083600000, 0x0000000100000000)
  region size 1024K, 3 young (3072K), 3 survivors (3072K)
 Metaspace       used 27707K, committed 27968K, reserved 1114112K
  class space    used 2993K, committed 3136K, reserved 1048576K
}
Event: 2.922 GC heap before
{Heap before GC invocations=6 (full 0):
 garbage-first heap   total 38912K, used 27962K [0x0000000083600000, 0x0000000100000000)
  region size 1024K, 16 young (16384K), 3 survivors (3072K)
 Metaspace       used 31674K, committed 32000K, reserved 1114112K
  class space    used 3679K, committed 3840K, reserved 1048576K
}
Event: 2.928 GC heap after
{Heap after GC invocations=7 (full 0):
 garbage-first heap   total 38912K, used 17767K [0x0000000083600000, 0x0000000100000000)
  region size 1024K, 2 young (2048K), 2 survivors (2048K)
 Metaspace       used 31674K, committed 32000K, reserved 1114112K
  class space    used 3679K, committed 3840K, reserved 1048576K
}
Event: 3.271 GC heap before
{Heap before GC invocations=7 (full 0):
 garbage-first heap   total 38912K, used 29031K [0x0000000083600000, 0x0000000100000000)
  region size 1024K, 14 young (14336K), 2 survivors (2048K)
 Metaspace       used 34754K, committed 34944K, reserved 1114112K
  class space    used 4231K, committed 4352K, reserved 1048576K
}
Event: 3.276 GC heap after
{Heap after GC invocations=8 (full 0):
 garbage-first heap   total 47104K, used 19147K [0x0000000083600000, 0x0000000100000000)
  region size 1024K, 2 young (2048K), 2 survivors (2048K)
 Metaspace       used 34754K, committed 34944K, reserved 1114112K
  class space    used 4231K, committed 4352K, reserved 1048576K
}
Event: 3.368 GC heap before
{Heap before GC invocations=8 (full 0):
 garbage-first heap   total 47104K, used 23243K [0x0000000083600000, 0x0000000100000000)
  region size 1024K, 7 young (7168K), 2 survivors (2048K)
 Metaspace       used 35723K, committed 35968K, reserved 1114112K
  class space    used 4347K, committed 4480K, reserved 1048576K
}
Event: 3.373 GC heap after
{Heap after GC invocations=9 (full 0):
 garbage-first heap   total 47104K, used 19644K [0x0000000083600000, 0x0000000100000000)
  region size 1024K, 2 young (2048K), 2 survivors (2048K)
 Metaspace       used 35723K, committed 35968K, reserved 1114112K
  class space    used 4347K, committed 4480K, reserved 1048576K
}
Event: 3.831 GC heap before
{Heap before GC invocations=10 (full 0):
 garbage-first heap   total 47104K, used 38076K [0x0000000083600000, 0x0000000100000000)
  region size 1024K, 21 young (21504K), 2 survivors (2048K)
 Metaspace       used 40777K, committed 41024K, reserved 1114112K
  class space    used 4851K, committed 4928K, reserved 1048576K
}
Event: 3.836 GC heap after
{Heap after GC invocations=11 (full 0):
 garbage-first heap   total 47104K, used 20542K [0x0000000083600000, 0x0000000100000000)
  region size 1024K, 3 young (3072K), 3 survivors (3072K)
 Metaspace       used 40777K, committed 41024K, reserved 1114112K
  class space    used 4851K, committed 4928K, reserved 1048576K
}
Event: 4.375 GC heap before
{Heap before GC invocations=11 (full 0):
 garbage-first heap   total 47104K, used 38974K [0x0000000083600000, 0x0000000100000000)
  region size 1024K, 22 young (22528K), 3 survivors (3072K)
 Metaspace       used 45419K, committed 45696K, reserved 1114112K
  class space    used 5370K, committed 5504K, reserved 1048576K
}
Event: 4.382 GC heap after
{Heap after GC invocations=12 (full 0):
 garbage-first heap   total 47104K, used 20765K [0x0000000083600000, 0x0000000100000000)
  region size 1024K, 3 young (3072K), 3 survivors (3072K)
 Metaspace       used 45419K, committed 45696K, reserved 1114112K
  class space    used 5370K, committed 5504K, reserved 1048576K
}
Event: 5.090 GC heap before
{Heap before GC invocations=12 (full 0):
 garbage-first heap   total 47104K, used 40221K [0x0000000083600000, 0x0000000100000000)
  region size 1024K, 22 young (22528K), 3 survivors (3072K)
 Metaspace       used 47960K, committed 48192K, reserved 1114112K
  class space    used 5603K, committed 5696K, reserved 1048576K
}
Event: 5.104 GC heap after
{Heap after GC invocations=13 (full 0):
 garbage-first heap   total 48128K, used 25244K [0x0000000083600000, 0x0000000100000000)
  region size 1024K, 3 young (3072K), 3 survivors (3072K)
 Metaspace       used 47960K, committed 48192K, reserved 1114112K
  class space    used 5603K, committed 5696K, reserved 1048576K
}
Event: 5.404 GC heap before
{Heap before GC invocations=13 (full 0):
 garbage-first heap   total 48128K, used 40604K [0x0000000083600000, 0x0000000100000000)
  region size 1024K, 18 young (18432K), 3 survivors (3072K)
 Metaspace       used 49246K, committed 49472K, reserved 1114112K
  class space    used 5739K, committed 5824K, reserved 1048576K
}
Event: 5.417 GC heap after
{Heap after GC invocations=14 (full 0):
 garbage-first heap   total 58368K, used 28525K [0x0000000083600000, 0x0000000100000000)
  region size 1024K, 3 young (3072K), 3 survivors (3072K)
 Metaspace       used 49246K, committed 49472K, reserved 1114112K
  class space    used 5739K, committed 5824K, reserved 1048576K
}
Event: 6.707 GC heap before
{Heap before GC invocations=15 (full 0):
 garbage-first heap   total 58368K, used 49005K [0x0000000083600000, 0x0000000100000000)
  region size 1024K, 22 young (22528K), 3 survivors (3072K)
 Metaspace       used 51913K, committed 52160K, reserved 1114112K
  class space    used 6034K, committed 6144K, reserved 1048576K
}
Event: 6.849 GC heap after
{Heap after GC invocations=16 (full 0):
 garbage-first heap   total 58368K, used 32652K [0x0000000083600000, 0x0000000100000000)
  region size 1024K, 3 young (3072K), 3 survivors (3072K)
 Metaspace       used 51913K, committed 52160K, reserved 1114112K
  class space    used 6034K, committed 6144K, reserved 1048576K
}

