# JRE version: OpenJDK Runtime Environment (21.0.7) (build 21.0.7+-13880790-b1038.58)
# Java VM: OpenJDK 64-Bit Server VM (21.0.7+-13880790-b1038.58, mixed mode, tiered, compressed oops, compressed class ptrs, g1 gc, windows-amd64)
GC Precious Log:
 CardTable entry size: 512
 Card Set container configuration: InlinePtr #cards 5 size 8 Array Of Cards #cards 12 size 40 Howl #buckets 4 coarsen threshold 1843 Howl Bitmap #cards 512 size 80 coarsen threshold 460 Card regions per heap region 1 cards per card region 2048
 CPUs: 4 total, 4 available
 Memory: 7975M
 Large Page Support: Disabled
 NUMA Support: Disabled
 Compressed Oops: Enabled (32-bit)
 Heap Region Size: 1M
 Heap Min Capacity: 8M
 Heap Initial Capacity: 126M
 Heap Max Capacity: 2G
 Pre-touch: Disabled
 Parallel Workers: 4
 Concurrent Workers: 1
 Concurrent Refinement Workers: 4
 Periodic GC: Disabled
Heap:
 garbage-first heap   total 432128K, used 346010K [0x0000000080000000, 0x0000000100000000)
  region size 1024K, 18 young (18432K), 1 survivors (1024K)
 Metaspace       used 144316K, committed 146752K, reserved 1179648K
  class space    used 19837K, committed 21056K, reserved 1048576K
GC Heap History (20 events):
Event: 127.950 GC heap before
{Heap before GC invocations=111 (full 0):
 garbage-first heap   total 288768K, used 268845K [0x0000000080000000, 0x0000000100000000)
  region size 1024K, 106 young (108544K), 4 survivors (4096K)
 Metaspace       used 142963K, committed 145344K, reserved 1179648K
  class space    used 19677K, committed 20864K, reserved 1048576K
}
Event: 127.956 GC heap after
{Heap after GC invocations=112 (full 0):
 garbage-first heap   total 288768K, used 165364K [0x0000000080000000, 0x0000000100000000)
  region size 1024K, 5 young (5120K), 5 survivors (5120K)
 Metaspace       used 142963K, committed 145344K, reserved 1179648K
  class space    used 19677K, committed 20864K, reserved 1048576K
}
Event: 135.663 GC heap before
{Heap before GC invocations=113 (full 0):
 garbage-first heap   total 288768K, used 271860K [0x0000000080000000, 0x0000000100000000)
  region size 1024K, 104 young (106496K), 5 survivors (5120K)
 Metaspace       used 143710K, committed 146176K, reserved 1179648K
  class space    used 19749K, committed 20992K, reserved 1048576K
}
Event: 135.673 GC heap after
{Heap after GC invocations=114 (full 0):
 garbage-first heap   total 288768K, used 166748K [0x0000000080000000, 0x0000000100000000)
  region size 1024K, 6 young (6144K), 6 survivors (6144K)
 Metaspace       used 143710K, committed 146176K, reserved 1179648K
  class space    used 19749K, committed 20992K, reserved 1048576K
}
Event: 136.144 GC heap before
{Heap before GC invocations=114 (full 0):
 garbage-first heap   total 288768K, used 267100K [0x0000000080000000, 0x0000000100000000)
  region size 1024K, 103 young (105472K), 6 survivors (6144K)
 Metaspace       used 143779K, committed 146240K, reserved 1179648K
  class space    used 19757K, committed 20992K, reserved 1048576K
}
Event: 136.153 GC heap after
{Heap after GC invocations=115 (full 0):
 garbage-first heap   total 288768K, used 166456K [0x0000000080000000, 0x0000000100000000)
  region size 1024K, 7 young (7168K), 7 survivors (7168K)
 Metaspace       used 143779K, committed 146240K, reserved 1179648K
  class space    used 19757K, committed 20992K, reserved 1048576K
}
Event: 136.574 GC heap before
{Heap before GC invocations=115 (full 0):
 garbage-first heap   total 288768K, used 265784K [0x0000000080000000, 0x0000000100000000)
  region size 1024K, 104 young (106496K), 7 survivors (7168K)
 Metaspace       used 143779K, committed 146240K, reserved 1179648K
  class space    used 19757K, committed 20992K, reserved 1048576K
}
Event: 136.582 GC heap after
{Heap after GC invocations=116 (full 0):
 garbage-first heap   total 288768K, used 166935K [0x0000000080000000, 0x0000000100000000)
  region size 1024K, 8 young (8192K), 8 survivors (8192K)
 Metaspace       used 143779K, committed 146240K, reserved 1179648K
  class space    used 19757K, committed 20992K, reserved 1048576K
}
Event: 137.168 GC heap before
{Heap before GC invocations=117 (full 0):
 garbage-first heap   total 288768K, used 264215K [0x0000000080000000, 0x0000000100000000)
  region size 1024K, 103 young (105472K), 8 survivors (8192K)
 Metaspace       used 143779K, committed 146240K, reserved 1179648K
  class space    used 19757K, committed 20992K, reserved 1048576K
}
Event: 137.176 GC heap after
{Heap after GC invocations=118 (full 0):
 garbage-first heap   total 288768K, used 168161K [0x0000000080000000, 0x0000000100000000)
  region size 1024K, 4 young (4096K), 4 survivors (4096K)
 Metaspace       used 143779K, committed 146240K, reserved 1179648K
  class space    used 19757K, committed 20992K, reserved 1048576K
}
Event: 137.632 GC heap before
{Heap before GC invocations=118 (full 0):
 garbage-first heap   total 288768K, used 273633K [0x0000000080000000, 0x0000000100000000)
  region size 1024K, 102 young (104448K), 4 survivors (4096K)
 Metaspace       used 143779K, committed 146240K, reserved 1179648K
  class space    used 19757K, committed 20992K, reserved 1048576K
}
Event: 137.639 GC heap after
{Heap after GC invocations=119 (full 0):
 garbage-first heap   total 288768K, used 174079K [0x0000000080000000, 0x0000000100000000)
  region size 1024K, 8 young (8192K), 8 survivors (8192K)
 Metaspace       used 143779K, committed 146240K, reserved 1179648K
  class space    used 19757K, committed 20992K, reserved 1048576K
}
Event: 137.666 GC heap before
{Heap before GC invocations=119 (full 0):
 garbage-first heap   total 288768K, used 175103K [0x0000000080000000, 0x0000000100000000)
  region size 1024K, 11 young (11264K), 8 survivors (8192K)
 Metaspace       used 143779K, committed 146240K, reserved 1179648K
  class space    used 19757K, committed 20992K, reserved 1048576K
}
Event: 137.670 GC heap after
{Heap after GC invocations=120 (full 0):
 garbage-first heap   total 288768K, used 174939K [0x0000000080000000, 0x0000000100000000)
  region size 1024K, 7 young (7168K), 7 survivors (7168K)
 Metaspace       used 143779K, committed 146240K, reserved 1179648K
  class space    used 19757K, committed 20992K, reserved 1048576K
}
Event: 138.248 GC heap before
{Heap before GC invocations=121 (full 0):
 garbage-first heap   total 378880K, used 320347K [0x0000000080000000, 0x0000000100000000)
  region size 1024K, 89 young (91136K), 7 survivors (7168K)
 Metaspace       used 144196K, committed 146624K, reserved 1179648K
  class space    used 19830K, committed 21056K, reserved 1048576K
}
Event: 138.255 GC heap after
{Heap after GC invocations=122 (full 0):
 garbage-first heap   total 378880K, used 241189K [0x0000000080000000, 0x0000000100000000)
  region size 1024K, 12 young (12288K), 12 survivors (12288K)
 Metaspace       used 144196K, committed 146624K, reserved 1179648K
  class space    used 19830K, committed 21056K, reserved 1048576K
}
Event: 138.406 GC heap before
{Heap before GC invocations=122 (full 0):
 garbage-first heap   total 409600K, used 408101K [0x0000000080000000, 0x0000000100000000)
  region size 1024K, 58 young (59392K), 12 survivors (12288K)
 Metaspace       used 144212K, committed 146624K, reserved 1179648K
  class space    used 19831K, committed 21056K, reserved 1048576K
}
Event: 138.426 GC heap after
{Heap after GC invocations=123 (full 0):
 garbage-first heap   total 432128K, used 333096K [0x0000000080000000, 0x0000000100000000)
  region size 1024K, 15 young (15360K), 15 survivors (15360K)
 Metaspace       used 144212K, committed 146624K, reserved 1179648K
  class space    used 19831K, committed 21056K, reserved 1048576K
}
Event: 138.437 GC heap before
{Heap before GC invocations=123 (full 0):
 garbage-first heap   total 432128K, used 335144K [0x0000000080000000, 0x0000000100000000)
  region size 1024K, 18 young (18432K), 15 survivors (15360K)
 Metaspace       used 144212K, committed 146624K, reserved 1179648K
  class space    used 19831K, committed 21056K, reserved 1048576K
}
Event: 138.442 GC heap after
{Heap after GC invocations=124 (full 0):
 garbage-first heap   total 432128K, used 294810K [0x0000000080000000, 0x0000000100000000)
  region size 1024K, 1 young (1024K), 1 survivors (1024K)
 Metaspace       used 144212K, committed 146624K, reserved 1179648K
  class space    used 19831K, committed 21056K, reserved 1048576K
}

