# JRE version: OpenJDK Runtime Environment (21.0.7) (build 21.0.7+-13880790-b1038.58)
# Java VM: OpenJDK 64-Bit Server VM (21.0.7+-13880790-b1038.58, mixed mode, tiered, compressed oops, compressed class ptrs, g1 gc, windows-amd64)
GC Precious Log:
 CardTable entry size: 512
 Card Set container configuration: InlinePtr #cards 5 size 8 Array Of Cards #cards 12 size 40 Howl #buckets 4 coarsen threshold 1843 Howl Bitmap #cards 512 size 80 coarsen threshold 460 Card regions per heap region 1 cards per card region 2048
 CPUs: 4 total, 4 available
 Memory: 7975M
 Large Page Support: Disabled
 NUMA Support: Disabled
 Compressed Oops: Enabled (32-bit)
 Heap Region Size: 1M
 Heap Min Capacity: 8M
 Heap Initial Capacity: 126M
 Heap Max Capacity: 2G
 Pre-touch: Disabled
 Parallel Workers: 4
 Concurrent Workers: 1
 Concurrent Refinement Workers: 4
 Periodic GC: Disabled
Heap:
 garbage-first heap   total 459776K, used 429556K [0x0000000080000000, 0x0000000100000000)
  region size 1024K, 102 young (104448K), 23 survivors (23552K)
 Metaspace       used 132803K, committed 135168K, reserved 1179648K
  class space    used 18088K, committed 19264K, reserved 1048576K
GC Heap History (20 events):
Event: 38.548 GC heap after
{Heap after GC invocations=72 (full 0):
 garbage-first heap   total 269312K, used 145963K [0x0000000080000000, 0x0000000100000000)
  region size 1024K, 12 young (12288K), 12 survivors (12288K)
 Metaspace       used 123538K, committed 125824K, reserved 1179648K
  class space    used 16912K, committed 18048K, reserved 1048576K
}
Event: 38.854 GC heap before
{Heap before GC invocations=72 (full 0):
 garbage-first heap   total 269312K, used 242219K [0x0000000080000000, 0x0000000100000000)
  region size 1024K, 106 young (108544K), 12 survivors (12288K)
 Metaspace       used 123539K, committed 125824K, reserved 1179648K
  class space    used 16913K, committed 18048K, reserved 1048576K
}
Event: 38.865 GC heap after
{Heap after GC invocations=73 (full 0):
 garbage-first heap   total 269312K, used 145225K [0x0000000080000000, 0x0000000100000000)
  region size 1024K, 8 young (8192K), 8 survivors (8192K)
 Metaspace       used 123539K, committed 125824K, reserved 1179648K
  class space    used 16913K, committed 18048K, reserved 1048576K
}
Event: 39.120 GC heap before
{Heap before GC invocations=73 (full 0):
 garbage-first heap   total 269312K, used 245577K [0x0000000080000000, 0x0000000100000000)
  region size 1024K, 106 young (108544K), 8 survivors (8192K)
 Metaspace       used 123539K, committed 125824K, reserved 1179648K
  class space    used 16913K, committed 18048K, reserved 1048576K
}
Event: 39.125 GC heap after
{Heap after GC invocations=74 (full 0):
 garbage-first heap   total 269312K, used 145110K [0x0000000080000000, 0x0000000100000000)
  region size 1024K, 8 young (8192K), 8 survivors (8192K)
 Metaspace       used 123539K, committed 125824K, reserved 1179648K
  class space    used 16913K, committed 18048K, reserved 1048576K
}
Event: 39.338 GC heap before
{Heap before GC invocations=74 (full 0):
 garbage-first heap   total 269312K, used 245462K [0x0000000080000000, 0x0000000100000000)
  region size 1024K, 106 young (108544K), 8 survivors (8192K)
 Metaspace       used 123539K, committed 125824K, reserved 1179648K
  class space    used 16913K, committed 18048K, reserved 1048576K
}
Event: 39.344 GC heap after
{Heap after GC invocations=75 (full 0):
 garbage-first heap   total 269312K, used 145783K [0x0000000080000000, 0x0000000100000000)
  region size 1024K, 8 young (8192K), 8 survivors (8192K)
 Metaspace       used 123539K, committed 125824K, reserved 1179648K
  class space    used 16913K, committed 18048K, reserved 1048576K
}
Event: 39.505 GC heap before
{Heap before GC invocations=76 (full 0):
 garbage-first heap   total 269312K, used 246135K [0x0000000080000000, 0x0000000100000000)
  region size 1024K, 106 young (108544K), 8 survivors (8192K)
 Metaspace       used 123539K, committed 125824K, reserved 1179648K
  class space    used 16913K, committed 18048K, reserved 1048576K
}
Event: 39.511 GC heap after
{Heap after GC invocations=77 (full 0):
 garbage-first heap   total 269312K, used 146392K [0x0000000080000000, 0x0000000100000000)
  region size 1024K, 3 young (3072K), 3 survivors (3072K)
 Metaspace       used 123539K, committed 125824K, reserved 1179648K
  class space    used 16913K, committed 18048K, reserved 1048576K
}
Event: 39.620 GC heap before
{Heap before GC invocations=77 (full 0):
 garbage-first heap   total 269312K, used 250840K [0x0000000080000000, 0x0000000100000000)
  region size 1024K, 105 young (107520K), 3 survivors (3072K)
 Metaspace       used 123539K, committed 125824K, reserved 1179648K
  class space    used 16913K, committed 18048K, reserved 1048576K
}
Event: 39.627 GC heap after
{Heap after GC invocations=78 (full 0):
 garbage-first heap   total 269312K, used 144204K [0x0000000080000000, 0x0000000100000000)
  region size 1024K, 3 young (3072K), 3 survivors (3072K)
 Metaspace       used 123539K, committed 125824K, reserved 1179648K
  class space    used 16913K, committed 18048K, reserved 1048576K
}
Event: 39.842 GC heap before
{Heap before GC invocations=78 (full 0):
 garbage-first heap   total 269312K, used 251724K [0x0000000080000000, 0x0000000100000000)
  region size 1024K, 108 young (110592K), 3 survivors (3072K)
 Metaspace       used 123539K, committed 125824K, reserved 1179648K
  class space    used 16913K, committed 18048K, reserved 1048576K
}
Event: 39.847 GC heap after
{Heap after GC invocations=79 (full 0):
 garbage-first heap   total 362496K, used 144873K [0x0000000080000000, 0x0000000100000000)
  region size 1024K, 4 young (4096K), 4 survivors (4096K)
 Metaspace       used 123539K, committed 125824K, reserved 1179648K
  class space    used 16913K, committed 18048K, reserved 1048576K
}
Event: 40.244 GC heap before
{Heap before GC invocations=80 (full 0):
 garbage-first heap   total 362496K, used 332265K [0x0000000080000000, 0x0000000100000000)
  region size 1024K, 187 young (191488K), 4 survivors (4096K)
 Metaspace       used 123539K, committed 125824K, reserved 1179648K
  class space    used 16913K, committed 18048K, reserved 1048576K
}
Event: 40.249 GC heap after
{Heap after GC invocations=81 (full 0):
 garbage-first heap   total 362496K, used 146022K [0x0000000080000000, 0x0000000100000000)
  region size 1024K, 5 young (5120K), 5 survivors (5120K)
 Metaspace       used 123539K, committed 125824K, reserved 1179648K
  class space    used 16913K, committed 18048K, reserved 1048576K
}
Event: 45.891 GC heap before
{Heap before GC invocations=81 (full 0):
 garbage-first heap   total 362496K, used 336486K [0x0000000080000000, 0x0000000100000000)
  region size 1024K, 192 young (196608K), 5 survivors (5120K)
 Metaspace       used 127965K, committed 130304K, reserved 1179648K
  class space    used 17515K, committed 18688K, reserved 1048576K
}
Event: 45.913 GC heap after
{Heap after GC invocations=82 (full 0):
 garbage-first heap   total 362496K, used 151183K [0x0000000080000000, 0x0000000100000000)
  region size 1024K, 15 young (15360K), 15 survivors (15360K)
 Metaspace       used 127965K, committed 130304K, reserved 1179648K
  class space    used 17515K, committed 18688K, reserved 1048576K
}
Event: 46.275 GC heap before
{Heap before GC invocations=82 (full 0):
 garbage-first heap   total 362496K, used 181903K [0x0000000080000000, 0x0000000100000000)
  region size 1024K, 47 young (48128K), 15 survivors (15360K)
 Metaspace       used 128037K, committed 130368K, reserved 1179648K
  class space    used 17527K, committed 18688K, reserved 1048576K
}
Event: 46.287 GC heap after
{Heap after GC invocations=83 (full 0):
 garbage-first heap   total 362496K, used 152160K [0x0000000080000000, 0x0000000100000000)
  region size 1024K, 14 young (14336K), 14 survivors (14336K)
 Metaspace       used 128037K, committed 130368K, reserved 1179648K
  class space    used 17527K, committed 18688K, reserved 1048576K
}
Event: 50.182 GC heap before
{Heap before GC invocations=84 (full 0):
 garbage-first heap   total 431104K, used 428640K [0x0000000080000000, 0x0000000100000000)
  region size 1024K, 93 young (95232K), 14 survivors (14336K)
 Metaspace       used 132803K, committed 135168K, reserved 1179648K
  class space    used 18088K, committed 19264K, reserved 1048576K
}

