# JRE version: OpenJDK Runtime Environment (21.0.7) (build 21.0.7+-13880790-b1038.58)
# Java VM: OpenJDK 64-Bit Server VM (21.0.7+-13880790-b1038.58, mixed mode, tiered, compressed oops, compressed class ptrs, g1 gc, windows-amd64)
GC Precious Log:
 CardTable entry size: 512
 Card Set container configuration: InlinePtr #cards 5 size 8 Array Of Cards #cards 12 size 40 Howl #buckets 4 coarsen threshold 1843 Howl Bitmap #cards 512 size 80 coarsen threshold 460 Card regions per heap region 1 cards per card region 2048
 CPUs: 4 total, 4 available
 Memory: 7975M
 Large Page Support: Disabled
 NUMA Support: Disabled
 Compressed Oops: Enabled (32-bit)
 Heap Region Size: 1M
 Heap Min Capacity: 8M
 Heap Initial Capacity: 126M
 Heap Max Capacity: 2G
 Pre-touch: Disabled
 Parallel Workers: 4
 Concurrent Workers: 1
 Concurrent Refinement Workers: 4
 Periodic GC: Disabled
Heap:
 garbage-first heap   total 409600K, used 334848K [0x0000000080000000, 0x0000000100000000)
  region size 1024K, 90 young (92160K), 11 survivors (11264K)
 Metaspace       used 201984K, committed 205056K, reserved 1245184K
  class space    used 26191K, committed 27712K, reserved 1048576K
GC Heap History (20 events):
Event: 53.103 GC heap before
{Heap before GC invocations=56 (full 0):
 garbage-first heap   total 352256K, used 300032K [0x0000000080000000, 0x0000000100000000)
  region size 1024K, 99 young (101376K), 12 survivors (12288K)
 Metaspace       used 157604K, committed 160128K, reserved 1245184K
  class space    used 20600K, committed 21824K, reserved 1048576K
}
Event: 53.137 GC heap after
{Heap after GC invocations=57 (full 0):
 garbage-first heap   total 352256K, used 218865K [0x0000000080000000, 0x0000000100000000)
  region size 1024K, 9 young (9216K), 9 survivors (9216K)
 Metaspace       used 157604K, committed 160128K, reserved 1245184K
  class space    used 20600K, committed 21824K, reserved 1048576K
}
Event: 65.792 GC heap before
{Heap before GC invocations=57 (full 0):
 garbage-first heap   total 352256K, used 317169K [0x0000000080000000, 0x0000000100000000)
  region size 1024K, 105 young (107520K), 9 survivors (9216K)
 Metaspace       used 165027K, committed 167616K, reserved 1245184K
  class space    used 21278K, committed 22528K, reserved 1048576K
}
Event: 65.813 GC heap after
{Heap after GC invocations=58 (full 0):
 garbage-first heap   total 352256K, used 222176K [0x0000000080000000, 0x0000000100000000)
  region size 1024K, 7 young (7168K), 7 survivors (7168K)
 Metaspace       used 165027K, committed 167616K, reserved 1245184K
  class space    used 21278K, committed 22528K, reserved 1048576K
}
Event: 69.673 GC heap before
{Heap before GC invocations=58 (full 0):
 garbage-first heap   total 352256K, used 318432K [0x0000000080000000, 0x0000000100000000)
  region size 1024K, 102 young (104448K), 7 survivors (7168K)
 Metaspace       used 172262K, committed 174976K, reserved 1245184K
  class space    used 22483K, committed 23808K, reserved 1048576K
}
Event: 69.692 GC heap after
{Heap after GC invocations=59 (full 0):
 garbage-first heap   total 352256K, used 218592K [0x0000000080000000, 0x0000000100000000)
  region size 1024K, 11 young (11264K), 11 survivors (11264K)
 Metaspace       used 172262K, committed 174976K, reserved 1245184K
  class space    used 22483K, committed 23808K, reserved 1048576K
}
Event: 75.230 GC heap before
{Heap before GC invocations=60 (full 0):
 garbage-first heap   total 368640K, used 322016K [0x0000000080000000, 0x0000000100000000)
  region size 1024K, 111 young (113664K), 11 survivors (11264K)
 Metaspace       used 177165K, committed 179968K, reserved 1245184K
  class space    used 23199K, committed 24640K, reserved 1048576K
}
Event: 75.252 GC heap after
{Heap after GC invocations=61 (full 0):
 garbage-first heap   total 368640K, used 227277K [0x0000000080000000, 0x0000000100000000)
  region size 1024K, 11 young (11264K), 11 survivors (11264K)
 Metaspace       used 177165K, committed 179968K, reserved 1245184K
  class space    used 23199K, committed 24640K, reserved 1048576K
}
Event: 76.581 GC heap before
{Heap before GC invocations=61 (full 0):
 garbage-first heap   total 368640K, used 333773K [0x0000000080000000, 0x0000000100000000)
  region size 1024K, 115 young (117760K), 11 survivors (11264K)
 Metaspace       used 177169K, committed 180032K, reserved 1245184K
  class space    used 23199K, committed 24640K, reserved 1048576K
}
Event: 76.608 GC heap after
{Heap after GC invocations=62 (full 0):
 garbage-first heap   total 368640K, used 228105K [0x0000000080000000, 0x0000000100000000)
  region size 1024K, 10 young (10240K), 10 survivors (10240K)
 Metaspace       used 177169K, committed 180032K, reserved 1245184K
  class space    used 23199K, committed 24640K, reserved 1048576K
}
Event: 78.110 GC heap before
{Heap before GC invocations=62 (full 0):
 garbage-first heap   total 368640K, used 313097K [0x0000000080000000, 0x0000000100000000)
  region size 1024K, 95 young (97280K), 10 survivors (10240K)
 Metaspace       used 177825K, committed 180672K, reserved 1245184K
  class space    used 23265K, committed 24704K, reserved 1048576K
}
Event: 78.129 GC heap after
{Heap after GC invocations=63 (full 0):
 garbage-first heap   total 368640K, used 232391K [0x0000000080000000, 0x0000000100000000)
  region size 1024K, 10 young (10240K), 10 survivors (10240K)
 Metaspace       used 177825K, committed 180672K, reserved 1245184K
  class space    used 23265K, committed 24704K, reserved 1048576K
}
Event: 82.212 GC heap before
{Heap before GC invocations=64 (full 0):
 garbage-first heap   total 388096K, used 336839K [0x0000000080000000, 0x0000000100000000)
  region size 1024K, 113 young (115712K), 10 survivors (10240K)
 Metaspace       used 188258K, committed 191104K, reserved 1245184K
  class space    used 24663K, committed 26112K, reserved 1048576K
}
Event: 82.226 GC heap after
{Heap after GC invocations=65 (full 0):
 garbage-first heap   total 388096K, used 235520K [0x0000000080000000, 0x0000000100000000)
  region size 1024K, 11 young (11264K), 11 survivors (11264K)
 Metaspace       used 188258K, committed 191104K, reserved 1245184K
  class space    used 24663K, committed 26112K, reserved 1048576K
}
Event: 87.173 GC heap before
{Heap before GC invocations=65 (full 0):
 garbage-first heap   total 388096K, used 361472K [0x0000000080000000, 0x0000000100000000)
  region size 1024K, 129 young (132096K), 11 survivors (11264K)
 Metaspace       used 192603K, committed 195456K, reserved 1245184K
  class space    used 25036K, committed 26432K, reserved 1048576K
}
Event: 87.197 GC heap after
{Heap after GC invocations=66 (full 0):
 garbage-first heap   total 388096K, used 235240K [0x0000000080000000, 0x0000000100000000)
  region size 1024K, 16 young (16384K), 16 survivors (16384K)
 Metaspace       used 192603K, committed 195456K, reserved 1245184K
  class space    used 25036K, committed 26432K, reserved 1048576K
}
Event: 93.046 GC heap before
{Heap before GC invocations=66 (full 0):
 garbage-first heap   total 388096K, used 350952K [0x0000000080000000, 0x0000000100000000)
  region size 1024K, 129 young (132096K), 16 survivors (16384K)
 Metaspace       used 196110K, committed 199040K, reserved 1245184K
  class space    used 25424K, committed 26880K, reserved 1048576K
}
Event: 93.080 GC heap after
{Heap after GC invocations=67 (full 0):
 garbage-first heap   total 388096K, used 244609K [0x0000000080000000, 0x0000000100000000)
  region size 1024K, 12 young (12288K), 12 survivors (12288K)
 Metaspace       used 196110K, committed 199040K, reserved 1245184K
  class space    used 25424K, committed 26880K, reserved 1048576K
}
Event: 134.797 GC heap before
{Heap before GC invocations=68 (full 0):
 garbage-first heap   total 409600K, used 354177K [0x0000000080000000, 0x0000000100000000)
  region size 1024K, 119 young (121856K), 12 survivors (12288K)
 Metaspace       used 199412K, committed 202368K, reserved 1245184K
  class space    used 25866K, committed 27328K, reserved 1048576K
}
Event: 134.929 GC heap after
{Heap after GC invocations=69 (full 0):
 garbage-first heap   total 409600K, used 254976K [0x0000000080000000, 0x0000000100000000)
  region size 1024K, 11 young (11264K), 11 survivors (11264K)
 Metaspace       used 199412K, committed 202368K, reserved 1245184K
  class space    used 25866K, committed 27328K, reserved 1048576K
}

