# JRE version: OpenJDK Runtime Environment (21.0.7) (build 21.0.7+-13880790-b1038.58)
# Java VM: OpenJDK 64-Bit Server VM (21.0.7+-13880790-b1038.58, mixed mode, tiered, compressed oops, compressed class ptrs, g1 gc, windows-amd64)
GC Precious Log:
 CardTable entry size: 512
 Card Set container configuration: InlinePtr #cards 5 size 8 Array Of Cards #cards 12 size 40 Howl #buckets 4 coarsen threshold 1843 Howl Bitmap #cards 512 size 80 coarsen threshold 460 Card regions per heap region 1 cards per card region 2048
 CPUs: 4 total, 4 available
 Memory: 7975M
 Large Page Support: Disabled
 NUMA Support: Disabled
 Compressed Oops: Enabled (32-bit)
 Heap Region Size: 1M
 Heap Min Capacity: 8M
 Heap Initial Capacity: 126M
 Heap Max Capacity: 2G
 Pre-touch: Disabled
 Parallel Workers: 4
 Concurrent Workers: 1
 Concurrent Refinement Workers: 4
 Periodic GC: Disabled
Heap:
 garbage-first heap   total 115712K, used 76639K [0x0000000080000000, 0x0000000100000000)
  region size 1024K, 2 young (2048K), 2 survivors (2048K)
 Metaspace       used 79239K, committed 81152K, reserved 1179648K
  class space    used 10774K, committed 11712K, reserved 1048576K
GC Heap History (20 events):
Event: 11.122 GC heap after
{Heap after GC invocations=20 (full 0):
 garbage-first heap   total 86016K, used 42648K [0x0000000080000000, 0x0000000100000000)
  region size 1024K, 4 young (4096K), 4 survivors (4096K)
 Metaspace       used 63362K, committed 64960K, reserved 1114112K
  class space    used 8681K, committed 9472K, reserved 1048576K
}
Event: 12.401 GC heap before
{Heap before GC invocations=20 (full 0):
 garbage-first heap   total 86016K, used 76440K [0x0000000080000000, 0x0000000100000000)
  region size 1024K, 37 young (37888K), 4 survivors (4096K)
 Metaspace       used 67748K, committed 69440K, reserved 1114112K
  class space    used 9364K, committed 10176K, reserved 1048576K
}
Event: 12.423 GC heap after
{Heap after GC invocations=21 (full 0):
 garbage-first heap   total 86016K, used 44691K [0x0000000080000000, 0x0000000100000000)
  region size 1024K, 5 young (5120K), 5 survivors (5120K)
 Metaspace       used 67748K, committed 69440K, reserved 1114112K
  class space    used 9364K, committed 10176K, reserved 1048576K
}
Event: 14.077 GC heap before
{Heap before GC invocations=22 (full 0):
 garbage-first heap   total 86016K, used 74387K [0x0000000080000000, 0x0000000100000000)
  region size 1024K, 34 young (34816K), 5 survivors (5120K)
 Metaspace       used 71290K, committed 73088K, reserved 1114112K
  class space    used 9929K, committed 10816K, reserved 1048576K
}
Event: 14.095 GC heap after
{Heap after GC invocations=23 (full 0):
 garbage-first heap   total 86016K, used 46579K [0x0000000080000000, 0x0000000100000000)
  region size 1024K, 4 young (4096K), 4 survivors (4096K)
 Metaspace       used 71290K, committed 73088K, reserved 1114112K
  class space    used 9929K, committed 10816K, reserved 1048576K
}
Event: 15.753 GC heap before
{Heap before GC invocations=23 (full 0):
 garbage-first heap   total 86016K, used 75251K [0x0000000080000000, 0x0000000100000000)
  region size 1024K, 33 young (33792K), 4 survivors (4096K)
 Metaspace       used 72023K, committed 73728K, reserved 1114112K
  class space    used 9964K, committed 10816K, reserved 1048576K
}
Event: 15.781 GC heap after
{Heap after GC invocations=24 (full 0):
 garbage-first heap   total 86016K, used 49957K [0x0000000080000000, 0x0000000100000000)
  region size 1024K, 5 young (5120K), 5 survivors (5120K)
 Metaspace       used 72023K, committed 73728K, reserved 1114112K
  class space    used 9964K, committed 10816K, reserved 1048576K
}
Event: 16.544 GC heap before
{Heap before GC invocations=24 (full 0):
 garbage-first heap   total 86016K, used 75557K [0x0000000080000000, 0x0000000100000000)
  region size 1024K, 30 young (30720K), 5 survivors (5120K)
 Metaspace       used 72200K, committed 73920K, reserved 1114112K
  class space    used 9965K, committed 10816K, reserved 1048576K
}
Event: 16.567 GC heap after
{Heap after GC invocations=25 (full 0):
 garbage-first heap   total 103424K, used 51497K [0x0000000080000000, 0x0000000100000000)
  region size 1024K, 3 young (3072K), 3 survivors (3072K)
 Metaspace       used 72200K, committed 73920K, reserved 1114112K
  class space    used 9965K, committed 10816K, reserved 1048576K
}
Event: 17.455 GC heap before
{Heap before GC invocations=26 (full 0):
 garbage-first heap   total 103424K, used 90409K [0x0000000080000000, 0x0000000100000000)
  region size 1024K, 42 young (43008K), 3 survivors (3072K)
 Metaspace       used 72388K, committed 74112K, reserved 1114112K
  class space    used 9965K, committed 10816K, reserved 1048576K
}
Event: 17.466 GC heap after
{Heap after GC invocations=27 (full 0):
 garbage-first heap   total 103424K, used 52348K [0x0000000080000000, 0x0000000100000000)
  region size 1024K, 4 young (4096K), 4 survivors (4096K)
 Metaspace       used 72388K, committed 74112K, reserved 1114112K
  class space    used 9965K, committed 10816K, reserved 1048576K
}
Event: 18.109 GC heap before
{Heap before GC invocations=27 (full 0):
 garbage-first heap   total 103424K, used 91260K [0x0000000080000000, 0x0000000100000000)
  region size 1024K, 43 young (44032K), 4 survivors (4096K)
 Metaspace       used 72421K, committed 74112K, reserved 1114112K
  class space    used 9965K, committed 10816K, reserved 1048576K
}
Event: 18.125 GC heap after
{Heap after GC invocations=28 (full 0):
 garbage-first heap   total 103424K, used 52564K [0x0000000080000000, 0x0000000100000000)
  region size 1024K, 4 young (4096K), 4 survivors (4096K)
 Metaspace       used 72421K, committed 74112K, reserved 1114112K
  class space    used 9965K, committed 10816K, reserved 1048576K
}
Event: 18.631 GC heap before
{Heap before GC invocations=28 (full 0):
 garbage-first heap   total 103424K, used 92500K [0x0000000080000000, 0x0000000100000000)
  region size 1024K, 43 young (44032K), 4 survivors (4096K)
 Metaspace       used 72674K, committed 74432K, reserved 1114112K
  class space    used 10000K, committed 10880K, reserved 1048576K
}
Event: 18.646 GC heap after
{Heap after GC invocations=29 (full 0):
 garbage-first heap   total 103424K, used 54690K [0x0000000080000000, 0x0000000100000000)
  region size 1024K, 6 young (6144K), 6 survivors (6144K)
 Metaspace       used 72674K, committed 74432K, reserved 1114112K
  class space    used 10000K, committed 10880K, reserved 1048576K
}
Event: 19.930 GC heap before
{Heap before GC invocations=30 (full 0):
 garbage-first heap   total 103424K, used 100770K [0x0000000080000000, 0x0000000100000000)
  region size 1024K, 38 young (38912K), 6 survivors (6144K)
 Metaspace       used 74100K, committed 75904K, reserved 1179648K
  class space    used 10165K, committed 11072K, reserved 1048576K
}
Event: 19.950 GC heap after
{Heap after GC invocations=31 (full 0):
 garbage-first heap   total 115712K, used 75556K [0x0000000080000000, 0x0000000100000000)
  region size 1024K, 5 young (5120K), 5 survivors (5120K)
 Metaspace       used 74100K, committed 75904K, reserved 1179648K
  class space    used 10165K, committed 11072K, reserved 1048576K
}
Event: 21.026 GC heap before
{Heap before GC invocations=31 (full 0):
 garbage-first heap   total 115712K, used 100132K [0x0000000080000000, 0x0000000100000000)
  region size 1024K, 30 young (30720K), 5 survivors (5120K)
 Metaspace       used 76384K, committed 78272K, reserved 1179648K
  class space    used 10453K, committed 11392K, reserved 1048576K
}
Event: 21.039 GC heap after
{Heap after GC invocations=32 (full 0):
 garbage-first heap   total 115712K, used 76234K [0x0000000080000000, 0x0000000100000000)
  region size 1024K, 2 young (2048K), 2 survivors (2048K)
 Metaspace       used 76384K, committed 78272K, reserved 1179648K
  class space    used 10453K, committed 11392K, reserved 1048576K
}
Event: 21.804 GC heap before
{Heap before GC invocations=32 (full 0):
 garbage-first heap   total 115712K, used 101834K [0x0000000080000000, 0x0000000100000000)
  region size 1024K, 28 young (28672K), 2 survivors (2048K)
 Metaspace       used 79239K, committed 81152K, reserved 1179648K
  class space    used 10774K, committed 11712K, reserved 1048576K
}

