# JRE version: OpenJDK Runtime Environment (21.0.7) (build 21.0.7+-13880790-b1038.58)
# Java VM: OpenJDK 64-Bit Server VM (21.0.7+-13880790-b1038.58, mixed mode, tiered, compressed oops, compressed class ptrs, g1 gc, windows-amd64)
GC Precious Log:
 CardTable entry size: 512
 Card Set container configuration: InlinePtr #cards 5 size 8 Array Of Cards #cards 12 size 40 Howl #buckets 4 coarsen threshold 1843 Howl Bitmap #cards 512 size 80 coarsen threshold 460 Card regions per heap region 1 cards per card region 2048
 CPUs: 4 total, 4 available
 Memory: 7975M
 Large Page Support: Disabled
 NUMA Support: Disabled
 Compressed Oops: Enabled (32-bit)
 Heap Region Size: 1M
 Heap Min Capacity: 8M
 Heap Initial Capacity: 126M
 Heap Max Capacity: 1994M
 Pre-touch: Disabled
 Parallel Workers: 4
 Concurrent Workers: 1
 Concurrent Refinement Workers: 4
 Periodic GC: Disabled
Heap:
 garbage-first heap   total 71680K, used 52736K [0x0000000083600000, 0x0000000100000000)
  region size 1024K, 2 young (2048K), 2 survivors (2048K)
 Metaspace       used 52310K, committed 52544K, reserved 1114112K
  class space    used 6006K, committed 6080K, reserved 1048576K
GC Heap History (20 events):
Event: 2.498 GC heap after
{Heap after GC invocations=6 (full 0):
 garbage-first heap   total 37888K, used 17735K [0x0000000083600000, 0x0000000100000000)
  region size 1024K, 3 young (3072K), 3 survivors (3072K)
 Metaspace       used 25347K, committed 25600K, reserved 1114112K
  class space    used 2700K, committed 2816K, reserved 1048576K
}
Event: 2.682 GC heap before
{Heap before GC invocations=6 (full 0):
 garbage-first heap   total 37888K, used 25927K [0x0000000083600000, 0x0000000100000000)
  region size 1024K, 12 young (12288K), 3 survivors (3072K)
 Metaspace       used 27519K, committed 27776K, reserved 1114112K
  class space    used 2982K, committed 3136K, reserved 1048576K
}
Event: 2.689 GC heap after
{Heap after GC invocations=7 (full 0):
 garbage-first heap   total 37888K, used 20159K [0x0000000083600000, 0x0000000100000000)
  region size 1024K, 2 young (2048K), 2 survivors (2048K)
 Metaspace       used 27519K, committed 27776K, reserved 1114112K
  class space    used 2982K, committed 3136K, reserved 1048576K
}
Event: 2.808 GC heap before
{Heap before GC invocations=7 (full 0):
 garbage-first heap   total 37888K, used 29375K [0x0000000083600000, 0x0000000100000000)
  region size 1024K, 11 young (11264K), 2 survivors (2048K)
 Metaspace       used 27916K, committed 28224K, reserved 1114112K
  class space    used 3008K, committed 3136K, reserved 1048576K
}
Event: 2.813 GC heap after
{Heap after GC invocations=8 (full 0):
 garbage-first heap   total 63488K, used 22312K [0x0000000083600000, 0x0000000100000000)
  region size 1024K, 2 young (2048K), 2 survivors (2048K)
 Metaspace       used 27916K, committed 28224K, reserved 1114112K
  class space    used 3008K, committed 3136K, reserved 1048576K
}
Event: 3.514 GC heap before
{Heap before GC invocations=9 (full 0):
 garbage-first heap   total 63488K, used 46888K [0x0000000083600000, 0x0000000100000000)
  region size 1024K, 27 young (27648K), 2 survivors (2048K)
 Metaspace       used 35091K, committed 35328K, reserved 1114112K
  class space    used 4298K, committed 4416K, reserved 1048576K
}
Event: 3.520 GC heap after
{Heap after GC invocations=10 (full 0):
 garbage-first heap   total 63488K, used 24360K [0x0000000083600000, 0x0000000100000000)
  region size 1024K, 4 young (4096K), 4 survivors (4096K)
 Metaspace       used 35091K, committed 35328K, reserved 1114112K
  class space    used 4298K, committed 4416K, reserved 1048576K
}
Event: 3.972 GC heap before
{Heap before GC invocations=10 (full 0):
 garbage-first heap   total 63488K, used 48936K [0x0000000083600000, 0x0000000100000000)
  region size 1024K, 29 young (29696K), 4 survivors (4096K)
 Metaspace       used 41796K, committed 42048K, reserved 1114112K
  class space    used 4960K, committed 5056K, reserved 1048576K
}
Event: 3.980 GC heap after
{Heap after GC invocations=11 (full 0):
 garbage-first heap   total 63488K, used 25025K [0x0000000083600000, 0x0000000100000000)
  region size 1024K, 2 young (2048K), 2 survivors (2048K)
 Metaspace       used 41796K, committed 42048K, reserved 1114112K
  class space    used 4960K, committed 5056K, reserved 1048576K
}
Event: 4.769 GC heap before
{Heap before GC invocations=11 (full 0):
 garbage-first heap   total 63488K, used 48577K [0x0000000083600000, 0x0000000100000000)
  region size 1024K, 26 young (26624K), 2 survivors (2048K)
 Metaspace       used 46808K, committed 47040K, reserved 1114112K
  class space    used 5456K, committed 5568K, reserved 1048576K
}
Event: 4.780 GC heap after
{Heap after GC invocations=12 (full 0):
 garbage-first heap   total 63488K, used 27749K [0x0000000083600000, 0x0000000100000000)
  region size 1024K, 4 young (4096K), 4 survivors (4096K)
 Metaspace       used 46808K, committed 47040K, reserved 1114112K
  class space    used 5456K, committed 5568K, reserved 1048576K
}
Event: 5.311 GC heap before
{Heap before GC invocations=13 (full 0):
 garbage-first heap   total 63488K, used 52325K [0x0000000083600000, 0x0000000100000000)
  region size 1024K, 28 young (28672K), 4 survivors (4096K)
 Metaspace       used 49438K, committed 49728K, reserved 1114112K
  class space    used 5714K, committed 5824K, reserved 1048576K
}
Event: 5.322 GC heap after
{Heap after GC invocations=14 (full 0):
 garbage-first heap   total 63488K, used 33597K [0x0000000083600000, 0x0000000100000000)
  region size 1024K, 4 young (4096K), 4 survivors (4096K)
 Metaspace       used 49438K, committed 49728K, reserved 1114112K
  class space    used 5714K, committed 5824K, reserved 1048576K
}
Event: 5.464 GC heap before
{Heap before GC invocations=14 (full 0):
 garbage-first heap   total 63488K, used 51005K [0x0000000083600000, 0x0000000100000000)
  region size 1024K, 22 young (22528K), 4 survivors (4096K)
 Metaspace       used 49776K, committed 49984K, reserved 1114112K
  class space    used 5729K, committed 5824K, reserved 1048576K
}
Event: 5.479 GC heap after
{Heap after GC invocations=15 (full 0):
 garbage-first heap   total 63488K, used 38912K [0x0000000083600000, 0x0000000100000000)
  region size 1024K, 3 young (3072K), 3 survivors (3072K)
 Metaspace       used 49776K, committed 49984K, reserved 1114112K
  class space    used 5729K, committed 5824K, reserved 1048576K
}
Event: 5.795 GC heap before
{Heap before GC invocations=15 (full 0):
 garbage-first heap   total 63488K, used 53248K [0x0000000083600000, 0x0000000100000000)
  region size 1024K, 17 young (17408K), 3 survivors (3072K)
 Metaspace       used 51423K, committed 51648K, reserved 1114112K
  class space    used 5925K, committed 6016K, reserved 1048576K
}
Event: 5.803 GC heap after
{Heap after GC invocations=16 (full 0):
 garbage-first heap   total 63488K, used 42496K [0x0000000083600000, 0x0000000100000000)
  region size 1024K, 3 young (3072K), 3 survivors (3072K)
 Metaspace       used 51423K, committed 51648K, reserved 1114112K
  class space    used 5925K, committed 6016K, reserved 1048576K
}
Event: 5.939 GC heap before
{Heap before GC invocations=17 (full 0):
 garbage-first heap   total 71680K, used 55808K [0x0000000083600000, 0x0000000100000000)
  region size 1024K, 15 young (15360K), 3 survivors (3072K)
 Metaspace       used 52287K, committed 52480K, reserved 1114112K
  class space    used 6006K, committed 6080K, reserved 1048576K
}
Event: 5.947 GC heap after
{Heap after GC invocations=18 (full 0):
 garbage-first heap   total 71680K, used 47104K [0x0000000083600000, 0x0000000100000000)
  region size 1024K, 2 young (2048K), 2 survivors (2048K)
 Metaspace       used 52287K, committed 52480K, reserved 1114112K
  class space    used 6006K, committed 6080K, reserved 1048576K
}
Event: 6.018 GC heap before
{Heap before GC invocations=18 (full 0):
 garbage-first heap   total 71680K, used 61440K [0x0000000083600000, 0x0000000100000000)
  region size 1024K, 16 young (16384K), 2 survivors (2048K)
 Metaspace       used 52310K, committed 52544K, reserved 1114112K
  class space    used 6006K, committed 6080K, reserved 1048576K
}

