# JRE version: OpenJDK Runtime Environment (21.0.7) (build 21.0.7+-13880790-b1038.58)
# Java VM: OpenJDK 64-Bit Server VM (21.0.7+-13880790-b1038.58, mixed mode, tiered, compressed oops, compressed class ptrs, g1 gc, windows-amd64)
GC Precious Log:
 CardTable entry size: 512
 Card Set container configuration: InlinePtr #cards 5 size 8 Array Of Cards #cards 12 size 40 Howl #buckets 4 coarsen threshold 1843 Howl Bitmap #cards 512 size 80 coarsen threshold 460 Card regions per heap region 1 cards per card region 2048
 CPUs: 4 total, 4 available
 Memory: 7975M
 Large Page Support: Disabled
 NUMA Support: Disabled
 Compressed Oops: Enabled (32-bit)
 Heap Region Size: 1M
 Heap Min Capacity: 8M
 Heap Initial Capacity: 126M
 Heap Max Capacity: 2G
 Pre-touch: Disabled
 Parallel Workers: 4
 Concurrent Workers: 1
 Concurrent Refinement Workers: 4
 Periodic GC: Disabled
Heap:
 garbage-first heap   total 531456K, used 446976K [0x0000000080000000, 0x0000000100000000)
  region size 1024K, 93 young (95232K), 8 survivors (8192K)
 Metaspace       used 128321K, committed 130624K, reserved 1179648K
  class space    used 17721K, committed 18880K, reserved 1048576K
GC Heap History (20 events):
Event: 35.049 GC heap before
{Heap before GC invocations=65 (full 0):
 garbage-first heap   total 316416K, used 257024K [0x0000000080000000, 0x0000000100000000)
  region size 1024K, 71 young (72704K), 5 survivors (5120K)
 Metaspace       used 122198K, committed 124480K, reserved 1179648K
  class space    used 16873K, committed 17984K, reserved 1048576K
}
Event: 35.058 GC heap after
{Heap after GC invocations=66 (full 0):
 garbage-first heap   total 316416K, used 208384K [0x0000000080000000, 0x0000000100000000)
  region size 1024K, 9 young (9216K), 9 survivors (9216K)
 Metaspace       used 122198K, committed 124480K, reserved 1179648K
  class space    used 16873K, committed 17984K, reserved 1048576K
}
Event: 35.402 GC heap before
{Heap before GC invocations=67 (full 0):
 garbage-first heap   total 316416K, used 274944K [0x0000000080000000, 0x0000000100000000)
  region size 1024K, 74 young (75776K), 9 survivors (9216K)
 Metaspace       used 123315K, committed 125632K, reserved 1179648K
  class space    used 17026K, committed 18176K, reserved 1048576K
}
Event: 35.411 GC heap after
{Heap after GC invocations=68 (full 0):
 garbage-first heap   total 316416K, used 226304K [0x0000000080000000, 0x0000000100000000)
  region size 1024K, 10 young (10240K), 10 survivors (10240K)
 Metaspace       used 123315K, committed 125632K, reserved 1179648K
  class space    used 17026K, committed 18176K, reserved 1048576K
}
Event: 36.106 GC heap before
{Heap before GC invocations=68 (full 0):
 garbage-first heap   total 316416K, used 281600K [0x0000000080000000, 0x0000000100000000)
  region size 1024K, 64 young (65536K), 10 survivors (10240K)
 Metaspace       used 126030K, committed 128256K, reserved 1179648K
  class space    used 17383K, committed 18496K, reserved 1048576K
}
Event: 36.120 GC heap after
{Heap after GC invocations=69 (full 0):
 garbage-first heap   total 316416K, used 233472K [0x0000000080000000, 0x0000000100000000)
  region size 1024K, 8 young (8192K), 8 survivors (8192K)
 Metaspace       used 126030K, committed 128256K, reserved 1179648K
  class space    used 17383K, committed 18496K, reserved 1048576K
}
Event: 36.291 GC heap before
{Heap before GC invocations=69 (full 0):
 garbage-first heap   total 316416K, used 285696K [0x0000000080000000, 0x0000000100000000)
  region size 1024K, 59 young (60416K), 8 survivors (8192K)
 Metaspace       used 126030K, committed 128256K, reserved 1179648K
  class space    used 17383K, committed 18496K, reserved 1048576K
}
Event: 36.313 GC heap after
{Heap after GC invocations=70 (full 0):
 garbage-first heap   total 316416K, used 246784K [0x0000000080000000, 0x0000000100000000)
  region size 1024K, 8 young (8192K), 8 survivors (8192K)
 Metaspace       used 126030K, committed 128256K, reserved 1179648K
  class space    used 17383K, committed 18496K, reserved 1048576K
}
Event: 37.037 GC heap before
{Heap before GC invocations=71 (full 0):
 garbage-first heap   total 411648K, used 286720K [0x0000000080000000, 0x0000000100000000)
  region size 1024K, 47 young (48128K), 8 survivors (8192K)
 Metaspace       used 126032K, committed 128256K, reserved 1179648K
  class space    used 17383K, committed 18496K, reserved 1048576K
}
Event: 37.057 GC heap after
{Heap after GC invocations=72 (full 0):
 garbage-first heap   total 411648K, used 257024K [0x0000000080000000, 0x0000000100000000)
  region size 1024K, 6 young (6144K), 6 survivors (6144K)
 Metaspace       used 126032K, committed 128256K, reserved 1179648K
  class space    used 17383K, committed 18496K, reserved 1048576K
}
Event: 37.564 GC heap before
{Heap before GC invocations=72 (full 0):
 garbage-first heap   total 411648K, used 353280K [0x0000000080000000, 0x0000000100000000)
  region size 1024K, 100 young (102400K), 6 survivors (6144K)
 Metaspace       used 126032K, committed 128256K, reserved 1179648K
  class space    used 17383K, committed 18496K, reserved 1048576K
}
Event: 37.611 GC heap after
{Heap after GC invocations=73 (full 0):
 garbage-first heap   total 411648K, used 278016K [0x0000000080000000, 0x0000000100000000)
  region size 1024K, 13 young (13312K), 13 survivors (13312K)
 Metaspace       used 126032K, committed 128256K, reserved 1179648K
  class space    used 17383K, committed 18496K, reserved 1048576K
}
Event: 39.607 GC heap before
{Heap before GC invocations=73 (full 0):
 garbage-first heap   total 411648K, used 359936K [0x0000000080000000, 0x0000000100000000)
  region size 1024K, 93 young (95232K), 13 survivors (13312K)
 Metaspace       used 128317K, committed 130624K, reserved 1179648K
  class space    used 17721K, committed 18880K, reserved 1048576K
}
Event: 39.649 GC heap after
{Heap after GC invocations=74 (full 0):
 garbage-first heap   total 531456K, used 293376K [0x0000000080000000, 0x0000000100000000)
  region size 1024K, 12 young (12288K), 12 survivors (12288K)
 Metaspace       used 128317K, committed 130624K, reserved 1179648K
  class space    used 17721K, committed 18880K, reserved 1048576K
}
Event: 41.102 GC heap before
{Heap before GC invocations=75 (full 0):
 garbage-first heap   total 531456K, used 432640K [0x0000000080000000, 0x0000000100000000)
  region size 1024K, 148 young (151552K), 12 survivors (12288K)
 Metaspace       used 128321K, committed 130624K, reserved 1179648K
  class space    used 17721K, committed 18880K, reserved 1048576K
}
Event: 41.157 GC heap after
{Heap after GC invocations=76 (full 0):
 garbage-first heap   total 531456K, used 326144K [0x0000000080000000, 0x0000000100000000)
  region size 1024K, 19 young (19456K), 19 survivors (19456K)
 Metaspace       used 128321K, committed 130624K, reserved 1179648K
  class space    used 17721K, committed 18880K, reserved 1048576K
}
Event: 41.469 GC heap before
{Heap before GC invocations=76 (full 0):
 garbage-first heap   total 531456K, used 448000K [0x0000000080000000, 0x0000000100000000)
  region size 1024K, 138 young (141312K), 19 survivors (19456K)
 Metaspace       used 128321K, committed 130624K, reserved 1179648K
  class space    used 17721K, committed 18880K, reserved 1048576K
}
Event: 41.531 GC heap after
{Heap after GC invocations=77 (full 0):
 garbage-first heap   total 531456K, used 351232K [0x0000000080000000, 0x0000000100000000)
  region size 1024K, 18 young (18432K), 18 survivors (18432K)
 Metaspace       used 128321K, committed 130624K, reserved 1179648K
  class space    used 17721K, committed 18880K, reserved 1048576K
}
Event: 41.620 GC heap before
{Heap before GC invocations=77 (full 0):
 garbage-first heap   total 531456K, used 384000K [0x0000000080000000, 0x0000000100000000)
  region size 1024K, 51 young (52224K), 18 survivors (18432K)
 Metaspace       used 128321K, committed 130624K, reserved 1179648K
  class space    used 17721K, committed 18880K, reserved 1048576K
}
Event: 41.655 GC heap after
{Heap after GC invocations=78 (full 0):
 garbage-first heap   total 531456K, used 359936K [0x0000000080000000, 0x0000000100000000)
  region size 1024K, 8 young (8192K), 8 survivors (8192K)
 Metaspace       used 128321K, committed 130624K, reserved 1179648K
  class space    used 17721K, committed 18880K, reserved 1048576K
}

