# JRE version: OpenJDK Runtime Environment (21.0.7) (build 21.0.7+-13880790-b1038.58)
# Java VM: OpenJDK 64-Bit Server VM (21.0.7+-13880790-b1038.58, mixed mode, tiered, compressed oops, compressed class ptrs, g1 gc, windows-amd64)
GC Precious Log:
 CardTable entry size: 512
 Card Set container configuration: InlinePtr #cards 5 size 8 Array Of Cards #cards 12 size 40 Howl #buckets 4 coarsen threshold 1843 Howl Bitmap #cards 512 size 80 coarsen threshold 460 Card regions per heap region 1 cards per card region 2048
 CPUs: 4 total, 4 available
 Memory: 7975M
 Large Page Support: Disabled
 NUMA Support: Disabled
 Compressed Oops: Enabled (32-bit)
 Heap Region Size: 1M
 Heap Min Capacity: 8M
 Heap Initial Capacity: 126M
 Heap Max Capacity: 2G
 Pre-touch: Disabled
 Parallel Workers: 4
 Concurrent Workers: 1
 Concurrent Refinement Workers: 4
 Periodic GC: Disabled
Heap:
 garbage-first heap   total 193536K, used 127652K [0x0000000080000000, 0x0000000100000000)
  region size 1024K, 5 young (5120K), 5 survivors (5120K)
 Metaspace       used 117024K, committed 119360K, reserved 1179648K
  class space    used 16271K, committed 17408K, reserved 1048576K
GC Heap History (20 events):
Event: 11.947 GC heap after
{Heap after GC invocations=39 (full 0):
 garbage-first heap   total 163840K, used 87716K [0x0000000080000000, 0x0000000100000000)
  region size 1024K, 4 young (4096K), 4 survivors (4096K)
 Metaspace       used 90171K, committed 92160K, reserved 1179648K
  class space    used 12266K, committed 13248K, reserved 1048576K
}
Event: 12.545 GC heap before
{Heap before GC invocations=39 (full 0):
 garbage-first heap   total 163840K, used 143012K [0x0000000080000000, 0x0000000100000000)
  region size 1024K, 55 young (56320K), 4 survivors (4096K)
 Metaspace       used 93969K, committed 95936K, reserved 1179648K
  class space    used 12811K, committed 13824K, reserved 1048576K
}
Event: 12.551 GC heap after
{Heap after GC invocations=40 (full 0):
 garbage-first heap   total 163840K, used 93541K [0x0000000080000000, 0x0000000100000000)
  region size 1024K, 6 young (6144K), 6 survivors (6144K)
 Metaspace       used 93969K, committed 95936K, reserved 1179648K
  class space    used 12811K, committed 13824K, reserved 1048576K
}
Event: 12.979 GC heap before
{Heap before GC invocations=40 (full 0):
 garbage-first heap   total 163840K, used 144741K [0x0000000080000000, 0x0000000100000000)
  region size 1024K, 56 young (57344K), 6 survivors (6144K)
 Metaspace       used 96087K, committed 98112K, reserved 1179648K
  class space    used 13091K, committed 14080K, reserved 1048576K
}
Event: 12.990 GC heap after
{Heap after GC invocations=41 (full 0):
 garbage-first heap   total 163840K, used 98040K [0x0000000080000000, 0x0000000100000000)
  region size 1024K, 7 young (7168K), 7 survivors (7168K)
 Metaspace       used 96087K, committed 98112K, reserved 1179648K
  class space    used 13091K, committed 14080K, reserved 1048576K
}
Event: 13.552 GC heap before
{Heap before GC invocations=42 (full 0):
 garbage-first heap   total 163840K, used 147192K [0x0000000080000000, 0x0000000100000000)
  region size 1024K, 55 young (56320K), 7 survivors (7168K)
 Metaspace       used 99772K, committed 101824K, reserved 1179648K
  class space    used 13679K, committed 14720K, reserved 1048576K
}
Event: 13.558 GC heap after
{Heap after GC invocations=43 (full 0):
 garbage-first heap   total 163840K, used 99680K [0x0000000080000000, 0x0000000100000000)
  region size 1024K, 2 young (2048K), 2 survivors (2048K)
 Metaspace       used 99772K, committed 101824K, reserved 1179648K
  class space    used 13679K, committed 14720K, reserved 1048576K
}
Event: 14.120 GC heap before
{Heap before GC invocations=43 (full 0):
 garbage-first heap   total 163840K, used 148832K [0x0000000080000000, 0x0000000100000000)
  region size 1024K, 50 young (51200K), 2 survivors (2048K)
 Metaspace       used 103702K, committed 105920K, reserved 1179648K
  class space    used 14330K, committed 15424K, reserved 1048576K
}
Event: 14.125 GC heap after
{Heap after GC invocations=44 (full 0):
 garbage-first heap   total 163840K, used 100153K [0x0000000080000000, 0x0000000100000000)
  region size 1024K, 4 young (4096K), 4 survivors (4096K)
 Metaspace       used 103702K, committed 105920K, reserved 1179648K
  class space    used 14330K, committed 15424K, reserved 1048576K
}
Event: 14.643 GC heap before
{Heap before GC invocations=44 (full 0):
 garbage-first heap   total 163840K, used 150329K [0x0000000080000000, 0x0000000100000000)
  region size 1024K, 53 young (54272K), 4 survivors (4096K)
 Metaspace       used 107413K, committed 109568K, reserved 1179648K
  class space    used 14869K, committed 15936K, reserved 1048576K
}
Event: 14.650 GC heap after
{Heap after GC invocations=45 (full 0):
 garbage-first heap   total 163840K, used 103028K [0x0000000080000000, 0x0000000100000000)
  region size 1024K, 7 young (7168K), 7 survivors (7168K)
 Metaspace       used 107413K, committed 109568K, reserved 1179648K
  class space    used 14869K, committed 15936K, reserved 1048576K
}
Event: 15.236 GC heap before
{Heap before GC invocations=46 (full 0):
 garbage-first heap   total 173056K, used 147060K [0x0000000080000000, 0x0000000100000000)
  region size 1024K, 50 young (51200K), 7 survivors (7168K)
 Metaspace       used 110504K, committed 112640K, reserved 1179648K
  class space    used 15406K, committed 16448K, reserved 1048576K
}
Event: 15.244 GC heap after
{Heap after GC invocations=47 (full 0):
 garbage-first heap   total 173056K, used 104925K [0x0000000080000000, 0x0000000100000000)
  region size 1024K, 5 young (5120K), 5 survivors (5120K)
 Metaspace       used 110504K, committed 112640K, reserved 1179648K
  class space    used 15406K, committed 16448K, reserved 1048576K
}
Event: 15.850 GC heap before
{Heap before GC invocations=47 (full 0):
 garbage-first heap   total 173056K, used 158173K [0x0000000080000000, 0x0000000100000000)
  region size 1024K, 57 young (58368K), 5 survivors (5120K)
 Metaspace       used 114521K, committed 116736K, reserved 1179648K
  class space    used 15923K, committed 17024K, reserved 1048576K
}
Event: 15.860 GC heap after
{Heap after GC invocations=48 (full 0):
 garbage-first heap   total 173056K, used 107523K [0x0000000080000000, 0x0000000100000000)
  region size 1024K, 6 young (6144K), 6 survivors (6144K)
 Metaspace       used 114521K, committed 116736K, reserved 1179648K
  class space    used 15923K, committed 17024K, reserved 1048576K
}
Event: 16.256 GC heap before
{Heap before GC invocations=48 (full 0):
 garbage-first heap   total 173056K, used 156675K [0x0000000080000000, 0x0000000100000000)
  region size 1024K, 54 young (55296K), 6 survivors (6144K)
 Metaspace       used 114780K, committed 116992K, reserved 1179648K
  class space    used 15946K, committed 17024K, reserved 1048576K
}
Event: 16.271 GC heap after
{Heap after GC invocations=49 (full 0):
 garbage-first heap   total 173056K, used 115695K [0x0000000080000000, 0x0000000100000000)
  region size 1024K, 7 young (7168K), 7 survivors (7168K)
 Metaspace       used 114780K, committed 116992K, reserved 1179648K
  class space    used 15946K, committed 17024K, reserved 1048576K
}
Event: 17.196 GC heap before
{Heap before GC invocations=50 (full 0):
 garbage-first heap   total 193536K, used 154607K [0x0000000080000000, 0x0000000100000000)
  region size 1024K, 46 young (47104K), 7 survivors (7168K)
 Metaspace       used 116919K, committed 119168K, reserved 1179648K
  class space    used 16264K, committed 17408K, reserved 1048576K
}
Event: 17.209 GC heap after
{Heap after GC invocations=51 (full 0):
 garbage-first heap   total 193536K, used 123684K [0x0000000080000000, 0x0000000100000000)
  region size 1024K, 6 young (6144K), 6 survivors (6144K)
 Metaspace       used 116919K, committed 119168K, reserved 1179648K
  class space    used 16264K, committed 17408K, reserved 1048576K
}
Event: 17.573 GC heap before
{Heap before GC invocations=51 (full 0):
 garbage-first heap   total 193536K, used 174884K [0x0000000080000000, 0x0000000100000000)
  region size 1024K, 57 young (58368K), 6 survivors (6144K)
 Metaspace       used 117024K, committed 119360K, reserved 1179648K
  class space    used 16271K, committed 17408K, reserved 1048576K
}

