# JRE version: OpenJDK Runtime Environment (21.0.7) (build 21.0.7+-13880790-b1038.58)
# Java VM: OpenJDK 64-Bit Server VM (21.0.7+-13880790-b1038.58, mixed mode, tiered, compressed oops, compressed class ptrs, g1 gc, windows-amd64)
GC Precious Log:
 CardTable entry size: 512
 Card Set container configuration: InlinePtr #cards 5 size 8 Array Of Cards #cards 12 size 40 Howl #buckets 4 coarsen threshold 1843 Howl Bitmap #cards 512 size 80 coarsen threshold 460 Card regions per heap region 1 cards per card region 2048
 CPUs: 4 total, 4 available
 Memory: 7975M
 Large Page Support: Disabled
 NUMA Support: Disabled
 Compressed Oops: Enabled (32-bit)
 Heap Region Size: 1M
 Heap Min Capacity: 8M
 Heap Initial Capacity: 126M
 Heap Max Capacity: 1994M
 Pre-touch: Disabled
 Parallel Workers: 4
 Concurrent Workers: 1
 Concurrent Refinement Workers: 4
 Periodic GC: Disabled
Heap:
 garbage-first heap   total 87040K, used 61928K [0x0000000083600000, 0x0000000100000000)
  region size 1024K, 6 young (6144K), 3 survivors (3072K)
 Metaspace       used 56320K, committed 56576K, reserved 1114112K
  class space    used 6503K, committed 6592K, reserved 1048576K
GC Heap History (20 events):
Event: 10.615 GC heap before
{Heap before GC invocations=15 (full 0):
 garbage-first heap   total 43008K, used 36692K [0x0000000083600000, 0x0000000100000000)
  region size 1024K, 12 young (12288K), 2 survivors (2048K)
 Metaspace       used 49596K, committed 49856K, reserved 1114112K
  class space    used 5796K, committed 5888K, reserved 1048576K
}
Event: 10.627 GC heap after
{Heap after GC invocations=16 (full 0):
 garbage-first heap   total 43008K, used 28592K [0x0000000083600000, 0x0000000100000000)
  region size 1024K, 2 young (2048K), 2 survivors (2048K)
 Metaspace       used 49596K, committed 49856K, reserved 1114112K
  class space    used 5796K, committed 5888K, reserved 1048576K
}
Event: 10.900 GC heap before
{Heap before GC invocations=16 (full 0):
 garbage-first heap   total 43008K, used 36784K [0x0000000083600000, 0x0000000100000000)
  region size 1024K, 10 young (10240K), 2 survivors (2048K)
 Metaspace       used 49846K, committed 50048K, reserved 1114112K
  class space    used 5807K, committed 5888K, reserved 1048576K
}
Event: 10.906 GC heap after
{Heap after GC invocations=17 (full 0):
 garbage-first heap   total 43008K, used 31330K [0x0000000083600000, 0x0000000100000000)
  region size 1024K, 2 young (2048K), 2 survivors (2048K)
 Metaspace       used 49846K, committed 50048K, reserved 1114112K
  class space    used 5807K, committed 5888K, reserved 1048576K
}
Event: 11.120 GC heap before
{Heap before GC invocations=18 (full 0):
 garbage-first heap   total 53248K, used 36450K [0x0000000083600000, 0x0000000100000000)
  region size 1024K, 7 young (7168K), 2 survivors (2048K)
 Metaspace       used 49881K, committed 50112K, reserved 1114112K
  class space    used 5807K, committed 5888K, reserved 1048576K
}
Event: 11.125 GC heap after
{Heap after GC invocations=19 (full 0):
 garbage-first heap   total 53248K, used 33558K [0x0000000083600000, 0x0000000100000000)
  region size 1024K, 1 young (1024K), 1 survivors (1024K)
 Metaspace       used 49881K, committed 50112K, reserved 1114112K
  class space    used 5807K, committed 5888K, reserved 1048576K
}
Event: 11.774 GC heap before
{Heap before GC invocations=19 (full 0):
 garbage-first heap   total 53248K, used 42774K [0x0000000083600000, 0x0000000100000000)
  region size 1024K, 11 young (11264K), 1 survivors (1024K)
 Metaspace       used 50960K, committed 51200K, reserved 1114112K
  class space    used 5946K, committed 6016K, reserved 1048576K
}
Event: 11.781 GC heap after
{Heap after GC invocations=20 (full 0):
 garbage-first heap   total 53248K, used 35840K [0x0000000083600000, 0x0000000100000000)
  region size 1024K, 2 young (2048K), 2 survivors (2048K)
 Metaspace       used 50960K, committed 51200K, reserved 1114112K
  class space    used 5946K, committed 6016K, reserved 1048576K
}
Event: 12.511 GC heap before
{Heap before GC invocations=20 (full 0):
 garbage-first heap   total 53248K, used 44032K [0x0000000083600000, 0x0000000100000000)
  region size 1024K, 11 young (11264K), 2 survivors (2048K)
 Metaspace       used 52428K, committed 52672K, reserved 1114112K
  class space    used 6091K, committed 6208K, reserved 1048576K
}
Event: 12.518 GC heap after
{Heap after GC invocations=21 (full 0):
 garbage-first heap   total 53248K, used 37578K [0x0000000083600000, 0x0000000100000000)
  region size 1024K, 2 young (2048K), 2 survivors (2048K)
 Metaspace       used 52428K, committed 52672K, reserved 1114112K
  class space    used 6091K, committed 6208K, reserved 1048576K
}
Event: 12.809 GC heap before
{Heap before GC invocations=22 (full 0):
 garbage-first heap   total 65536K, used 45770K [0x0000000083600000, 0x0000000100000000)
  region size 1024K, 10 young (10240K), 2 survivors (2048K)
 Metaspace       used 53311K, committed 53568K, reserved 1114112K
  class space    used 6184K, committed 6272K, reserved 1048576K
}
Event: 12.815 GC heap after
{Heap after GC invocations=23 (full 0):
 garbage-first heap   total 65536K, used 40494K [0x0000000083600000, 0x0000000100000000)
  region size 1024K, 2 young (2048K), 2 survivors (2048K)
 Metaspace       used 53311K, committed 53568K, reserved 1114112K
  class space    used 6184K, committed 6272K, reserved 1048576K
}
Event: 12.915 GC heap before
{Heap before GC invocations=23 (full 0):
 garbage-first heap   total 65536K, used 54830K [0x0000000083600000, 0x0000000100000000)
  region size 1024K, 17 young (17408K), 2 survivors (2048K)
 Metaspace       used 53311K, committed 53568K, reserved 1114112K
  class space    used 6184K, committed 6272K, reserved 1048576K
}
Event: 12.926 GC heap after
{Heap after GC invocations=24 (full 0):
 garbage-first heap   total 87040K, used 45328K [0x0000000083600000, 0x0000000100000000)
  region size 1024K, 3 young (3072K), 3 survivors (3072K)
 Metaspace       used 53311K, committed 53568K, reserved 1114112K
  class space    used 6184K, committed 6272K, reserved 1048576K
}
Event: 14.496 GC heap before
{Heap before GC invocations=24 (full 0):
 garbage-first heap   total 87040K, used 70928K [0x0000000083600000, 0x0000000100000000)
  region size 1024K, 28 young (28672K), 3 survivors (3072K)
 Metaspace       used 54314K, committed 54592K, reserved 1114112K
  class space    used 6308K, committed 6400K, reserved 1048576K
}
Event: 14.510 GC heap after
{Heap after GC invocations=25 (full 0):
 garbage-first heap   total 87040K, used 51649K [0x0000000083600000, 0x0000000100000000)
  region size 1024K, 4 young (4096K), 4 survivors (4096K)
 Metaspace       used 54314K, committed 54592K, reserved 1114112K
  class space    used 6308K, committed 6400K, reserved 1048576K
}
Event: 15.793 GC heap before
{Heap before GC invocations=25 (full 0):
 garbage-first heap   total 87040K, used 71105K [0x0000000083600000, 0x0000000100000000)
  region size 1024K, 24 young (24576K), 4 survivors (4096K)
 Metaspace       used 55690K, committed 55936K, reserved 1114112K
  class space    used 6473K, committed 6592K, reserved 1048576K
}
Event: 15.807 GC heap after
{Heap after GC invocations=26 (full 0):
 garbage-first heap   total 87040K, used 56263K [0x0000000083600000, 0x0000000100000000)
  region size 1024K, 3 young (3072K), 3 survivors (3072K)
 Metaspace       used 55690K, committed 55936K, reserved 1114112K
  class space    used 6473K, committed 6592K, reserved 1048576K
}
Event: 16.366 GC heap before
{Heap before GC invocations=26 (full 0):
 garbage-first heap   total 87040K, used 74695K [0x0000000083600000, 0x0000000100000000)
  region size 1024K, 21 young (21504K), 3 survivors (3072K)
 Metaspace       used 56223K, committed 56512K, reserved 1114112K
  class space    used 6503K, committed 6592K, reserved 1048576K
}
Event: 16.381 GC heap after
{Heap after GC invocations=27 (full 0):
 garbage-first heap   total 87040K, used 59880K [0x0000000083600000, 0x0000000100000000)
  region size 1024K, 3 young (3072K), 3 survivors (3072K)
 Metaspace       used 56223K, committed 56512K, reserved 1114112K
  class space    used 6503K, committed 6592K, reserved 1048576K
}

