# JRE version: OpenJDK Runtime Environment (21.0.7) (build 21.0.7+-13880790-b1038.58)
# Java VM: OpenJDK 64-Bit Server VM (21.0.7+-13880790-b1038.58, mixed mode, tiered, compressed oops, compressed class ptrs, g1 gc, windows-amd64)
GC Precious Log:
 CardTable entry size: 512
 Card Set container configuration: InlinePtr #cards 5 size 8 Array Of Cards #cards 12 size 40 Howl #buckets 4 coarsen threshold 1843 Howl Bitmap #cards 512 size 80 coarsen threshold 460 Card regions per heap region 1 cards per card region 2048
 CPUs: 4 total, 4 available
 Memory: 7975M
 Large Page Support: Disabled
 NUMA Support: Disabled
 Compressed Oops: Enabled (32-bit)
 Heap Region Size: 1M
 Heap Min Capacity: 8M
 Heap Initial Capacity: 126M
 Heap Max Capacity: 2G
 Pre-touch: Disabled
 Parallel Workers: 4
 Concurrent Workers: 1
 Concurrent Refinement Workers: 4
 Periodic GC: Disabled
Heap:
 garbage-first heap   total 416768K, used 295424K [0x0000000080000000, 0x0000000100000000)
  region size 1024K, 53 young (54272K), 12 survivors (12288K)
 Metaspace       used 188394K, committed 191360K, reserved 1245184K
  class space    used 25351K, committed 26816K, reserved 1048576K
GC Heap History (20 events):
Event: 99.107 GC heap before
{Heap before GC invocations=62 (full 0):
 garbage-first heap   total 258048K, used 211350K [0x0000000080000000, 0x0000000100000000)
  region size 1024K, 67 young (68608K), 10 survivors (10240K)
 Metaspace       used 135250K, committed 137600K, reserved 1179648K
  class space    used 18532K, committed 19712K, reserved 1048576K
}
Event: 99.138 GC heap after
{Heap after GC invocations=63 (full 0):
 garbage-first heap   total 258048K, used 163800K [0x0000000080000000, 0x0000000100000000)
  region size 1024K, 9 young (9216K), 9 survivors (9216K)
 Metaspace       used 135250K, committed 137600K, reserved 1179648K
  class space    used 18532K, committed 19712K, reserved 1048576K
}
Event: 620.113 GC heap before
{Heap before GC invocations=63 (full 0):
 garbage-first heap   total 258048K, used 256984K [0x0000000080000000, 0x0000000100000000)
  region size 1024K, 71 young (72704K), 9 survivors (9216K)
 Metaspace       used 136827K, committed 139264K, reserved 1179648K
  class space    used 18777K, committed 19968K, reserved 1048576K
}
Event: 620.239 GC heap after
{Heap after GC invocations=64 (full 0):
 garbage-first heap   total 279552K, used 201008K [0x0000000080000000, 0x0000000100000000)
  region size 1024K, 9 young (9216K), 9 survivors (9216K)
 Metaspace       used 136827K, committed 139264K, reserved 1179648K
  class space    used 18777K, committed 19968K, reserved 1048576K
}
Event: 620.502 GC heap before
{Heap before GC invocations=64 (full 0):
 garbage-first heap   total 279552K, used 207152K [0x0000000080000000, 0x0000000100000000)
  region size 1024K, 17 young (17408K), 9 survivors (9216K)
 Metaspace       used 136835K, committed 139264K, reserved 1179648K
  class space    used 18779K, committed 19968K, reserved 1048576K
}
Event: 620.531 GC heap after
{Heap after GC invocations=65 (full 0):
 garbage-first heap   total 279552K, used 202539K [0x0000000080000000, 0x0000000100000000)
  region size 1024K, 3 young (3072K), 3 survivors (3072K)
 Metaspace       used 136835K, committed 139264K, reserved 1179648K
  class space    used 18779K, committed 19968K, reserved 1048576K
}
Event: 623.515 GC heap before
{Heap before GC invocations=66 (full 0):
 garbage-first heap   total 363520K, used 270123K [0x0000000080000000, 0x0000000100000000)
  region size 1024K, 55 young (56320K), 3 survivors (3072K)
 Metaspace       used 137850K, committed 140352K, reserved 1179648K
  class space    used 18915K, committed 20160K, reserved 1048576K
}
Event: 623.526 GC heap after
{Heap after GC invocations=67 (full 0):
 garbage-first heap   total 363520K, used 221686K [0x0000000080000000, 0x0000000100000000)
  region size 1024K, 7 young (7168K), 7 survivors (7168K)
 Metaspace       used 137850K, committed 140352K, reserved 1179648K
  class space    used 18915K, committed 20160K, reserved 1048576K
}
Event: 626.512 GC heap before
{Heap before GC invocations=67 (full 0):
 garbage-first heap   total 363520K, used 319990K [0x0000000080000000, 0x0000000100000000)
  region size 1024K, 103 young (105472K), 7 survivors (7168K)
 Metaspace       used 151925K, committed 154560K, reserved 1245184K
  class space    used 21120K, committed 22400K, reserved 1048576K
}
Event: 626.543 GC heap after
{Heap after GC invocations=68 (full 0):
 garbage-first heap   total 363520K, used 215040K [0x0000000080000000, 0x0000000100000000)
  region size 1024K, 8 young (8192K), 8 survivors (8192K)
 Metaspace       used 151925K, committed 154560K, reserved 1245184K
  class space    used 21120K, committed 22400K, reserved 1048576K
}
Event: 626.955 GC heap before
{Heap before GC invocations=68 (full 0):
 garbage-first heap   total 363520K, used 225280K [0x0000000080000000, 0x0000000100000000)
  region size 1024K, 19 young (19456K), 8 survivors (8192K)
 Metaspace       used 153345K, committed 155968K, reserved 1245184K
  class space    used 21300K, committed 22592K, reserved 1048576K
}
Event: 626.965 GC heap after
{Heap after GC invocations=69 (full 0):
 garbage-first heap   total 363520K, used 214983K [0x0000000080000000, 0x0000000100000000)
  region size 1024K, 8 young (8192K), 8 survivors (8192K)
 Metaspace       used 153345K, committed 155968K, reserved 1245184K
  class space    used 21300K, committed 22592K, reserved 1048576K
}
Event: 629.346 GC heap before
{Heap before GC invocations=70 (full 0):
 garbage-first heap   total 368640K, used 344007K [0x0000000080000000, 0x0000000100000000)
  region size 1024K, 127 young (130048K), 8 survivors (8192K)
 Metaspace       used 157009K, committed 159552K, reserved 1245184K
  class space    used 21718K, committed 22976K, reserved 1048576K
}
Event: 629.424 GC heap after
{Heap after GC invocations=71 (full 0):
 garbage-first heap   total 382976K, used 244954K [0x0000000080000000, 0x0000000100000000)
  region size 1024K, 16 young (16384K), 16 survivors (16384K)
 Metaspace       used 157009K, committed 159552K, reserved 1245184K
  class space    used 21718K, committed 22976K, reserved 1048576K
}
Event: 631.743 GC heap before
{Heap before GC invocations=71 (full 0):
 garbage-first heap   total 382976K, used 349402K [0x0000000080000000, 0x0000000100000000)
  region size 1024K, 111 young (113664K), 16 survivors (16384K)
 Metaspace       used 167947K, committed 170816K, reserved 1245184K
  class space    used 22946K, committed 24384K, reserved 1048576K
}
Event: 631.777 GC heap after
{Heap after GC invocations=72 (full 0):
 garbage-first heap   total 382976K, used 245248K [0x0000000080000000, 0x0000000100000000)
  region size 1024K, 7 young (7168K), 7 survivors (7168K)
 Metaspace       used 167947K, committed 170816K, reserved 1245184K
  class space    used 22946K, committed 24384K, reserved 1048576K
}
Event: 633.045 GC heap before
{Heap before GC invocations=72 (full 0):
 garbage-first heap   total 382976K, used 305664K [0x0000000080000000, 0x0000000100000000)
  region size 1024K, 67 young (68608K), 7 survivors (7168K)
 Metaspace       used 175632K, committed 178560K, reserved 1245184K
  class space    used 23898K, committed 25344K, reserved 1048576K
}
Event: 633.057 GC heap after
{Heap after GC invocations=73 (full 0):
 garbage-first heap   total 382976K, used 249240K [0x0000000080000000, 0x0000000100000000)
  region size 1024K, 11 young (11264K), 11 survivors (11264K)
 Metaspace       used 175632K, committed 178560K, reserved 1245184K
  class space    used 23898K, committed 25344K, reserved 1048576K
}
Event: 636.421 GC heap before
{Heap before GC invocations=74 (full 0):
 garbage-first heap   total 416768K, used 349592K [0x0000000080000000, 0x0000000100000000)
  region size 1024K, 109 young (111616K), 11 survivors (11264K)
 Metaspace       used 182266K, committed 185216K, reserved 1245184K
  class space    used 24649K, committed 26112K, reserved 1048576K
}
Event: 636.446 GC heap after
{Heap after GC invocations=75 (full 0):
 garbage-first heap   total 416768K, used 255488K [0x0000000080000000, 0x0000000100000000)
  region size 1024K, 12 young (12288K), 12 survivors (12288K)
 Metaspace       used 182266K, committed 185216K, reserved 1245184K
  class space    used 24649K, committed 26112K, reserved 1048576K
}

