# JRE version: OpenJDK Runtime Environment (21.0.7) (build 21.0.7+-13880790-b1038.58)
# Java VM: OpenJDK 64-Bit Server VM (21.0.7+-13880790-b1038.58, mixed mode, tiered, compressed oops, compressed class ptrs, g1 gc, windows-amd64)
GC Precious Log:
 CardTable entry size: 512
 Card Set container configuration: InlinePtr #cards 5 size 8 Array Of Cards #cards 12 size 40 Howl #buckets 4 coarsen threshold 1843 Howl Bitmap #cards 512 size 80 coarsen threshold 460 Card regions per heap region 1 cards per card region 2048
 CPUs: 4 total, 4 available
 Memory: 7975M
 Large Page Support: Disabled
 NUMA Support: Disabled
 Compressed Oops: Enabled (32-bit)
 Heap Region Size: 1M
 Heap Min Capacity: 8M
 Heap Initial Capacity: 126M
 Heap Max Capacity: 2G
 Pre-touch: Disabled
 Parallel Workers: 4
 Concurrent Workers: 1
 Concurrent Refinement Workers: 4
 Periodic GC: Disabled
Heap:
 garbage-first heap   total 391168K, used 258995K [0x0000000080000000, 0x0000000100000000)
  region size 1024K, 30 young (30720K), 9 survivors (9216K)
 Metaspace       used 170828K, committed 173568K, reserved 1245184K
  class space    used 23409K, committed 24768K, reserved 1048576K
GC Heap History (20 events):
Event: 239.041 GC heap before
{Heap before GC invocations=61 (full 0):
 garbage-first heap   total 280576K, used 207270K [0x0000000080000000, 0x0000000100000000)
  region size 1024K, 42 young (43008K), 3 survivors (3072K)
 Metaspace       used 123327K, committed 125760K, reserved 1179648K
  class space    used 17290K, committed 18496K, reserved 1048576K
}
Event: 239.047 GC heap after
{Heap after GC invocations=62 (full 0):
 garbage-first heap   total 280576K, used 167682K [0x0000000080000000, 0x0000000100000000)
  region size 1024K, 3 young (3072K), 3 survivors (3072K)
 Metaspace       used 123327K, committed 125760K, reserved 1179648K
  class space    used 17290K, committed 18496K, reserved 1048576K
}
Event: 242.639 GC heap before
{Heap before GC invocations=62 (full 0):
 garbage-first heap   total 280576K, used 263938K [0x0000000080000000, 0x0000000100000000)
  region size 1024K, 90 young (92160K), 3 survivors (3072K)
 Metaspace       used 126182K, committed 128512K, reserved 1179648K
  class space    used 17650K, committed 18816K, reserved 1048576K
}
Event: 242.661 GC heap after
{Heap after GC invocations=63 (full 0):
 garbage-first heap   total 280576K, used 178862K [0x0000000080000000, 0x0000000100000000)
  region size 1024K, 9 young (9216K), 9 survivors (9216K)
 Metaspace       used 126182K, committed 128512K, reserved 1179648K
  class space    used 17650K, committed 18816K, reserved 1048576K
}
Event: 249.021 GC heap before
{Heap before GC invocations=63 (full 0):
 garbage-first heap   total 280576K, used 237230K [0x0000000080000000, 0x0000000100000000)
  region size 1024K, 67 young (68608K), 9 survivors (9216K)
 Metaspace       used 126704K, committed 129088K, reserved 1179648K
  class space    used 17701K, committed 18880K, reserved 1048576K
}
Event: 249.035 GC heap after
{Heap after GC invocations=64 (full 0):
 garbage-first heap   total 280576K, used 179809K [0x0000000080000000, 0x0000000100000000)
  region size 1024K, 2 young (2048K), 2 survivors (2048K)
 Metaspace       used 126704K, committed 129088K, reserved 1179648K
  class space    used 17701K, committed 18880K, reserved 1048576K
}
Event: 251.634 GC heap before
{Heap before GC invocations=65 (full 0):
 garbage-first heap   total 312320K, used 267873K [0x0000000080000000, 0x0000000100000000)
  region size 1024K, 82 young (83968K), 2 survivors (2048K)
 Metaspace       used 131755K, committed 134208K, reserved 1179648K
  class space    used 18760K, committed 19968K, reserved 1048576K
}
Event: 251.643 GC heap after
{Heap after GC invocations=66 (full 0):
 garbage-first heap   total 312320K, used 192102K [0x0000000080000000, 0x0000000100000000)
  region size 1024K, 7 young (7168K), 7 survivors (7168K)
 Metaspace       used 131755K, committed 134208K, reserved 1179648K
  class space    used 18760K, committed 19968K, reserved 1048576K
}
Event: 254.323 GC heap before
{Heap before GC invocations=66 (full 0):
 garbage-first heap   total 312320K, used 295526K [0x0000000080000000, 0x0000000100000000)
  region size 1024K, 101 young (103424K), 7 survivors (7168K)
 Metaspace       used 143551K, committed 146048K, reserved 1179648K
  class space    used 20219K, committed 21440K, reserved 1048576K
}
Event: 254.337 GC heap after
{Heap after GC invocations=67 (full 0):
 garbage-first heap   total 312320K, used 200791K [0x0000000080000000, 0x0000000100000000)
  region size 1024K, 13 young (13312K), 13 survivors (13312K)
 Metaspace       used 143551K, committed 146048K, reserved 1179648K
  class space    used 20219K, committed 21440K, reserved 1048576K
}
Event: 254.504 GC heap before
{Heap before GC invocations=67 (full 0):
 garbage-first heap   total 312320K, used 214103K [0x0000000080000000, 0x0000000100000000)
  region size 1024K, 27 young (27648K), 13 survivors (13312K)
 Metaspace       used 143660K, committed 146176K, reserved 1179648K
  class space    used 20223K, committed 21440K, reserved 1048576K
}
Event: 254.526 GC heap after
{Heap after GC invocations=68 (full 0):
 garbage-first heap   total 312320K, used 206789K [0x0000000080000000, 0x0000000100000000)
  region size 1024K, 12 young (12288K), 12 survivors (12288K)
 Metaspace       used 143660K, committed 146176K, reserved 1179648K
  class space    used 20223K, committed 21440K, reserved 1048576K
}
Event: 256.539 GC heap before
{Heap before GC invocations=69 (full 0):
 garbage-first heap   total 347136K, used 281541K [0x0000000080000000, 0x0000000100000000)
  region size 1024K, 84 young (86016K), 12 survivors (12288K)
 Metaspace       used 144077K, committed 146496K, reserved 1179648K
  class space    used 20305K, committed 21504K, reserved 1048576K
}
Event: 256.576 GC heap after
{Heap after GC invocations=70 (full 0):
 garbage-first heap   total 347136K, used 219632K [0x0000000080000000, 0x0000000100000000)
  region size 1024K, 11 young (11264K), 11 survivors (11264K)
 Metaspace       used 144077K, committed 146496K, reserved 1179648K
  class space    used 20305K, committed 21504K, reserved 1048576K
}
Event: 258.682 GC heap before
{Heap before GC invocations=70 (full 0):
 garbage-first heap   total 347136K, used 308720K [0x0000000080000000, 0x0000000100000000)
  region size 1024K, 91 young (93184K), 11 survivors (11264K)
 Metaspace       used 153781K, committed 156224K, reserved 1245184K
  class space    used 21264K, committed 22464K, reserved 1048576K
}
Event: 258.700 GC heap after
{Heap after GC invocations=71 (full 0):
 garbage-first heap   total 347136K, used 231424K [0x0000000080000000, 0x0000000100000000)
  region size 1024K, 7 young (7168K), 7 survivors (7168K)
 Metaspace       used 153781K, committed 156224K, reserved 1245184K
  class space    used 21264K, committed 22464K, reserved 1048576K
}
Event: 261.180 GC heap before
{Heap before GC invocations=71 (full 0):
 garbage-first heap   total 347136K, used 309248K [0x0000000080000000, 0x0000000100000000)
  region size 1024K, 83 young (84992K), 7 survivors (7168K)
 Metaspace       used 163645K, committed 166400K, reserved 1245184K
  class space    used 22536K, committed 23872K, reserved 1048576K
}
Event: 261.196 GC heap after
{Heap after GC invocations=72 (full 0):
 garbage-first heap   total 347136K, used 234693K [0x0000000080000000, 0x0000000100000000)
  region size 1024K, 4 young (4096K), 4 survivors (4096K)
 Metaspace       used 163645K, committed 166400K, reserved 1245184K
  class space    used 22536K, committed 23872K, reserved 1048576K
}
Event: 266.074 GC heap before
{Heap before GC invocations=73 (full 0):
 garbage-first heap   total 391168K, used 314565K [0x0000000080000000, 0x0000000100000000)
  region size 1024K, 82 young (83968K), 4 survivors (4096K)
 Metaspace       used 168226K, committed 171008K, reserved 1245184K
  class space    used 23093K, committed 24448K, reserved 1048576K
}
Event: 266.091 GC heap after
{Heap after GC invocations=74 (full 0):
 garbage-first heap   total 391168K, used 238515K [0x0000000080000000, 0x0000000100000000)
  region size 1024K, 9 young (9216K), 9 survivors (9216K)
 Metaspace       used 168226K, committed 171008K, reserved 1245184K
  class space    used 23093K, committed 24448K, reserved 1048576K
}

